

================================================================
== Vivado HLS Report for 'load'
================================================================
* Date:           Wed Mar 17 06:05:15 2021

* Version:        2020.1 (Build 2897737 on Wed May 27 20:21:37 MDT 2020)
* Project:        kernel_gemm_ping_pong.prj
* Solution:       solution1
* Product family: virtexuplus
* Target device:  xcu200-fsgd2104-2-e


================================================================
== Performance Estimates
================================================================
+ Timing: 
    * Summary: 
    +--------+---------+----------+------------+
    |  Clock |  Target | Estimated| Uncertainty|
    +--------+---------+----------+------------+
    |ap_clk  | 3.33 ns | 2.914 ns |   0.42 ns  |
    +--------+---------+----------+------------+

+ Latency: 
    * Summary: 
    +---------+---------+----------+----------+-----+-------+---------+
    |  Latency (cycles) |  Latency (absolute) |   Interval  | Pipeline|
    |   min   |   max   |    min   |    max   | min |  max  |   Type  |
    +---------+---------+----------+----------+-----+-------+---------+
    |        1|    32790| 3.330 ns | 0.109 ms |    1|  32790|   none  |
    +---------+---------+----------+----------+-----+-------+---------+

    + Detail: 
        * Instance: 
        N/A

        * Loop: 
        +-----------------+---------+---------+----------+-----------+-----------+-------+----------+
        |                 |  Latency (cycles) | Iteration|  Initiation Interval  |  Trip |          |
        |    Loop Name    |   min   |   max   |  Latency |  achieved |   target  | Count | Pipelined|
        +-----------------+---------+---------+----------+-----------+-----------+-------+----------+
        |- LOAD_A_LOOP_L  |    16393|    16393|        11|          1|          1|  16384|    yes   |
        |- LOAD_B_LOOP_L  |    16393|    16393|        11|          1|          1|  16384|    yes   |
        +-----------------+---------+---------+----------+-----------+-----------+-------+----------+



================================================================
== Utilization Estimates
================================================================
* Summary: 
+---------------------+---------+-------+---------+---------+-----+
|         Name        | BRAM_18K| DSP48E|    FF   |   LUT   | URAM|
+---------------------+---------+-------+---------+---------+-----+
|DSP                  |        -|      -|        -|        -|    -|
|Expression           |        -|      -|        0|      429|    -|
|FIFO                 |        -|      -|        -|        -|    -|
|Instance             |        -|      -|        -|        -|    -|
|Memory               |        -|      -|        -|        -|    -|
|Multiplexer          |        -|      -|        -|      174|    -|
|Register             |        0|      -|      750|      192|    -|
+---------------------+---------+-------+---------+---------+-----+
|Total                |        0|      0|      750|      795|    0|
+---------------------+---------+-------+---------+---------+-----+
|Available SLR        |     1440|   2280|   788160|   394080|  320|
+---------------------+---------+-------+---------+---------+-----+
|Utilization SLR (%)  |        0|      0|    ~0   |    ~0   |    0|
+---------------------+---------+-------+---------+---------+-----+
|Available            |     4320|   6840|  2364480|  1182240|  960|
+---------------------+---------+-------+---------+---------+-----+
|Utilization (%)      |        0|      0|    ~0   |    ~0   |    0|
+---------------------+---------+-------+---------+---------+-----+

+ Detail: 
    * Instance: 
    N/A

    * DSP48E: 
    N/A

    * Memory: 
    N/A

    * FIFO: 
    N/A

    * Expression: 
    +-----------------------------------+----------+-------+---+----+------------+------------+
    |           Variable Name           | Operation| DSP48E| FF| LUT| Bitwidth P0| Bitwidth P1|
    +-----------------------------------+----------+-------+---+----+------------+------------+
    |add_ln10_1_fu_2485_p2              |     +    |      0|  0|  30|          23|          23|
    |add_ln10_2_fu_2494_p2              |     +    |      0|  0|  38|          31|          31|
    |add_ln10_3_fu_2523_p2              |     +    |      0|  0|  23|          16|          16|
    |add_ln10_fu_2472_p2                |     +    |      0|  0|  19|          12|          12|
    |add_ln14_fu_2545_p2                |     +    |      0|  0|  22|          15|           1|
    |add_ln17_1_fu_2623_p2              |     +    |      0|  0|  30|          23|          23|
    |add_ln17_2_fu_2632_p2              |     +    |      0|  0|  38|          31|          31|
    |add_ln17_fu_2610_p2                |     +    |      0|  0|  19|          12|          12|
    |add_ln7_fu_2411_p2                 |     +    |      0|  0|  22|          15|           1|
    |ii_fu_2417_p2                      |     +    |      0|  0|  15|           1|           8|
    |jj_fu_2601_p2                      |     +    |      0|  0|  15|           8|           1|
    |kk_1_fu_2551_p2                    |     +    |      0|  0|  15|           1|           8|
    |kk_fu_2463_p2                      |     +    |      0|  0|  15|           8|           1|
    |ap_block_state11_pp0_stage0_iter9  |    and   |      0|  0|   2|           1|           1|
    |ap_block_state16_io                |    and   |      0|  0|   2|           1|           1|
    |ap_block_state4_io                 |    and   |      0|  0|   2|           1|           1|
    |empty_11_fu_2591_p2                |   icmp   |      0|  0|  13|          15|           1|
    |empty_6_fu_2457_p2                 |   icmp   |      0|  0|  13|          15|           1|
    |icmp_ln14_fu_2539_p2               |   icmp   |      0|  0|  13|          15|          16|
    |icmp_ln15_fu_2557_p2               |   icmp   |      0|  0|  13|           8|           9|
    |icmp_ln7_fu_2405_p2                |   icmp   |      0|  0|  13|          15|          16|
    |icmp_ln8_fu_2423_p2                |   icmp   |      0|  0|  13|           8|           9|
    |ap_block_pp0_stage0_11001          |    or    |      0|  0|   2|           1|           1|
    |ap_block_pp1_stage0_11001          |    or    |      0|  0|   2|           1|           1|
    |select_ln10_1_fu_2437_p3           |  select  |      0|  0|   8|           1|           8|
    |select_ln10_fu_2429_p3             |  select  |      0|  0|   8|           1|           1|
    |select_ln17_1_fu_2571_p3           |  select  |      0|  0|   8|           1|           8|
    |select_ln17_fu_2563_p3             |  select  |      0|  0|   8|           1|           1|
    |ap_enable_pp0                      |    xor   |      0|  0|   2|           1|           2|
    |ap_enable_pp1                      |    xor   |      0|  0|   2|           1|           2|
    |ap_enable_reg_pp0_iter1            |    xor   |      0|  0|   2|           2|           1|
    |ap_enable_reg_pp1_iter1            |    xor   |      0|  0|   2|           2|           1|
    +-----------------------------------+----------+-------+---+----+------------+------------+
    |Total                              |          |      0|  0| 429|         287|         249|
    +-----------------------------------+----------+-------+---+----+------------+------------+

    * Multiplexer: 
    +---------------------------------+----+-----------+-----+-----------+
    |               Name              | LUT| Input Size| Bits| Total Bits|
    +---------------------------------+----+-----------+-----+-----------+
    |A_blk_n_AR                       |   9|          2|    1|          2|
    |A_blk_n_R                        |   9|          2|    1|          2|
    |ap_NS_fsm                        |  33|          6|    1|          6|
    |ap_enable_reg_pp0_iter1          |   9|          2|    1|          2|
    |ap_enable_reg_pp0_iter10         |   9|          2|    1|          2|
    |ap_enable_reg_pp1_iter1          |   9|          2|    1|          2|
    |ap_enable_reg_pp1_iter10         |   9|          2|    1|          2|
    |ap_phi_mux_ii1_0_phi_fu_2346_p4  |   9|          2|    8|         16|
    |ap_phi_mux_kk3_0_phi_fu_2379_p4  |   9|          2|    8|         16|
    |ii1_0_reg_2342                   |   9|          2|    8|         16|
    |indvar_flatten141_reg_2364       |   9|          2|   15|         30|
    |indvar_flatten_reg_2331          |   9|          2|   15|         30|
    |jj4_0_reg_2386                   |   9|          2|    8|         16|
    |kk2_0_reg_2353                   |   9|          2|    8|         16|
    |kk3_0_reg_2375                   |   9|          2|    8|         16|
    |m_axi_A_ARADDR                   |  15|          3|   32|         96|
    +---------------------------------+----+-----------+-----+-----------+
    |Total                            | 174|         37|  117|        270|
    +---------------------------------+----+-----------+-----+-----------+

    * Register: 
    +--------------------------------------+----+----+-----+-----------+
    |                 Name                 | FF | LUT| Bits| Const Bits|
    +--------------------------------------+----+----+-----+-----------+
    |B_addr_1_read_reg_2913                |  32|   0|   32|          0|
    |B_addr_read_reg_2858                  |  32|   0|   32|          0|
    |add_ln10_2_reg_2842                   |  31|   0|   31|          0|
    |add_ln10_3_reg_2853                   |  16|   0|   16|          0|
    |add_ln17_2_reg_2902                   |  31|   0|   31|          0|
    |ap_CS_fsm                             |   5|   0|    5|          0|
    |ap_enable_reg_pp0_iter0               |   1|   0|    1|          0|
    |ap_enable_reg_pp0_iter1               |   1|   0|    1|          0|
    |ap_enable_reg_pp0_iter10              |   1|   0|    1|          0|
    |ap_enable_reg_pp0_iter2               |   1|   0|    1|          0|
    |ap_enable_reg_pp0_iter3               |   1|   0|    1|          0|
    |ap_enable_reg_pp0_iter4               |   1|   0|    1|          0|
    |ap_enable_reg_pp0_iter5               |   1|   0|    1|          0|
    |ap_enable_reg_pp0_iter6               |   1|   0|    1|          0|
    |ap_enable_reg_pp0_iter7               |   1|   0|    1|          0|
    |ap_enable_reg_pp0_iter8               |   1|   0|    1|          0|
    |ap_enable_reg_pp0_iter9               |   1|   0|    1|          0|
    |ap_enable_reg_pp1_iter0               |   1|   0|    1|          0|
    |ap_enable_reg_pp1_iter1               |   1|   0|    1|          0|
    |ap_enable_reg_pp1_iter10              |   1|   0|    1|          0|
    |ap_enable_reg_pp1_iter2               |   1|   0|    1|          0|
    |ap_enable_reg_pp1_iter3               |   1|   0|    1|          0|
    |ap_enable_reg_pp1_iter4               |   1|   0|    1|          0|
    |ap_enable_reg_pp1_iter5               |   1|   0|    1|          0|
    |ap_enable_reg_pp1_iter6               |   1|   0|    1|          0|
    |ap_enable_reg_pp1_iter7               |   1|   0|    1|          0|
    |ap_enable_reg_pp1_iter8               |   1|   0|    1|          0|
    |ap_enable_reg_pp1_iter9               |   1|   0|    1|          0|
    |empty_11_reg_2889                     |   1|   0|    1|          0|
    |empty_6_reg_2833                      |   1|   0|    1|          0|
    |icmp_ln14_reg_2873                    |   1|   0|    1|          0|
    |icmp_ln7_reg_2812                     |   1|   0|    1|          0|
    |ii1_0_reg_2342                        |   8|   0|    8|          0|
    |indvar_flatten141_reg_2364            |  15|   0|   15|          0|
    |indvar_flatten_reg_2331               |  15|   0|   15|          0|
    |jj4_0_reg_2386                        |   8|   0|    8|          0|
    |kk2_0_reg_2353                        |   8|   0|    8|          0|
    |kk3_0_reg_2375                        |   8|   0|    8|          0|
    |select_ln10_1_reg_2826                |   8|   0|    8|          0|
    |select_ln10_1_reg_2826_pp0_iter1_reg  |   8|   0|    8|          0|
    |select_ln10_reg_2821                  |   8|   0|    8|          0|
    |select_ln10_reg_2821_pp0_iter1_reg    |   8|   0|    8|          0|
    |select_ln17_1_reg_2882                |   8|   0|    8|          0|
    |trunc_ln17_reg_2893                   |   7|   0|    7|          0|
    |zext_ln10_reg_2802                    |  12|   0|   23|         11|
    |zext_ln14_reg_2868                    |  30|   0|   31|          1|
    |zext_ln17_reg_2863                    |  12|   0|   23|         11|
    |zext_ln7_reg_2807                     |  30|   0|   31|          1|
    |add_ln10_3_reg_2853                   |  64|  32|   16|          0|
    |empty_11_reg_2889                     |  64|  32|    1|          0|
    |empty_6_reg_2833                      |  64|  32|    1|          0|
    |icmp_ln7_reg_2812                     |  64|  32|    1|          0|
    |select_ln17_1_reg_2882                |  64|  32|    8|          0|
    |trunc_ln17_reg_2893                   |  64|  32|    7|          0|
    +--------------------------------------+----+----+-----+-----------+
    |Total                                 | 750| 192|  424|         24|
    +--------------------------------------+----+----+-----+-----------+



================================================================
== Interface
================================================================
* Summary: 
+----------------------+-----+-----+------------+--------------+--------------+
|       RTL Ports      | Dir | Bits|  Protocol  | Source Object|    C Type    |
+----------------------+-----+-----+------------+--------------+--------------+
|ap_clk                |  in |    1| ap_ctrl_hs |     load     | return value |
|ap_rst                |  in |    1| ap_ctrl_hs |     load     | return value |
|ap_start              |  in |    1| ap_ctrl_hs |     load     | return value |
|ap_done               | out |    1| ap_ctrl_hs |     load     | return value |
|ap_idle               | out |    1| ap_ctrl_hs |     load     | return value |
|ap_ready              | out |    1| ap_ctrl_hs |     load     | return value |
|flag                  |  in |    1|   ap_none  |     flag     |    scalar    |
|i                     |  in |   12|   ap_none  |       i      |    scalar    |
|j                     |  in |   12|   ap_none  |       j      |    scalar    |
|k                     |  in |   12|   ap_none  |       k      |    scalar    |
|local_A_address0      | out |   14|  ap_memory |    local_A   |     array    |
|local_A_ce0           | out |    1|  ap_memory |    local_A   |     array    |
|local_A_we0           | out |    1|  ap_memory |    local_A   |     array    |
|local_A_d0            | out |   32|  ap_memory |    local_A   |     array    |
|local_B_0_address0    | out |    7|  ap_memory |   local_B_0  |     array    |
|local_B_0_ce0         | out |    1|  ap_memory |   local_B_0  |     array    |
|local_B_0_we0         | out |    1|  ap_memory |   local_B_0  |     array    |
|local_B_0_d0          | out |   32|  ap_memory |   local_B_0  |     array    |
|local_B_1_address0    | out |    7|  ap_memory |   local_B_1  |     array    |
|local_B_1_ce0         | out |    1|  ap_memory |   local_B_1  |     array    |
|local_B_1_we0         | out |    1|  ap_memory |   local_B_1  |     array    |
|local_B_1_d0          | out |   32|  ap_memory |   local_B_1  |     array    |
|local_B_2_address0    | out |    7|  ap_memory |   local_B_2  |     array    |
|local_B_2_ce0         | out |    1|  ap_memory |   local_B_2  |     array    |
|local_B_2_we0         | out |    1|  ap_memory |   local_B_2  |     array    |
|local_B_2_d0          | out |   32|  ap_memory |   local_B_2  |     array    |
|local_B_3_address0    | out |    7|  ap_memory |   local_B_3  |     array    |
|local_B_3_ce0         | out |    1|  ap_memory |   local_B_3  |     array    |
|local_B_3_we0         | out |    1|  ap_memory |   local_B_3  |     array    |
|local_B_3_d0          | out |   32|  ap_memory |   local_B_3  |     array    |
|local_B_4_address0    | out |    7|  ap_memory |   local_B_4  |     array    |
|local_B_4_ce0         | out |    1|  ap_memory |   local_B_4  |     array    |
|local_B_4_we0         | out |    1|  ap_memory |   local_B_4  |     array    |
|local_B_4_d0          | out |   32|  ap_memory |   local_B_4  |     array    |
|local_B_5_address0    | out |    7|  ap_memory |   local_B_5  |     array    |
|local_B_5_ce0         | out |    1|  ap_memory |   local_B_5  |     array    |
|local_B_5_we0         | out |    1|  ap_memory |   local_B_5  |     array    |
|local_B_5_d0          | out |   32|  ap_memory |   local_B_5  |     array    |
|local_B_6_address0    | out |    7|  ap_memory |   local_B_6  |     array    |
|local_B_6_ce0         | out |    1|  ap_memory |   local_B_6  |     array    |
|local_B_6_we0         | out |    1|  ap_memory |   local_B_6  |     array    |
|local_B_6_d0          | out |   32|  ap_memory |   local_B_6  |     array    |
|local_B_7_address0    | out |    7|  ap_memory |   local_B_7  |     array    |
|local_B_7_ce0         | out |    1|  ap_memory |   local_B_7  |     array    |
|local_B_7_we0         | out |    1|  ap_memory |   local_B_7  |     array    |
|local_B_7_d0          | out |   32|  ap_memory |   local_B_7  |     array    |
|local_B_8_address0    | out |    7|  ap_memory |   local_B_8  |     array    |
|local_B_8_ce0         | out |    1|  ap_memory |   local_B_8  |     array    |
|local_B_8_we0         | out |    1|  ap_memory |   local_B_8  |     array    |
|local_B_8_d0          | out |   32|  ap_memory |   local_B_8  |     array    |
|local_B_9_address0    | out |    7|  ap_memory |   local_B_9  |     array    |
|local_B_9_ce0         | out |    1|  ap_memory |   local_B_9  |     array    |
|local_B_9_we0         | out |    1|  ap_memory |   local_B_9  |     array    |
|local_B_9_d0          | out |   32|  ap_memory |   local_B_9  |     array    |
|local_B_10_address0   | out |    7|  ap_memory |  local_B_10  |     array    |
|local_B_10_ce0        | out |    1|  ap_memory |  local_B_10  |     array    |
|local_B_10_we0        | out |    1|  ap_memory |  local_B_10  |     array    |
|local_B_10_d0         | out |   32|  ap_memory |  local_B_10  |     array    |
|local_B_11_address0   | out |    7|  ap_memory |  local_B_11  |     array    |
|local_B_11_ce0        | out |    1|  ap_memory |  local_B_11  |     array    |
|local_B_11_we0        | out |    1|  ap_memory |  local_B_11  |     array    |
|local_B_11_d0         | out |   32|  ap_memory |  local_B_11  |     array    |
|local_B_12_address0   | out |    7|  ap_memory |  local_B_12  |     array    |
|local_B_12_ce0        | out |    1|  ap_memory |  local_B_12  |     array    |
|local_B_12_we0        | out |    1|  ap_memory |  local_B_12  |     array    |
|local_B_12_d0         | out |   32|  ap_memory |  local_B_12  |     array    |
|local_B_13_address0   | out |    7|  ap_memory |  local_B_13  |     array    |
|local_B_13_ce0        | out |    1|  ap_memory |  local_B_13  |     array    |
|local_B_13_we0        | out |    1|  ap_memory |  local_B_13  |     array    |
|local_B_13_d0         | out |   32|  ap_memory |  local_B_13  |     array    |
|local_B_14_address0   | out |    7|  ap_memory |  local_B_14  |     array    |
|local_B_14_ce0        | out |    1|  ap_memory |  local_B_14  |     array    |
|local_B_14_we0        | out |    1|  ap_memory |  local_B_14  |     array    |
|local_B_14_d0         | out |   32|  ap_memory |  local_B_14  |     array    |
|local_B_15_address0   | out |    7|  ap_memory |  local_B_15  |     array    |
|local_B_15_ce0        | out |    1|  ap_memory |  local_B_15  |     array    |
|local_B_15_we0        | out |    1|  ap_memory |  local_B_15  |     array    |
|local_B_15_d0         | out |   32|  ap_memory |  local_B_15  |     array    |
|local_B_16_address0   | out |    7|  ap_memory |  local_B_16  |     array    |
|local_B_16_ce0        | out |    1|  ap_memory |  local_B_16  |     array    |
|local_B_16_we0        | out |    1|  ap_memory |  local_B_16  |     array    |
|local_B_16_d0         | out |   32|  ap_memory |  local_B_16  |     array    |
|local_B_17_address0   | out |    7|  ap_memory |  local_B_17  |     array    |
|local_B_17_ce0        | out |    1|  ap_memory |  local_B_17  |     array    |
|local_B_17_we0        | out |    1|  ap_memory |  local_B_17  |     array    |
|local_B_17_d0         | out |   32|  ap_memory |  local_B_17  |     array    |
|local_B_18_address0   | out |    7|  ap_memory |  local_B_18  |     array    |
|local_B_18_ce0        | out |    1|  ap_memory |  local_B_18  |     array    |
|local_B_18_we0        | out |    1|  ap_memory |  local_B_18  |     array    |
|local_B_18_d0         | out |   32|  ap_memory |  local_B_18  |     array    |
|local_B_19_address0   | out |    7|  ap_memory |  local_B_19  |     array    |
|local_B_19_ce0        | out |    1|  ap_memory |  local_B_19  |     array    |
|local_B_19_we0        | out |    1|  ap_memory |  local_B_19  |     array    |
|local_B_19_d0         | out |   32|  ap_memory |  local_B_19  |     array    |
|local_B_20_address0   | out |    7|  ap_memory |  local_B_20  |     array    |
|local_B_20_ce0        | out |    1|  ap_memory |  local_B_20  |     array    |
|local_B_20_we0        | out |    1|  ap_memory |  local_B_20  |     array    |
|local_B_20_d0         | out |   32|  ap_memory |  local_B_20  |     array    |
|local_B_21_address0   | out |    7|  ap_memory |  local_B_21  |     array    |
|local_B_21_ce0        | out |    1|  ap_memory |  local_B_21  |     array    |
|local_B_21_we0        | out |    1|  ap_memory |  local_B_21  |     array    |
|local_B_21_d0         | out |   32|  ap_memory |  local_B_21  |     array    |
|local_B_22_address0   | out |    7|  ap_memory |  local_B_22  |     array    |
|local_B_22_ce0        | out |    1|  ap_memory |  local_B_22  |     array    |
|local_B_22_we0        | out |    1|  ap_memory |  local_B_22  |     array    |
|local_B_22_d0         | out |   32|  ap_memory |  local_B_22  |     array    |
|local_B_23_address0   | out |    7|  ap_memory |  local_B_23  |     array    |
|local_B_23_ce0        | out |    1|  ap_memory |  local_B_23  |     array    |
|local_B_23_we0        | out |    1|  ap_memory |  local_B_23  |     array    |
|local_B_23_d0         | out |   32|  ap_memory |  local_B_23  |     array    |
|local_B_24_address0   | out |    7|  ap_memory |  local_B_24  |     array    |
|local_B_24_ce0        | out |    1|  ap_memory |  local_B_24  |     array    |
|local_B_24_we0        | out |    1|  ap_memory |  local_B_24  |     array    |
|local_B_24_d0         | out |   32|  ap_memory |  local_B_24  |     array    |
|local_B_25_address0   | out |    7|  ap_memory |  local_B_25  |     array    |
|local_B_25_ce0        | out |    1|  ap_memory |  local_B_25  |     array    |
|local_B_25_we0        | out |    1|  ap_memory |  local_B_25  |     array    |
|local_B_25_d0         | out |   32|  ap_memory |  local_B_25  |     array    |
|local_B_26_address0   | out |    7|  ap_memory |  local_B_26  |     array    |
|local_B_26_ce0        | out |    1|  ap_memory |  local_B_26  |     array    |
|local_B_26_we0        | out |    1|  ap_memory |  local_B_26  |     array    |
|local_B_26_d0         | out |   32|  ap_memory |  local_B_26  |     array    |
|local_B_27_address0   | out |    7|  ap_memory |  local_B_27  |     array    |
|local_B_27_ce0        | out |    1|  ap_memory |  local_B_27  |     array    |
|local_B_27_we0        | out |    1|  ap_memory |  local_B_27  |     array    |
|local_B_27_d0         | out |   32|  ap_memory |  local_B_27  |     array    |
|local_B_28_address0   | out |    7|  ap_memory |  local_B_28  |     array    |
|local_B_28_ce0        | out |    1|  ap_memory |  local_B_28  |     array    |
|local_B_28_we0        | out |    1|  ap_memory |  local_B_28  |     array    |
|local_B_28_d0         | out |   32|  ap_memory |  local_B_28  |     array    |
|local_B_29_address0   | out |    7|  ap_memory |  local_B_29  |     array    |
|local_B_29_ce0        | out |    1|  ap_memory |  local_B_29  |     array    |
|local_B_29_we0        | out |    1|  ap_memory |  local_B_29  |     array    |
|local_B_29_d0         | out |   32|  ap_memory |  local_B_29  |     array    |
|local_B_30_address0   | out |    7|  ap_memory |  local_B_30  |     array    |
|local_B_30_ce0        | out |    1|  ap_memory |  local_B_30  |     array    |
|local_B_30_we0        | out |    1|  ap_memory |  local_B_30  |     array    |
|local_B_30_d0         | out |   32|  ap_memory |  local_B_30  |     array    |
|local_B_31_address0   | out |    7|  ap_memory |  local_B_31  |     array    |
|local_B_31_ce0        | out |    1|  ap_memory |  local_B_31  |     array    |
|local_B_31_we0        | out |    1|  ap_memory |  local_B_31  |     array    |
|local_B_31_d0         | out |   32|  ap_memory |  local_B_31  |     array    |
|local_B_32_address0   | out |    7|  ap_memory |  local_B_32  |     array    |
|local_B_32_ce0        | out |    1|  ap_memory |  local_B_32  |     array    |
|local_B_32_we0        | out |    1|  ap_memory |  local_B_32  |     array    |
|local_B_32_d0         | out |   32|  ap_memory |  local_B_32  |     array    |
|local_B_33_address0   | out |    7|  ap_memory |  local_B_33  |     array    |
|local_B_33_ce0        | out |    1|  ap_memory |  local_B_33  |     array    |
|local_B_33_we0        | out |    1|  ap_memory |  local_B_33  |     array    |
|local_B_33_d0         | out |   32|  ap_memory |  local_B_33  |     array    |
|local_B_34_address0   | out |    7|  ap_memory |  local_B_34  |     array    |
|local_B_34_ce0        | out |    1|  ap_memory |  local_B_34  |     array    |
|local_B_34_we0        | out |    1|  ap_memory |  local_B_34  |     array    |
|local_B_34_d0         | out |   32|  ap_memory |  local_B_34  |     array    |
|local_B_35_address0   | out |    7|  ap_memory |  local_B_35  |     array    |
|local_B_35_ce0        | out |    1|  ap_memory |  local_B_35  |     array    |
|local_B_35_we0        | out |    1|  ap_memory |  local_B_35  |     array    |
|local_B_35_d0         | out |   32|  ap_memory |  local_B_35  |     array    |
|local_B_36_address0   | out |    7|  ap_memory |  local_B_36  |     array    |
|local_B_36_ce0        | out |    1|  ap_memory |  local_B_36  |     array    |
|local_B_36_we0        | out |    1|  ap_memory |  local_B_36  |     array    |
|local_B_36_d0         | out |   32|  ap_memory |  local_B_36  |     array    |
|local_B_37_address0   | out |    7|  ap_memory |  local_B_37  |     array    |
|local_B_37_ce0        | out |    1|  ap_memory |  local_B_37  |     array    |
|local_B_37_we0        | out |    1|  ap_memory |  local_B_37  |     array    |
|local_B_37_d0         | out |   32|  ap_memory |  local_B_37  |     array    |
|local_B_38_address0   | out |    7|  ap_memory |  local_B_38  |     array    |
|local_B_38_ce0        | out |    1|  ap_memory |  local_B_38  |     array    |
|local_B_38_we0        | out |    1|  ap_memory |  local_B_38  |     array    |
|local_B_38_d0         | out |   32|  ap_memory |  local_B_38  |     array    |
|local_B_39_address0   | out |    7|  ap_memory |  local_B_39  |     array    |
|local_B_39_ce0        | out |    1|  ap_memory |  local_B_39  |     array    |
|local_B_39_we0        | out |    1|  ap_memory |  local_B_39  |     array    |
|local_B_39_d0         | out |   32|  ap_memory |  local_B_39  |     array    |
|local_B_40_address0   | out |    7|  ap_memory |  local_B_40  |     array    |
|local_B_40_ce0        | out |    1|  ap_memory |  local_B_40  |     array    |
|local_B_40_we0        | out |    1|  ap_memory |  local_B_40  |     array    |
|local_B_40_d0         | out |   32|  ap_memory |  local_B_40  |     array    |
|local_B_41_address0   | out |    7|  ap_memory |  local_B_41  |     array    |
|local_B_41_ce0        | out |    1|  ap_memory |  local_B_41  |     array    |
|local_B_41_we0        | out |    1|  ap_memory |  local_B_41  |     array    |
|local_B_41_d0         | out |   32|  ap_memory |  local_B_41  |     array    |
|local_B_42_address0   | out |    7|  ap_memory |  local_B_42  |     array    |
|local_B_42_ce0        | out |    1|  ap_memory |  local_B_42  |     array    |
|local_B_42_we0        | out |    1|  ap_memory |  local_B_42  |     array    |
|local_B_42_d0         | out |   32|  ap_memory |  local_B_42  |     array    |
|local_B_43_address0   | out |    7|  ap_memory |  local_B_43  |     array    |
|local_B_43_ce0        | out |    1|  ap_memory |  local_B_43  |     array    |
|local_B_43_we0        | out |    1|  ap_memory |  local_B_43  |     array    |
|local_B_43_d0         | out |   32|  ap_memory |  local_B_43  |     array    |
|local_B_44_address0   | out |    7|  ap_memory |  local_B_44  |     array    |
|local_B_44_ce0        | out |    1|  ap_memory |  local_B_44  |     array    |
|local_B_44_we0        | out |    1|  ap_memory |  local_B_44  |     array    |
|local_B_44_d0         | out |   32|  ap_memory |  local_B_44  |     array    |
|local_B_45_address0   | out |    7|  ap_memory |  local_B_45  |     array    |
|local_B_45_ce0        | out |    1|  ap_memory |  local_B_45  |     array    |
|local_B_45_we0        | out |    1|  ap_memory |  local_B_45  |     array    |
|local_B_45_d0         | out |   32|  ap_memory |  local_B_45  |     array    |
|local_B_46_address0   | out |    7|  ap_memory |  local_B_46  |     array    |
|local_B_46_ce0        | out |    1|  ap_memory |  local_B_46  |     array    |
|local_B_46_we0        | out |    1|  ap_memory |  local_B_46  |     array    |
|local_B_46_d0         | out |   32|  ap_memory |  local_B_46  |     array    |
|local_B_47_address0   | out |    7|  ap_memory |  local_B_47  |     array    |
|local_B_47_ce0        | out |    1|  ap_memory |  local_B_47  |     array    |
|local_B_47_we0        | out |    1|  ap_memory |  local_B_47  |     array    |
|local_B_47_d0         | out |   32|  ap_memory |  local_B_47  |     array    |
|local_B_48_address0   | out |    7|  ap_memory |  local_B_48  |     array    |
|local_B_48_ce0        | out |    1|  ap_memory |  local_B_48  |     array    |
|local_B_48_we0        | out |    1|  ap_memory |  local_B_48  |     array    |
|local_B_48_d0         | out |   32|  ap_memory |  local_B_48  |     array    |
|local_B_49_address0   | out |    7|  ap_memory |  local_B_49  |     array    |
|local_B_49_ce0        | out |    1|  ap_memory |  local_B_49  |     array    |
|local_B_49_we0        | out |    1|  ap_memory |  local_B_49  |     array    |
|local_B_49_d0         | out |   32|  ap_memory |  local_B_49  |     array    |
|local_B_50_address0   | out |    7|  ap_memory |  local_B_50  |     array    |
|local_B_50_ce0        | out |    1|  ap_memory |  local_B_50  |     array    |
|local_B_50_we0        | out |    1|  ap_memory |  local_B_50  |     array    |
|local_B_50_d0         | out |   32|  ap_memory |  local_B_50  |     array    |
|local_B_51_address0   | out |    7|  ap_memory |  local_B_51  |     array    |
|local_B_51_ce0        | out |    1|  ap_memory |  local_B_51  |     array    |
|local_B_51_we0        | out |    1|  ap_memory |  local_B_51  |     array    |
|local_B_51_d0         | out |   32|  ap_memory |  local_B_51  |     array    |
|local_B_52_address0   | out |    7|  ap_memory |  local_B_52  |     array    |
|local_B_52_ce0        | out |    1|  ap_memory |  local_B_52  |     array    |
|local_B_52_we0        | out |    1|  ap_memory |  local_B_52  |     array    |
|local_B_52_d0         | out |   32|  ap_memory |  local_B_52  |     array    |
|local_B_53_address0   | out |    7|  ap_memory |  local_B_53  |     array    |
|local_B_53_ce0        | out |    1|  ap_memory |  local_B_53  |     array    |
|local_B_53_we0        | out |    1|  ap_memory |  local_B_53  |     array    |
|local_B_53_d0         | out |   32|  ap_memory |  local_B_53  |     array    |
|local_B_54_address0   | out |    7|  ap_memory |  local_B_54  |     array    |
|local_B_54_ce0        | out |    1|  ap_memory |  local_B_54  |     array    |
|local_B_54_we0        | out |    1|  ap_memory |  local_B_54  |     array    |
|local_B_54_d0         | out |   32|  ap_memory |  local_B_54  |     array    |
|local_B_55_address0   | out |    7|  ap_memory |  local_B_55  |     array    |
|local_B_55_ce0        | out |    1|  ap_memory |  local_B_55  |     array    |
|local_B_55_we0        | out |    1|  ap_memory |  local_B_55  |     array    |
|local_B_55_d0         | out |   32|  ap_memory |  local_B_55  |     array    |
|local_B_56_address0   | out |    7|  ap_memory |  local_B_56  |     array    |
|local_B_56_ce0        | out |    1|  ap_memory |  local_B_56  |     array    |
|local_B_56_we0        | out |    1|  ap_memory |  local_B_56  |     array    |
|local_B_56_d0         | out |   32|  ap_memory |  local_B_56  |     array    |
|local_B_57_address0   | out |    7|  ap_memory |  local_B_57  |     array    |
|local_B_57_ce0        | out |    1|  ap_memory |  local_B_57  |     array    |
|local_B_57_we0        | out |    1|  ap_memory |  local_B_57  |     array    |
|local_B_57_d0         | out |   32|  ap_memory |  local_B_57  |     array    |
|local_B_58_address0   | out |    7|  ap_memory |  local_B_58  |     array    |
|local_B_58_ce0        | out |    1|  ap_memory |  local_B_58  |     array    |
|local_B_58_we0        | out |    1|  ap_memory |  local_B_58  |     array    |
|local_B_58_d0         | out |   32|  ap_memory |  local_B_58  |     array    |
|local_B_59_address0   | out |    7|  ap_memory |  local_B_59  |     array    |
|local_B_59_ce0        | out |    1|  ap_memory |  local_B_59  |     array    |
|local_B_59_we0        | out |    1|  ap_memory |  local_B_59  |     array    |
|local_B_59_d0         | out |   32|  ap_memory |  local_B_59  |     array    |
|local_B_60_address0   | out |    7|  ap_memory |  local_B_60  |     array    |
|local_B_60_ce0        | out |    1|  ap_memory |  local_B_60  |     array    |
|local_B_60_we0        | out |    1|  ap_memory |  local_B_60  |     array    |
|local_B_60_d0         | out |   32|  ap_memory |  local_B_60  |     array    |
|local_B_61_address0   | out |    7|  ap_memory |  local_B_61  |     array    |
|local_B_61_ce0        | out |    1|  ap_memory |  local_B_61  |     array    |
|local_B_61_we0        | out |    1|  ap_memory |  local_B_61  |     array    |
|local_B_61_d0         | out |   32|  ap_memory |  local_B_61  |     array    |
|local_B_62_address0   | out |    7|  ap_memory |  local_B_62  |     array    |
|local_B_62_ce0        | out |    1|  ap_memory |  local_B_62  |     array    |
|local_B_62_we0        | out |    1|  ap_memory |  local_B_62  |     array    |
|local_B_62_d0         | out |   32|  ap_memory |  local_B_62  |     array    |
|local_B_63_address0   | out |    7|  ap_memory |  local_B_63  |     array    |
|local_B_63_ce0        | out |    1|  ap_memory |  local_B_63  |     array    |
|local_B_63_we0        | out |    1|  ap_memory |  local_B_63  |     array    |
|local_B_63_d0         | out |   32|  ap_memory |  local_B_63  |     array    |
|local_B_64_address0   | out |    7|  ap_memory |  local_B_64  |     array    |
|local_B_64_ce0        | out |    1|  ap_memory |  local_B_64  |     array    |
|local_B_64_we0        | out |    1|  ap_memory |  local_B_64  |     array    |
|local_B_64_d0         | out |   32|  ap_memory |  local_B_64  |     array    |
|local_B_65_address0   | out |    7|  ap_memory |  local_B_65  |     array    |
|local_B_65_ce0        | out |    1|  ap_memory |  local_B_65  |     array    |
|local_B_65_we0        | out |    1|  ap_memory |  local_B_65  |     array    |
|local_B_65_d0         | out |   32|  ap_memory |  local_B_65  |     array    |
|local_B_66_address0   | out |    7|  ap_memory |  local_B_66  |     array    |
|local_B_66_ce0        | out |    1|  ap_memory |  local_B_66  |     array    |
|local_B_66_we0        | out |    1|  ap_memory |  local_B_66  |     array    |
|local_B_66_d0         | out |   32|  ap_memory |  local_B_66  |     array    |
|local_B_67_address0   | out |    7|  ap_memory |  local_B_67  |     array    |
|local_B_67_ce0        | out |    1|  ap_memory |  local_B_67  |     array    |
|local_B_67_we0        | out |    1|  ap_memory |  local_B_67  |     array    |
|local_B_67_d0         | out |   32|  ap_memory |  local_B_67  |     array    |
|local_B_68_address0   | out |    7|  ap_memory |  local_B_68  |     array    |
|local_B_68_ce0        | out |    1|  ap_memory |  local_B_68  |     array    |
|local_B_68_we0        | out |    1|  ap_memory |  local_B_68  |     array    |
|local_B_68_d0         | out |   32|  ap_memory |  local_B_68  |     array    |
|local_B_69_address0   | out |    7|  ap_memory |  local_B_69  |     array    |
|local_B_69_ce0        | out |    1|  ap_memory |  local_B_69  |     array    |
|local_B_69_we0        | out |    1|  ap_memory |  local_B_69  |     array    |
|local_B_69_d0         | out |   32|  ap_memory |  local_B_69  |     array    |
|local_B_70_address0   | out |    7|  ap_memory |  local_B_70  |     array    |
|local_B_70_ce0        | out |    1|  ap_memory |  local_B_70  |     array    |
|local_B_70_we0        | out |    1|  ap_memory |  local_B_70  |     array    |
|local_B_70_d0         | out |   32|  ap_memory |  local_B_70  |     array    |
|local_B_71_address0   | out |    7|  ap_memory |  local_B_71  |     array    |
|local_B_71_ce0        | out |    1|  ap_memory |  local_B_71  |     array    |
|local_B_71_we0        | out |    1|  ap_memory |  local_B_71  |     array    |
|local_B_71_d0         | out |   32|  ap_memory |  local_B_71  |     array    |
|local_B_72_address0   | out |    7|  ap_memory |  local_B_72  |     array    |
|local_B_72_ce0        | out |    1|  ap_memory |  local_B_72  |     array    |
|local_B_72_we0        | out |    1|  ap_memory |  local_B_72  |     array    |
|local_B_72_d0         | out |   32|  ap_memory |  local_B_72  |     array    |
|local_B_73_address0   | out |    7|  ap_memory |  local_B_73  |     array    |
|local_B_73_ce0        | out |    1|  ap_memory |  local_B_73  |     array    |
|local_B_73_we0        | out |    1|  ap_memory |  local_B_73  |     array    |
|local_B_73_d0         | out |   32|  ap_memory |  local_B_73  |     array    |
|local_B_74_address0   | out |    7|  ap_memory |  local_B_74  |     array    |
|local_B_74_ce0        | out |    1|  ap_memory |  local_B_74  |     array    |
|local_B_74_we0        | out |    1|  ap_memory |  local_B_74  |     array    |
|local_B_74_d0         | out |   32|  ap_memory |  local_B_74  |     array    |
|local_B_75_address0   | out |    7|  ap_memory |  local_B_75  |     array    |
|local_B_75_ce0        | out |    1|  ap_memory |  local_B_75  |     array    |
|local_B_75_we0        | out |    1|  ap_memory |  local_B_75  |     array    |
|local_B_75_d0         | out |   32|  ap_memory |  local_B_75  |     array    |
|local_B_76_address0   | out |    7|  ap_memory |  local_B_76  |     array    |
|local_B_76_ce0        | out |    1|  ap_memory |  local_B_76  |     array    |
|local_B_76_we0        | out |    1|  ap_memory |  local_B_76  |     array    |
|local_B_76_d0         | out |   32|  ap_memory |  local_B_76  |     array    |
|local_B_77_address0   | out |    7|  ap_memory |  local_B_77  |     array    |
|local_B_77_ce0        | out |    1|  ap_memory |  local_B_77  |     array    |
|local_B_77_we0        | out |    1|  ap_memory |  local_B_77  |     array    |
|local_B_77_d0         | out |   32|  ap_memory |  local_B_77  |     array    |
|local_B_78_address0   | out |    7|  ap_memory |  local_B_78  |     array    |
|local_B_78_ce0        | out |    1|  ap_memory |  local_B_78  |     array    |
|local_B_78_we0        | out |    1|  ap_memory |  local_B_78  |     array    |
|local_B_78_d0         | out |   32|  ap_memory |  local_B_78  |     array    |
|local_B_79_address0   | out |    7|  ap_memory |  local_B_79  |     array    |
|local_B_79_ce0        | out |    1|  ap_memory |  local_B_79  |     array    |
|local_B_79_we0        | out |    1|  ap_memory |  local_B_79  |     array    |
|local_B_79_d0         | out |   32|  ap_memory |  local_B_79  |     array    |
|local_B_80_address0   | out |    7|  ap_memory |  local_B_80  |     array    |
|local_B_80_ce0        | out |    1|  ap_memory |  local_B_80  |     array    |
|local_B_80_we0        | out |    1|  ap_memory |  local_B_80  |     array    |
|local_B_80_d0         | out |   32|  ap_memory |  local_B_80  |     array    |
|local_B_81_address0   | out |    7|  ap_memory |  local_B_81  |     array    |
|local_B_81_ce0        | out |    1|  ap_memory |  local_B_81  |     array    |
|local_B_81_we0        | out |    1|  ap_memory |  local_B_81  |     array    |
|local_B_81_d0         | out |   32|  ap_memory |  local_B_81  |     array    |
|local_B_82_address0   | out |    7|  ap_memory |  local_B_82  |     array    |
|local_B_82_ce0        | out |    1|  ap_memory |  local_B_82  |     array    |
|local_B_82_we0        | out |    1|  ap_memory |  local_B_82  |     array    |
|local_B_82_d0         | out |   32|  ap_memory |  local_B_82  |     array    |
|local_B_83_address0   | out |    7|  ap_memory |  local_B_83  |     array    |
|local_B_83_ce0        | out |    1|  ap_memory |  local_B_83  |     array    |
|local_B_83_we0        | out |    1|  ap_memory |  local_B_83  |     array    |
|local_B_83_d0         | out |   32|  ap_memory |  local_B_83  |     array    |
|local_B_84_address0   | out |    7|  ap_memory |  local_B_84  |     array    |
|local_B_84_ce0        | out |    1|  ap_memory |  local_B_84  |     array    |
|local_B_84_we0        | out |    1|  ap_memory |  local_B_84  |     array    |
|local_B_84_d0         | out |   32|  ap_memory |  local_B_84  |     array    |
|local_B_85_address0   | out |    7|  ap_memory |  local_B_85  |     array    |
|local_B_85_ce0        | out |    1|  ap_memory |  local_B_85  |     array    |
|local_B_85_we0        | out |    1|  ap_memory |  local_B_85  |     array    |
|local_B_85_d0         | out |   32|  ap_memory |  local_B_85  |     array    |
|local_B_86_address0   | out |    7|  ap_memory |  local_B_86  |     array    |
|local_B_86_ce0        | out |    1|  ap_memory |  local_B_86  |     array    |
|local_B_86_we0        | out |    1|  ap_memory |  local_B_86  |     array    |
|local_B_86_d0         | out |   32|  ap_memory |  local_B_86  |     array    |
|local_B_87_address0   | out |    7|  ap_memory |  local_B_87  |     array    |
|local_B_87_ce0        | out |    1|  ap_memory |  local_B_87  |     array    |
|local_B_87_we0        | out |    1|  ap_memory |  local_B_87  |     array    |
|local_B_87_d0         | out |   32|  ap_memory |  local_B_87  |     array    |
|local_B_88_address0   | out |    7|  ap_memory |  local_B_88  |     array    |
|local_B_88_ce0        | out |    1|  ap_memory |  local_B_88  |     array    |
|local_B_88_we0        | out |    1|  ap_memory |  local_B_88  |     array    |
|local_B_88_d0         | out |   32|  ap_memory |  local_B_88  |     array    |
|local_B_89_address0   | out |    7|  ap_memory |  local_B_89  |     array    |
|local_B_89_ce0        | out |    1|  ap_memory |  local_B_89  |     array    |
|local_B_89_we0        | out |    1|  ap_memory |  local_B_89  |     array    |
|local_B_89_d0         | out |   32|  ap_memory |  local_B_89  |     array    |
|local_B_90_address0   | out |    7|  ap_memory |  local_B_90  |     array    |
|local_B_90_ce0        | out |    1|  ap_memory |  local_B_90  |     array    |
|local_B_90_we0        | out |    1|  ap_memory |  local_B_90  |     array    |
|local_B_90_d0         | out |   32|  ap_memory |  local_B_90  |     array    |
|local_B_91_address0   | out |    7|  ap_memory |  local_B_91  |     array    |
|local_B_91_ce0        | out |    1|  ap_memory |  local_B_91  |     array    |
|local_B_91_we0        | out |    1|  ap_memory |  local_B_91  |     array    |
|local_B_91_d0         | out |   32|  ap_memory |  local_B_91  |     array    |
|local_B_92_address0   | out |    7|  ap_memory |  local_B_92  |     array    |
|local_B_92_ce0        | out |    1|  ap_memory |  local_B_92  |     array    |
|local_B_92_we0        | out |    1|  ap_memory |  local_B_92  |     array    |
|local_B_92_d0         | out |   32|  ap_memory |  local_B_92  |     array    |
|local_B_93_address0   | out |    7|  ap_memory |  local_B_93  |     array    |
|local_B_93_ce0        | out |    1|  ap_memory |  local_B_93  |     array    |
|local_B_93_we0        | out |    1|  ap_memory |  local_B_93  |     array    |
|local_B_93_d0         | out |   32|  ap_memory |  local_B_93  |     array    |
|local_B_94_address0   | out |    7|  ap_memory |  local_B_94  |     array    |
|local_B_94_ce0        | out |    1|  ap_memory |  local_B_94  |     array    |
|local_B_94_we0        | out |    1|  ap_memory |  local_B_94  |     array    |
|local_B_94_d0         | out |   32|  ap_memory |  local_B_94  |     array    |
|local_B_95_address0   | out |    7|  ap_memory |  local_B_95  |     array    |
|local_B_95_ce0        | out |    1|  ap_memory |  local_B_95  |     array    |
|local_B_95_we0        | out |    1|  ap_memory |  local_B_95  |     array    |
|local_B_95_d0         | out |   32|  ap_memory |  local_B_95  |     array    |
|local_B_96_address0   | out |    7|  ap_memory |  local_B_96  |     array    |
|local_B_96_ce0        | out |    1|  ap_memory |  local_B_96  |     array    |
|local_B_96_we0        | out |    1|  ap_memory |  local_B_96  |     array    |
|local_B_96_d0         | out |   32|  ap_memory |  local_B_96  |     array    |
|local_B_97_address0   | out |    7|  ap_memory |  local_B_97  |     array    |
|local_B_97_ce0        | out |    1|  ap_memory |  local_B_97  |     array    |
|local_B_97_we0        | out |    1|  ap_memory |  local_B_97  |     array    |
|local_B_97_d0         | out |   32|  ap_memory |  local_B_97  |     array    |
|local_B_98_address0   | out |    7|  ap_memory |  local_B_98  |     array    |
|local_B_98_ce0        | out |    1|  ap_memory |  local_B_98  |     array    |
|local_B_98_we0        | out |    1|  ap_memory |  local_B_98  |     array    |
|local_B_98_d0         | out |   32|  ap_memory |  local_B_98  |     array    |
|local_B_99_address0   | out |    7|  ap_memory |  local_B_99  |     array    |
|local_B_99_ce0        | out |    1|  ap_memory |  local_B_99  |     array    |
|local_B_99_we0        | out |    1|  ap_memory |  local_B_99  |     array    |
|local_B_99_d0         | out |   32|  ap_memory |  local_B_99  |     array    |
|local_B_100_address0  | out |    7|  ap_memory |  local_B_100 |     array    |
|local_B_100_ce0       | out |    1|  ap_memory |  local_B_100 |     array    |
|local_B_100_we0       | out |    1|  ap_memory |  local_B_100 |     array    |
|local_B_100_d0        | out |   32|  ap_memory |  local_B_100 |     array    |
|local_B_101_address0  | out |    7|  ap_memory |  local_B_101 |     array    |
|local_B_101_ce0       | out |    1|  ap_memory |  local_B_101 |     array    |
|local_B_101_we0       | out |    1|  ap_memory |  local_B_101 |     array    |
|local_B_101_d0        | out |   32|  ap_memory |  local_B_101 |     array    |
|local_B_102_address0  | out |    7|  ap_memory |  local_B_102 |     array    |
|local_B_102_ce0       | out |    1|  ap_memory |  local_B_102 |     array    |
|local_B_102_we0       | out |    1|  ap_memory |  local_B_102 |     array    |
|local_B_102_d0        | out |   32|  ap_memory |  local_B_102 |     array    |
|local_B_103_address0  | out |    7|  ap_memory |  local_B_103 |     array    |
|local_B_103_ce0       | out |    1|  ap_memory |  local_B_103 |     array    |
|local_B_103_we0       | out |    1|  ap_memory |  local_B_103 |     array    |
|local_B_103_d0        | out |   32|  ap_memory |  local_B_103 |     array    |
|local_B_104_address0  | out |    7|  ap_memory |  local_B_104 |     array    |
|local_B_104_ce0       | out |    1|  ap_memory |  local_B_104 |     array    |
|local_B_104_we0       | out |    1|  ap_memory |  local_B_104 |     array    |
|local_B_104_d0        | out |   32|  ap_memory |  local_B_104 |     array    |
|local_B_105_address0  | out |    7|  ap_memory |  local_B_105 |     array    |
|local_B_105_ce0       | out |    1|  ap_memory |  local_B_105 |     array    |
|local_B_105_we0       | out |    1|  ap_memory |  local_B_105 |     array    |
|local_B_105_d0        | out |   32|  ap_memory |  local_B_105 |     array    |
|local_B_106_address0  | out |    7|  ap_memory |  local_B_106 |     array    |
|local_B_106_ce0       | out |    1|  ap_memory |  local_B_106 |     array    |
|local_B_106_we0       | out |    1|  ap_memory |  local_B_106 |     array    |
|local_B_106_d0        | out |   32|  ap_memory |  local_B_106 |     array    |
|local_B_107_address0  | out |    7|  ap_memory |  local_B_107 |     array    |
|local_B_107_ce0       | out |    1|  ap_memory |  local_B_107 |     array    |
|local_B_107_we0       | out |    1|  ap_memory |  local_B_107 |     array    |
|local_B_107_d0        | out |   32|  ap_memory |  local_B_107 |     array    |
|local_B_108_address0  | out |    7|  ap_memory |  local_B_108 |     array    |
|local_B_108_ce0       | out |    1|  ap_memory |  local_B_108 |     array    |
|local_B_108_we0       | out |    1|  ap_memory |  local_B_108 |     array    |
|local_B_108_d0        | out |   32|  ap_memory |  local_B_108 |     array    |
|local_B_109_address0  | out |    7|  ap_memory |  local_B_109 |     array    |
|local_B_109_ce0       | out |    1|  ap_memory |  local_B_109 |     array    |
|local_B_109_we0       | out |    1|  ap_memory |  local_B_109 |     array    |
|local_B_109_d0        | out |   32|  ap_memory |  local_B_109 |     array    |
|local_B_110_address0  | out |    7|  ap_memory |  local_B_110 |     array    |
|local_B_110_ce0       | out |    1|  ap_memory |  local_B_110 |     array    |
|local_B_110_we0       | out |    1|  ap_memory |  local_B_110 |     array    |
|local_B_110_d0        | out |   32|  ap_memory |  local_B_110 |     array    |
|local_B_111_address0  | out |    7|  ap_memory |  local_B_111 |     array    |
|local_B_111_ce0       | out |    1|  ap_memory |  local_B_111 |     array    |
|local_B_111_we0       | out |    1|  ap_memory |  local_B_111 |     array    |
|local_B_111_d0        | out |   32|  ap_memory |  local_B_111 |     array    |
|local_B_112_address0  | out |    7|  ap_memory |  local_B_112 |     array    |
|local_B_112_ce0       | out |    1|  ap_memory |  local_B_112 |     array    |
|local_B_112_we0       | out |    1|  ap_memory |  local_B_112 |     array    |
|local_B_112_d0        | out |   32|  ap_memory |  local_B_112 |     array    |
|local_B_113_address0  | out |    7|  ap_memory |  local_B_113 |     array    |
|local_B_113_ce0       | out |    1|  ap_memory |  local_B_113 |     array    |
|local_B_113_we0       | out |    1|  ap_memory |  local_B_113 |     array    |
|local_B_113_d0        | out |   32|  ap_memory |  local_B_113 |     array    |
|local_B_114_address0  | out |    7|  ap_memory |  local_B_114 |     array    |
|local_B_114_ce0       | out |    1|  ap_memory |  local_B_114 |     array    |
|local_B_114_we0       | out |    1|  ap_memory |  local_B_114 |     array    |
|local_B_114_d0        | out |   32|  ap_memory |  local_B_114 |     array    |
|local_B_115_address0  | out |    7|  ap_memory |  local_B_115 |     array    |
|local_B_115_ce0       | out |    1|  ap_memory |  local_B_115 |     array    |
|local_B_115_we0       | out |    1|  ap_memory |  local_B_115 |     array    |
|local_B_115_d0        | out |   32|  ap_memory |  local_B_115 |     array    |
|local_B_116_address0  | out |    7|  ap_memory |  local_B_116 |     array    |
|local_B_116_ce0       | out |    1|  ap_memory |  local_B_116 |     array    |
|local_B_116_we0       | out |    1|  ap_memory |  local_B_116 |     array    |
|local_B_116_d0        | out |   32|  ap_memory |  local_B_116 |     array    |
|local_B_117_address0  | out |    7|  ap_memory |  local_B_117 |     array    |
|local_B_117_ce0       | out |    1|  ap_memory |  local_B_117 |     array    |
|local_B_117_we0       | out |    1|  ap_memory |  local_B_117 |     array    |
|local_B_117_d0        | out |   32|  ap_memory |  local_B_117 |     array    |
|local_B_118_address0  | out |    7|  ap_memory |  local_B_118 |     array    |
|local_B_118_ce0       | out |    1|  ap_memory |  local_B_118 |     array    |
|local_B_118_we0       | out |    1|  ap_memory |  local_B_118 |     array    |
|local_B_118_d0        | out |   32|  ap_memory |  local_B_118 |     array    |
|local_B_119_address0  | out |    7|  ap_memory |  local_B_119 |     array    |
|local_B_119_ce0       | out |    1|  ap_memory |  local_B_119 |     array    |
|local_B_119_we0       | out |    1|  ap_memory |  local_B_119 |     array    |
|local_B_119_d0        | out |   32|  ap_memory |  local_B_119 |     array    |
|local_B_120_address0  | out |    7|  ap_memory |  local_B_120 |     array    |
|local_B_120_ce0       | out |    1|  ap_memory |  local_B_120 |     array    |
|local_B_120_we0       | out |    1|  ap_memory |  local_B_120 |     array    |
|local_B_120_d0        | out |   32|  ap_memory |  local_B_120 |     array    |
|local_B_121_address0  | out |    7|  ap_memory |  local_B_121 |     array    |
|local_B_121_ce0       | out |    1|  ap_memory |  local_B_121 |     array    |
|local_B_121_we0       | out |    1|  ap_memory |  local_B_121 |     array    |
|local_B_121_d0        | out |   32|  ap_memory |  local_B_121 |     array    |
|local_B_122_address0  | out |    7|  ap_memory |  local_B_122 |     array    |
|local_B_122_ce0       | out |    1|  ap_memory |  local_B_122 |     array    |
|local_B_122_we0       | out |    1|  ap_memory |  local_B_122 |     array    |
|local_B_122_d0        | out |   32|  ap_memory |  local_B_122 |     array    |
|local_B_123_address0  | out |    7|  ap_memory |  local_B_123 |     array    |
|local_B_123_ce0       | out |    1|  ap_memory |  local_B_123 |     array    |
|local_B_123_we0       | out |    1|  ap_memory |  local_B_123 |     array    |
|local_B_123_d0        | out |   32|  ap_memory |  local_B_123 |     array    |
|local_B_124_address0  | out |    7|  ap_memory |  local_B_124 |     array    |
|local_B_124_ce0       | out |    1|  ap_memory |  local_B_124 |     array    |
|local_B_124_we0       | out |    1|  ap_memory |  local_B_124 |     array    |
|local_B_124_d0        | out |   32|  ap_memory |  local_B_124 |     array    |
|local_B_125_address0  | out |    7|  ap_memory |  local_B_125 |     array    |
|local_B_125_ce0       | out |    1|  ap_memory |  local_B_125 |     array    |
|local_B_125_we0       | out |    1|  ap_memory |  local_B_125 |     array    |
|local_B_125_d0        | out |   32|  ap_memory |  local_B_125 |     array    |
|local_B_126_address0  | out |    7|  ap_memory |  local_B_126 |     array    |
|local_B_126_ce0       | out |    1|  ap_memory |  local_B_126 |     array    |
|local_B_126_we0       | out |    1|  ap_memory |  local_B_126 |     array    |
|local_B_126_d0        | out |   32|  ap_memory |  local_B_126 |     array    |
|local_B_127_address0  | out |    7|  ap_memory |  local_B_127 |     array    |
|local_B_127_ce0       | out |    1|  ap_memory |  local_B_127 |     array    |
|local_B_127_we0       | out |    1|  ap_memory |  local_B_127 |     array    |
|local_B_127_d0        | out |   32|  ap_memory |  local_B_127 |     array    |
|m_axi_A_AWVALID       | out |    1|    m_axi   |       A      |    pointer   |
|m_axi_A_AWREADY       |  in |    1|    m_axi   |       A      |    pointer   |
|m_axi_A_AWADDR        | out |   32|    m_axi   |       A      |    pointer   |
|m_axi_A_AWID          | out |    1|    m_axi   |       A      |    pointer   |
|m_axi_A_AWLEN         | out |   32|    m_axi   |       A      |    pointer   |
|m_axi_A_AWSIZE        | out |    3|    m_axi   |       A      |    pointer   |
|m_axi_A_AWBURST       | out |    2|    m_axi   |       A      |    pointer   |
|m_axi_A_AWLOCK        | out |    2|    m_axi   |       A      |    pointer   |
|m_axi_A_AWCACHE       | out |    4|    m_axi   |       A      |    pointer   |
|m_axi_A_AWPROT        | out |    3|    m_axi   |       A      |    pointer   |
|m_axi_A_AWQOS         | out |    4|    m_axi   |       A      |    pointer   |
|m_axi_A_AWREGION      | out |    4|    m_axi   |       A      |    pointer   |
|m_axi_A_AWUSER        | out |    1|    m_axi   |       A      |    pointer   |
|m_axi_A_WVALID        | out |    1|    m_axi   |       A      |    pointer   |
|m_axi_A_WREADY        |  in |    1|    m_axi   |       A      |    pointer   |
|m_axi_A_WDATA         | out |   32|    m_axi   |       A      |    pointer   |
|m_axi_A_WSTRB         | out |    4|    m_axi   |       A      |    pointer   |
|m_axi_A_WLAST         | out |    1|    m_axi   |       A      |    pointer   |
|m_axi_A_WID           | out |    1|    m_axi   |       A      |    pointer   |
|m_axi_A_WUSER         | out |    1|    m_axi   |       A      |    pointer   |
|m_axi_A_ARVALID       | out |    1|    m_axi   |       A      |    pointer   |
|m_axi_A_ARREADY       |  in |    1|    m_axi   |       A      |    pointer   |
|m_axi_A_ARADDR        | out |   32|    m_axi   |       A      |    pointer   |
|m_axi_A_ARID          | out |    1|    m_axi   |       A      |    pointer   |
|m_axi_A_ARLEN         | out |   32|    m_axi   |       A      |    pointer   |
|m_axi_A_ARSIZE        | out |    3|    m_axi   |       A      |    pointer   |
|m_axi_A_ARBURST       | out |    2|    m_axi   |       A      |    pointer   |
|m_axi_A_ARLOCK        | out |    2|    m_axi   |       A      |    pointer   |
|m_axi_A_ARCACHE       | out |    4|    m_axi   |       A      |    pointer   |
|m_axi_A_ARPROT        | out |    3|    m_axi   |       A      |    pointer   |
|m_axi_A_ARQOS         | out |    4|    m_axi   |       A      |    pointer   |
|m_axi_A_ARREGION      | out |    4|    m_axi   |       A      |    pointer   |
|m_axi_A_ARUSER        | out |    1|    m_axi   |       A      |    pointer   |
|m_axi_A_RVALID        |  in |    1|    m_axi   |       A      |    pointer   |
|m_axi_A_RREADY        | out |    1|    m_axi   |       A      |    pointer   |
|m_axi_A_RDATA         |  in |   32|    m_axi   |       A      |    pointer   |
|m_axi_A_RLAST         |  in |    1|    m_axi   |       A      |    pointer   |
|m_axi_A_RID           |  in |    1|    m_axi   |       A      |    pointer   |
|m_axi_A_RUSER         |  in |    1|    m_axi   |       A      |    pointer   |
|m_axi_A_RRESP         |  in |    2|    m_axi   |       A      |    pointer   |
|m_axi_A_BVALID        |  in |    1|    m_axi   |       A      |    pointer   |
|m_axi_A_BREADY        | out |    1|    m_axi   |       A      |    pointer   |
|m_axi_A_BRESP         |  in |    2|    m_axi   |       A      |    pointer   |
|m_axi_A_BID           |  in |    1|    m_axi   |       A      |    pointer   |
|m_axi_A_BUSER         |  in |    1|    m_axi   |       A      |    pointer   |
|A_offset              |  in |   30|   ap_none  |   A_offset   |    scalar    |
|B_offset              |  in |   30|   ap_none  |   B_offset   |    scalar    |
+----------------------+-----+-----+------------+--------------+--------------+

