

================================================================
== Vivado HLS Report for 'kernel_gemm'
================================================================
* Date:           Wed Mar 17 06:11:02 2021

* Version:        2020.1 (Build 2897737 on Wed May 27 20:21:37 MDT 2020)
* Project:        kernel_gemm_baseline.prj
* Solution:       solution1
* Product family: virtexuplus
* Target device:  xcu200-fsgd2104-2-e


================================================================
== Performance Estimates
================================================================
+ Timing: 
    * Summary: 
    +--------+---------+----------+------------+
    |  Clock |  Target | Estimated| Uncertainty|
    +--------+---------+----------+------------+
    |ap_clk  | 3.33 ns | 2.914 ns |   0.42 ns  |
    +--------+---------+----------+------------+

+ Latency: 
    * Summary: 
    +--------------+--------------+-------------+-------------+--------------+--------------+---------+
    |       Latency (cycles)      |     Latency (absolute)    |           Interval          | Pipeline|
    |      min     |      max     |     min     |     max     |      min     |      max     |   Type  |
    +--------------+--------------+-------------+-------------+--------------+--------------+---------+
    |  257731620865|  257731620865| 858.246 sec | 858.246 sec |  257731620865|  257731620865|   none  |
    +--------------+--------------+-------------+-------------+--------------+--------------+---------+

    + Detail: 
        * Instance: 
        N/A

        * Loop: 
        +--------------+--------------+--------------+-----------+-----------+-----------+------+----------+
        |              |       Latency (cycles)      | Iteration |  Initiation Interval  | Trip |          |
        |   Loop Name  |      min     |      max     |  Latency  |  achieved |   target  | Count| Pipelined|
        +--------------+--------------+--------------+-----------+-----------+-----------+------+----------+
        |- NI_LOOP     |  257731620864|  257731620864|  125845518|          -|          -|  2048|    no    |
        | + NJ_LOOP_1  |         12288|         12288|          6|          -|          -|  2048|    no    |
        | + NJ_LOOP_2  |     125833216|     125833216|      61442|          -|          -|  2048|    no    |
        |  ++ NK_LOOP  |         61440|         61440|         30|          -|          -|  2048|    no    |
        +--------------+--------------+--------------+-----------+-----------+-----------+------+----------+

============================================================
+ Verbose Summary: Synthesis Manager
============================================================
InlineROM: 1
ExposeGlobal: 0
============================================================
+ Verbose Summary: CDFG Model
============================================================
IsTopModel: 1
ResetActiveHigh: 1
IsCombinational: 0
IsDatapathOnly: 0
HasWiredReturn: 1
HasMFsm: 0
HasVarLatency: 1
IsPipeline: 0
IsRtlPipelined: 0
IsInstanceOverlapped: 0
IsDontTouch: 0
HasImplIP: 0
IsGatedGlobalClock: 0


============================================================
+ Verbose Summary: Schedule
============================================================
* Number of FSM states : 50
* Pipeline : 0
* Dataflow Pipeline: 0

* FSM state transitions: 
1 --> 2 
2 --> 3 
3 --> 4 
4 --> 5 
5 --> 6 
6 --> 7 
7 --> 8 
8 --> 9 
9 --> 10 
10 --> 11 16 
11 --> 12 
12 --> 13 
13 --> 14 
14 --> 15 
15 --> 10 
16 --> 17 
17 --> 18 
18 --> 19 
19 --> 20 
20 --> 21 2 
21 --> 22 20 
22 --> 23 
23 --> 24 
24 --> 25 
25 --> 26 
26 --> 27 
27 --> 28 
28 --> 29 
29 --> 30 
30 --> 31 
31 --> 32 
32 --> 33 
33 --> 34 
34 --> 35 
35 --> 36 
36 --> 37 
37 --> 38 
38 --> 39 
39 --> 40 
40 --> 41 
41 --> 42 
42 --> 43 
43 --> 44 
44 --> 45 
45 --> 46 
46 --> 47 
47 --> 48 
48 --> 49 
49 --> 50 
50 --> 21 

* FSM state operations: 

State 1 <SV = 0> <Delay = 1.00>
ST_1 : Operation 51 [1/1] (0.00ns)   --->   "%beta_read = call float @_ssdm_op_Read.ap_auto.float(float %beta)"   --->   Operation 51 'read' 'beta_read' <Predicate = true> <Delay = 0.00>
ST_1 : Operation 52 [1/1] (0.00ns)   --->   "%alpha_read = call float @_ssdm_op_Read.ap_auto.float(float %alpha)"   --->   Operation 52 'read' 'alpha_read' <Predicate = true> <Delay = 0.00>
ST_1 : Operation 53 [1/1] (1.00ns)   --->   "%B_read = call i32 @_ssdm_op_Read.s_axilite.i32(i32 %B)"   --->   Operation 53 'read' 'B_read' <Predicate = true> <Delay = 1.00> <Core = "s_axilite">   --->   Core 10 's_axilite' <Latency = 0> <II = 1> <Delay = 1.00> <Adapter> <Opcode : 'read' 'write'>
ST_1 : Operation 54 [1/1] (1.00ns)   --->   "%A_read = call i32 @_ssdm_op_Read.s_axilite.i32(i32 %A)"   --->   Operation 54 'read' 'A_read' <Predicate = true> <Delay = 1.00> <Core = "s_axilite">   --->   Core 10 's_axilite' <Latency = 0> <II = 1> <Delay = 1.00> <Adapter> <Opcode : 'read' 'write'>
ST_1 : Operation 55 [1/1] (1.00ns)   --->   "%C_read = call i32 @_ssdm_op_Read.s_axilite.i32(i32 %C)"   --->   Operation 55 'read' 'C_read' <Predicate = true> <Delay = 1.00> <Core = "s_axilite">   --->   Core 10 's_axilite' <Latency = 0> <II = 1> <Delay = 1.00> <Adapter> <Opcode : 'read' 'write'>
ST_1 : Operation 56 [1/1] (0.00ns)   --->   "%tmp_6 = call i30 @_ssdm_op_PartSelect.i30.i32.i32.i32(i32 %B_read, i32 2, i32 31)"   --->   Operation 56 'partselect' 'tmp_6' <Predicate = true> <Delay = 0.00>
ST_1 : Operation 57 [1/1] (0.00ns)   --->   "%p_cast10 = zext i30 %tmp_6 to i31"   --->   Operation 57 'zext' 'p_cast10' <Predicate = true> <Delay = 0.00>
ST_1 : Operation 58 [1/1] (0.00ns)   --->   "%tmp_7 = call i30 @_ssdm_op_PartSelect.i30.i32.i32.i32(i32 %A_read, i32 2, i32 31)"   --->   Operation 58 'partselect' 'tmp_7' <Predicate = true> <Delay = 0.00>
ST_1 : Operation 59 [1/1] (0.00ns)   --->   "%p_cast9 = zext i30 %tmp_7 to i31"   --->   Operation 59 'zext' 'p_cast9' <Predicate = true> <Delay = 0.00>
ST_1 : Operation 60 [1/1] (0.00ns)   --->   "%tmp_8 = call i30 @_ssdm_op_PartSelect.i30.i32.i32.i32(i32 %C_read, i32 2, i32 31)"   --->   Operation 60 'partselect' 'tmp_8' <Predicate = true> <Delay = 0.00>
ST_1 : Operation 61 [1/1] (0.00ns)   --->   "%p_cast = zext i30 %tmp_8 to i31"   --->   Operation 61 'zext' 'p_cast' <Predicate = true> <Delay = 0.00>
ST_1 : Operation 62 [1/1] (0.00ns)   --->   "call void (...)* @_ssdm_op_SpecBitsMap(float* %func_bus), !map !11"   --->   Operation 62 'specbitsmap' <Predicate = true> <Delay = 0.00>
ST_1 : Operation 63 [1/1] (0.00ns)   --->   "call void (...)* @_ssdm_op_SpecBitsMap(float %alpha) nounwind, !map !19"   --->   Operation 63 'specbitsmap' <Predicate = true> <Delay = 0.00>
ST_1 : Operation 64 [1/1] (0.00ns)   --->   "call void (...)* @_ssdm_op_SpecBitsMap(float %beta) nounwind, !map !25"   --->   Operation 64 'specbitsmap' <Predicate = true> <Delay = 0.00>
ST_1 : Operation 65 [1/1] (0.00ns)   --->   "call void (...)* @_ssdm_op_SpecTopModule([12 x i8]* @kernel_gemm_str) nounwind"   --->   Operation 65 'spectopmodule' <Predicate = true> <Delay = 0.00>
ST_1 : Operation 66 [1/1] (0.00ns)   --->   "call void (...)* @_ssdm_op_SpecInterface(i32 %A, [10 x i8]* @p_str4, i32 0, i32 0, [1 x i8]* @p_str1, i32 0, i32 0, [9 x i8]* @p_str5, [1 x i8]* @p_str1, [1 x i8]* @p_str1, i32 0, i32 0, i32 0, i32 0, [1 x i8]* @p_str1, [1 x i8]* @p_str1)" [kernel_gemm.cpp:6]   --->   Operation 66 'specinterface' <Predicate = true> <Delay = 0.00>
ST_1 : Operation 67 [1/1] (0.00ns)   --->   "call void (...)* @_ssdm_op_SpecInterface(i32 %B, [10 x i8]* @p_str4, i32 0, i32 0, [1 x i8]* @p_str1, i32 0, i32 0, [9 x i8]* @p_str5, [1 x i8]* @p_str1, [1 x i8]* @p_str1, i32 0, i32 0, i32 0, i32 0, [1 x i8]* @p_str1, [1 x i8]* @p_str1)" [kernel_gemm.cpp:8]   --->   Operation 67 'specinterface' <Predicate = true> <Delay = 0.00>
ST_1 : Operation 68 [1/1] (0.00ns)   --->   "call void (...)* @_ssdm_op_SpecInterface(float* %func_bus, [6 x i8]* @p_str, i32 0, i32 0, [1 x i8]* @p_str1, i32 0, i32 0, [9 x i8]* @p_str2, [6 x i8]* @p_str3, [1 x i8]* @p_str1, i32 16, i32 16, i32 16, i32 16, [1 x i8]* @p_str1, [1 x i8]* @p_str1)" [kernel_gemm.cpp:9]   --->   Operation 68 'specinterface' <Predicate = true> <Delay = 0.00>
ST_1 : Operation 69 [1/1] (0.00ns)   --->   "call void (...)* @_ssdm_op_SpecInterface(i32 %C, [10 x i8]* @p_str4, i32 0, i32 0, [1 x i8]* @p_str1, i32 0, i32 0, [9 x i8]* @p_str5, [1 x i8]* @p_str1, [1 x i8]* @p_str1, i32 0, i32 0, i32 0, i32 0, [1 x i8]* @p_str1, [1 x i8]* @p_str1)" [kernel_gemm.cpp:10]   --->   Operation 69 'specinterface' <Predicate = true> <Delay = 0.00>
ST_1 : Operation 70 [1/1] (0.00ns)   --->   "call void (...)* @_ssdm_op_SpecInterface(i32 0, [10 x i8]* @p_str4, i32 0, i32 0, [1 x i8]* @p_str1, i32 0, i32 0, [9 x i8]* @p_str5, [1 x i8]* @p_str1, [1 x i8]* @p_str1, i32 0, i32 0, i32 0, i32 0, [1 x i8]* @p_str1, [1 x i8]* @p_str1) nounwind" [kernel_gemm.cpp:11]   --->   Operation 70 'specinterface' <Predicate = true> <Delay = 0.00>
ST_1 : Operation 71 [1/1] (0.60ns)   --->   "br label %1" [kernel_gemm.cpp:17]   --->   Operation 71 'br' <Predicate = true> <Delay = 0.60>

State 2 <SV = 1> <Delay = 0.86>
ST_2 : Operation 72 [1/1] (0.00ns)   --->   "%i_0 = phi i12 [ 0, %0 ], [ %i, %NI_LOOP_end ]"   --->   Operation 72 'phi' 'i_0' <Predicate = true> <Delay = 0.00>
ST_2 : Operation 73 [1/1] (0.62ns)   --->   "%icmp_ln17 = icmp eq i12 %i_0, -2048" [kernel_gemm.cpp:17]   --->   Operation 73 'icmp' 'icmp_ln17' <Predicate = true> <Delay = 0.62> <Core = "Cmp">   --->   Core 25 'Cmp' <Latency = 0> <II = 1> <Delay = 0.62> <FuncUnit> <Opcode : 'icmp'> <InPorts = 2> <OutPorts = 1>
ST_2 : Operation 74 [1/1] (0.00ns)   --->   "%empty = call i32 (...)* @_ssdm_op_SpecLoopTripCount(i64 2048, i64 2048, i64 2048) nounwind"   --->   Operation 74 'speclooptripcount' 'empty' <Predicate = true> <Delay = 0.00>
ST_2 : Operation 75 [1/1] (0.74ns)   --->   "%i = add i12 %i_0, 1" [kernel_gemm.cpp:17]   --->   Operation 75 'add' 'i' <Predicate = true> <Delay = 0.74> <Core = "AddSub">   --->   Core 14 'AddSub' <Latency = 0> <II = 1> <Delay = 0.86> <FuncUnit> <Opcode : 'add' 'sub'> <InPorts = 2> <OutPorts = 1>
ST_2 : Operation 76 [1/1] (0.00ns)   --->   "br i1 %icmp_ln17, label %6, label %NI_LOOP_begin" [kernel_gemm.cpp:17]   --->   Operation 76 'br' <Predicate = true> <Delay = 0.00>
ST_2 : Operation 77 [1/1] (0.00ns)   --->   "%trunc_ln19 = trunc i12 %i_0 to i11" [kernel_gemm.cpp:19]   --->   Operation 77 'trunc' 'trunc_ln19' <Predicate = (!icmp_ln17)> <Delay = 0.00>
ST_2 : Operation 78 [1/1] (0.00ns)   --->   "%shl_ln = call i22 @_ssdm_op_BitConcatenate.i22.i11.i11(i11 %trunc_ln19, i11 0)" [kernel_gemm.cpp:19]   --->   Operation 78 'bitconcatenate' 'shl_ln' <Predicate = (!icmp_ln17)> <Delay = 0.00>
ST_2 : Operation 79 [1/1] (0.00ns)   --->   "%zext_ln19 = zext i22 %shl_ln to i31" [kernel_gemm.cpp:19]   --->   Operation 79 'zext' 'zext_ln19' <Predicate = (!icmp_ln17)> <Delay = 0.00>
ST_2 : Operation 80 [1/1] (0.86ns)   --->   "%add_ln19 = add i31 %p_cast, %zext_ln19" [kernel_gemm.cpp:19]   --->   Operation 80 'add' 'add_ln19' <Predicate = (!icmp_ln17)> <Delay = 0.86> <Core = "AddSub">   --->   Core 14 'AddSub' <Latency = 0> <II = 1> <Delay = 0.86> <FuncUnit> <Opcode : 'add' 'sub'> <InPorts = 2> <OutPorts = 1>
ST_2 : Operation 81 [1/1] (0.00ns)   --->   "ret void" [kernel_gemm.cpp:27]   --->   Operation 81 'ret' <Predicate = (icmp_ln17)> <Delay = 0.00>

State 3 <SV = 2> <Delay = 2.91>
ST_3 : Operation 82 [1/1] (0.00ns)   --->   "%zext_ln19_1 = zext i31 %add_ln19 to i64" [kernel_gemm.cpp:19]   --->   Operation 82 'zext' 'zext_ln19_1' <Predicate = true> <Delay = 0.00>
ST_3 : Operation 83 [1/1] (0.00ns)   --->   "%func_bus_addr = getelementptr float* %func_bus, i64 %zext_ln19_1" [kernel_gemm.cpp:19]   --->   Operation 83 'getelementptr' 'func_bus_addr' <Predicate = true> <Delay = 0.00>
ST_3 : Operation 84 [7/7] (2.91ns)   --->   "%p_rd_req = call i1 @_ssdm_op_ReadReq.m_axi.floatP(float* %func_bus_addr, i32 2048)" [kernel_gemm.cpp:19]   --->   Operation 84 'readreq' 'p_rd_req' <Predicate = true> <Delay = 2.91> <Core = "m_axi">   --->   Core 9 'm_axi' <Latency = 6> <II = 1> <Delay = 1.00> <Adapter> <Opcode : 'read' 'write' 'readreq' 'writereq' 'writeresp'>

State 4 <SV = 3> <Delay = 2.91>
ST_4 : Operation 85 [6/7] (2.91ns)   --->   "%p_rd_req = call i1 @_ssdm_op_ReadReq.m_axi.floatP(float* %func_bus_addr, i32 2048)" [kernel_gemm.cpp:19]   --->   Operation 85 'readreq' 'p_rd_req' <Predicate = true> <Delay = 2.91> <Core = "m_axi">   --->   Core 9 'm_axi' <Latency = 6> <II = 1> <Delay = 1.00> <Adapter> <Opcode : 'read' 'write' 'readreq' 'writereq' 'writeresp'>

State 5 <SV = 4> <Delay = 2.91>
ST_5 : Operation 86 [5/7] (2.91ns)   --->   "%p_rd_req = call i1 @_ssdm_op_ReadReq.m_axi.floatP(float* %func_bus_addr, i32 2048)" [kernel_gemm.cpp:19]   --->   Operation 86 'readreq' 'p_rd_req' <Predicate = true> <Delay = 2.91> <Core = "m_axi">   --->   Core 9 'm_axi' <Latency = 6> <II = 1> <Delay = 1.00> <Adapter> <Opcode : 'read' 'write' 'readreq' 'writereq' 'writeresp'>

State 6 <SV = 5> <Delay = 2.91>
ST_6 : Operation 87 [4/7] (2.91ns)   --->   "%p_rd_req = call i1 @_ssdm_op_ReadReq.m_axi.floatP(float* %func_bus_addr, i32 2048)" [kernel_gemm.cpp:19]   --->   Operation 87 'readreq' 'p_rd_req' <Predicate = true> <Delay = 2.91> <Core = "m_axi">   --->   Core 9 'm_axi' <Latency = 6> <II = 1> <Delay = 1.00> <Adapter> <Opcode : 'read' 'write' 'readreq' 'writereq' 'writeresp'>

State 7 <SV = 6> <Delay = 2.91>
ST_7 : Operation 88 [3/7] (2.91ns)   --->   "%p_rd_req = call i1 @_ssdm_op_ReadReq.m_axi.floatP(float* %func_bus_addr, i32 2048)" [kernel_gemm.cpp:19]   --->   Operation 88 'readreq' 'p_rd_req' <Predicate = true> <Delay = 2.91> <Core = "m_axi">   --->   Core 9 'm_axi' <Latency = 6> <II = 1> <Delay = 1.00> <Adapter> <Opcode : 'read' 'write' 'readreq' 'writereq' 'writeresp'>

State 8 <SV = 7> <Delay = 2.91>
ST_8 : Operation 89 [2/7] (2.91ns)   --->   "%p_rd_req = call i1 @_ssdm_op_ReadReq.m_axi.floatP(float* %func_bus_addr, i32 2048)" [kernel_gemm.cpp:19]   --->   Operation 89 'readreq' 'p_rd_req' <Predicate = true> <Delay = 2.91> <Core = "m_axi">   --->   Core 9 'm_axi' <Latency = 6> <II = 1> <Delay = 1.00> <Adapter> <Opcode : 'read' 'write' 'readreq' 'writereq' 'writeresp'>

State 9 <SV = 8> <Delay = 2.91>
ST_9 : Operation 90 [1/1] (0.00ns)   --->   "call void (...)* @_ssdm_op_SpecLoopName([8 x i8]* @p_str6) nounwind" [kernel_gemm.cpp:17]   --->   Operation 90 'specloopname' <Predicate = true> <Delay = 0.00>
ST_9 : Operation 91 [1/1] (0.00ns)   --->   "%tmp_4 = call i32 (...)* @_ssdm_op_SpecRegionBegin([8 x i8]* @p_str6) nounwind" [kernel_gemm.cpp:17]   --->   Operation 91 'specregionbegin' 'tmp_4' <Predicate = true> <Delay = 0.00>
ST_9 : Operation 92 [1/7] (2.91ns)   --->   "%p_rd_req = call i1 @_ssdm_op_ReadReq.m_axi.floatP(float* %func_bus_addr, i32 2048)" [kernel_gemm.cpp:19]   --->   Operation 92 'readreq' 'p_rd_req' <Predicate = true> <Delay = 2.91> <Core = "m_axi">   --->   Core 9 'm_axi' <Latency = 6> <II = 1> <Delay = 1.00> <Adapter> <Opcode : 'read' 'write' 'readreq' 'writereq' 'writeresp'>
ST_9 : Operation 93 [1/1] (2.91ns)   --->   "%p_wr_req = call i1 @_ssdm_op_WriteReq.m_axi.floatP(float* %func_bus_addr, i32 2048)" [kernel_gemm.cpp:19]   --->   Operation 93 'writereq' 'p_wr_req' <Predicate = true> <Delay = 2.91> <Core = "m_axi">   --->   Core 9 'm_axi' <Latency = 6> <II = 1> <Delay = 1.00> <Adapter> <Opcode : 'read' 'write' 'readreq' 'writereq' 'writeresp'>
ST_9 : Operation 94 [1/1] (0.60ns)   --->   "br label %2" [kernel_gemm.cpp:18]   --->   Operation 94 'br' <Predicate = true> <Delay = 0.60>

State 10 <SV = 9> <Delay = 2.91>
ST_10 : Operation 95 [1/1] (0.00ns)   --->   "%j_0 = phi i12 [ 0, %NI_LOOP_begin ], [ %j, %3 ]"   --->   Operation 95 'phi' 'j_0' <Predicate = true> <Delay = 0.00>
ST_10 : Operation 96 [1/1] (0.62ns)   --->   "%icmp_ln18 = icmp eq i12 %j_0, -2048" [kernel_gemm.cpp:18]   --->   Operation 96 'icmp' 'icmp_ln18' <Predicate = true> <Delay = 0.62> <Core = "Cmp">   --->   Core 25 'Cmp' <Latency = 0> <II = 1> <Delay = 0.62> <FuncUnit> <Opcode : 'icmp'> <InPorts = 2> <OutPorts = 1>
ST_10 : Operation 97 [1/1] (0.00ns)   --->   "%empty_4 = call i32 (...)* @_ssdm_op_SpecLoopTripCount(i64 2048, i64 2048, i64 2048) nounwind"   --->   Operation 97 'speclooptripcount' 'empty_4' <Predicate = true> <Delay = 0.00>
ST_10 : Operation 98 [1/1] (0.74ns)   --->   "%j = add i12 %j_0, 1" [kernel_gemm.cpp:18]   --->   Operation 98 'add' 'j' <Predicate = true> <Delay = 0.74> <Core = "AddSub">   --->   Core 14 'AddSub' <Latency = 0> <II = 1> <Delay = 0.86> <FuncUnit> <Opcode : 'add' 'sub'> <InPorts = 2> <OutPorts = 1>
ST_10 : Operation 99 [1/1] (0.00ns)   --->   "br i1 %icmp_ln18, label %.preheader.preheader, label %3" [kernel_gemm.cpp:18]   --->   Operation 99 'br' <Predicate = true> <Delay = 0.00>
ST_10 : Operation 100 [1/1] (2.91ns)   --->   "%func_bus_addr_read = call float @_ssdm_op_Read.m_axi.floatP(float* %func_bus_addr)" [kernel_gemm.cpp:19]   --->   Operation 100 'read' 'func_bus_addr_read' <Predicate = (!icmp_ln18)> <Delay = 2.91> <Core = "m_axi">   --->   Core 9 'm_axi' <Latency = 6> <II = 1> <Delay = 1.00> <Adapter> <Opcode : 'read' 'write' 'readreq' 'writereq' 'writeresp'>
ST_10 : Operation 101 [5/5] (2.91ns)   --->   "%p_wr_resp = call i1 @_ssdm_op_WriteResp.m_axi.floatP(float* %func_bus_addr)" [kernel_gemm.cpp:19]   --->   Operation 101 'writeresp' 'p_wr_resp' <Predicate = (icmp_ln18)> <Delay = 2.91> <Core = "m_axi">   --->   Core 9 'm_axi' <Latency = 6> <II = 1> <Delay = 1.00> <Adapter> <Opcode : 'read' 'write' 'readreq' 'writereq' 'writeresp'>

State 11 <SV = 10> <Delay = 2.32>
ST_11 : Operation 102 [4/4] (2.32ns)   --->   "%tmp = fmul float %func_bus_addr_read, %beta_read" [kernel_gemm.cpp:19]   --->   Operation 102 'fmul' 'tmp' <Predicate = true> <Delay = 2.32> <Core = "FMul">   --->   Core 106 'FMul' <Latency = 3> <II = 1> <Delay = 2.32> <FuncUnit> <Opcode : 'fmul'> <InPorts = 2> <OutPorts = 1>

State 12 <SV = 11> <Delay = 2.32>
ST_12 : Operation 103 [3/4] (2.32ns)   --->   "%tmp = fmul float %func_bus_addr_read, %beta_read" [kernel_gemm.cpp:19]   --->   Operation 103 'fmul' 'tmp' <Predicate = true> <Delay = 2.32> <Core = "FMul">   --->   Core 106 'FMul' <Latency = 3> <II = 1> <Delay = 2.32> <FuncUnit> <Opcode : 'fmul'> <InPorts = 2> <OutPorts = 1>

State 13 <SV = 12> <Delay = 2.32>
ST_13 : Operation 104 [2/4] (2.32ns)   --->   "%tmp = fmul float %func_bus_addr_read, %beta_read" [kernel_gemm.cpp:19]   --->   Operation 104 'fmul' 'tmp' <Predicate = true> <Delay = 2.32> <Core = "FMul">   --->   Core 106 'FMul' <Latency = 3> <II = 1> <Delay = 2.32> <FuncUnit> <Opcode : 'fmul'> <InPorts = 2> <OutPorts = 1>

State 14 <SV = 13> <Delay = 2.32>
ST_14 : Operation 105 [1/4] (2.32ns)   --->   "%tmp = fmul float %func_bus_addr_read, %beta_read" [kernel_gemm.cpp:19]   --->   Operation 105 'fmul' 'tmp' <Predicate = true> <Delay = 2.32> <Core = "FMul">   --->   Core 106 'FMul' <Latency = 3> <II = 1> <Delay = 2.32> <FuncUnit> <Opcode : 'fmul'> <InPorts = 2> <OutPorts = 1>

State 15 <SV = 14> <Delay = 2.91>
ST_15 : Operation 106 [1/1] (0.00ns)   --->   "call void (...)* @_ssdm_op_SpecLoopName([10 x i8]* @p_str7) nounwind" [kernel_gemm.cpp:18]   --->   Operation 106 'specloopname' <Predicate = true> <Delay = 0.00>
ST_15 : Operation 107 [1/1] (2.91ns)   --->   "call void @_ssdm_op_Write.m_axi.floatP(float* %func_bus_addr, float %tmp, i4 -1)" [kernel_gemm.cpp:19]   --->   Operation 107 'write' <Predicate = true> <Delay = 2.91> <Core = "m_axi">   --->   Core 9 'm_axi' <Latency = 6> <II = 1> <Delay = 1.00> <Adapter> <Opcode : 'read' 'write' 'readreq' 'writereq' 'writeresp'>
ST_15 : Operation 108 [1/1] (0.00ns)   --->   "br label %2" [kernel_gemm.cpp:18]   --->   Operation 108 'br' <Predicate = true> <Delay = 0.00>

State 16 <SV = 10> <Delay = 2.91>
ST_16 : Operation 109 [4/5] (2.91ns)   --->   "%p_wr_resp = call i1 @_ssdm_op_WriteResp.m_axi.floatP(float* %func_bus_addr)" [kernel_gemm.cpp:19]   --->   Operation 109 'writeresp' 'p_wr_resp' <Predicate = true> <Delay = 2.91> <Core = "m_axi">   --->   Core 9 'm_axi' <Latency = 6> <II = 1> <Delay = 1.00> <Adapter> <Opcode : 'read' 'write' 'readreq' 'writereq' 'writeresp'>

State 17 <SV = 11> <Delay = 2.91>
ST_17 : Operation 110 [3/5] (2.91ns)   --->   "%p_wr_resp = call i1 @_ssdm_op_WriteResp.m_axi.floatP(float* %func_bus_addr)" [kernel_gemm.cpp:19]   --->   Operation 110 'writeresp' 'p_wr_resp' <Predicate = true> <Delay = 2.91> <Core = "m_axi">   --->   Core 9 'm_axi' <Latency = 6> <II = 1> <Delay = 1.00> <Adapter> <Opcode : 'read' 'write' 'readreq' 'writereq' 'writeresp'>

State 18 <SV = 12> <Delay = 2.91>
ST_18 : Operation 111 [2/5] (2.91ns)   --->   "%p_wr_resp = call i1 @_ssdm_op_WriteResp.m_axi.floatP(float* %func_bus_addr)" [kernel_gemm.cpp:19]   --->   Operation 111 'writeresp' 'p_wr_resp' <Predicate = true> <Delay = 2.91> <Core = "m_axi">   --->   Core 9 'm_axi' <Latency = 6> <II = 1> <Delay = 1.00> <Adapter> <Opcode : 'read' 'write' 'readreq' 'writereq' 'writeresp'>

State 19 <SV = 13> <Delay = 2.91>
ST_19 : Operation 112 [1/5] (2.91ns)   --->   "%p_wr_resp = call i1 @_ssdm_op_WriteResp.m_axi.floatP(float* %func_bus_addr)" [kernel_gemm.cpp:19]   --->   Operation 112 'writeresp' 'p_wr_resp' <Predicate = true> <Delay = 2.91> <Core = "m_axi">   --->   Core 9 'm_axi' <Latency = 6> <II = 1> <Delay = 1.00> <Adapter> <Opcode : 'read' 'write' 'readreq' 'writereq' 'writeresp'>
ST_19 : Operation 113 [1/1] (0.60ns)   --->   "br label %.preheader" [kernel_gemm.cpp:21]   --->   Operation 113 'br' <Predicate = true> <Delay = 0.60>

State 20 <SV = 14> <Delay = 1.68>
ST_20 : Operation 114 [1/1] (0.00ns)   --->   "%j1_0 = phi i12 [ %j_1, %NJ_LOOP_2_end ], [ 0, %.preheader.preheader ]"   --->   Operation 114 'phi' 'j1_0' <Predicate = true> <Delay = 0.00>
ST_20 : Operation 115 [1/1] (0.00ns)   --->   "%zext_ln21 = zext i12 %j1_0 to i22" [kernel_gemm.cpp:21]   --->   Operation 115 'zext' 'zext_ln21' <Predicate = true> <Delay = 0.00>
ST_20 : Operation 116 [1/1] (0.62ns)   --->   "%icmp_ln21 = icmp eq i12 %j1_0, -2048" [kernel_gemm.cpp:21]   --->   Operation 116 'icmp' 'icmp_ln21' <Predicate = true> <Delay = 0.62> <Core = "Cmp">   --->   Core 25 'Cmp' <Latency = 0> <II = 1> <Delay = 0.62> <FuncUnit> <Opcode : 'icmp'> <InPorts = 2> <OutPorts = 1>
ST_20 : Operation 117 [1/1] (0.00ns)   --->   "%empty_5 = call i32 (...)* @_ssdm_op_SpecLoopTripCount(i64 2048, i64 2048, i64 2048) nounwind"   --->   Operation 117 'speclooptripcount' 'empty_5' <Predicate = true> <Delay = 0.00>
ST_20 : Operation 118 [1/1] (0.74ns)   --->   "%j_1 = add i12 %j1_0, 1" [kernel_gemm.cpp:21]   --->   Operation 118 'add' 'j_1' <Predicate = true> <Delay = 0.74> <Core = "AddSub">   --->   Core 14 'AddSub' <Latency = 0> <II = 1> <Delay = 0.86> <FuncUnit> <Opcode : 'add' 'sub'> <InPorts = 2> <OutPorts = 1>
ST_20 : Operation 119 [1/1] (0.00ns)   --->   "br i1 %icmp_ln21, label %NI_LOOP_end, label %NJ_LOOP_2_begin" [kernel_gemm.cpp:21]   --->   Operation 119 'br' <Predicate = true> <Delay = 0.00>
ST_20 : Operation 120 [1/1] (0.00ns)   --->   "call void (...)* @_ssdm_op_SpecLoopName([10 x i8]* @p_str8) nounwind" [kernel_gemm.cpp:21]   --->   Operation 120 'specloopname' <Predicate = (!icmp_ln21)> <Delay = 0.00>
ST_20 : Operation 121 [1/1] (0.00ns)   --->   "%tmp_5 = call i32 (...)* @_ssdm_op_SpecRegionBegin([10 x i8]* @p_str8) nounwind" [kernel_gemm.cpp:21]   --->   Operation 121 'specregionbegin' 'tmp_5' <Predicate = (!icmp_ln21)> <Delay = 0.00>
ST_20 : Operation 122 [1/1] (0.82ns)   --->   "%add_ln23 = add i22 %zext_ln21, %shl_ln" [kernel_gemm.cpp:23]   --->   Operation 122 'add' 'add_ln23' <Predicate = (!icmp_ln21)> <Delay = 0.82> <Core = "AddSub">   --->   Core 14 'AddSub' <Latency = 0> <II = 1> <Delay = 0.86> <FuncUnit> <Opcode : 'add' 'sub'> <InPorts = 2> <OutPorts = 1>
ST_20 : Operation 123 [1/1] (0.00ns)   --->   "%zext_ln23 = zext i22 %add_ln23 to i31" [kernel_gemm.cpp:23]   --->   Operation 123 'zext' 'zext_ln23' <Predicate = (!icmp_ln21)> <Delay = 0.00>
ST_20 : Operation 124 [1/1] (0.86ns)   --->   "%add_ln23_3 = add i31 %zext_ln23, %p_cast" [kernel_gemm.cpp:23]   --->   Operation 124 'add' 'add_ln23_3' <Predicate = (!icmp_ln21)> <Delay = 0.86> <Core = "AddSub">   --->   Core 14 'AddSub' <Latency = 0> <II = 1> <Delay = 0.86> <FuncUnit> <Opcode : 'add' 'sub'> <InPorts = 2> <OutPorts = 1>
ST_20 : Operation 125 [1/1] (0.00ns)   --->   "%zext_ln23_1 = zext i31 %add_ln23_3 to i64" [kernel_gemm.cpp:23]   --->   Operation 125 'zext' 'zext_ln23_1' <Predicate = (!icmp_ln21)> <Delay = 0.00>
ST_20 : Operation 126 [1/1] (0.00ns)   --->   "%func_bus_addr_1 = getelementptr float* %func_bus, i64 %zext_ln23_1" [kernel_gemm.cpp:23]   --->   Operation 126 'getelementptr' 'func_bus_addr_1' <Predicate = (!icmp_ln21)> <Delay = 0.00>
ST_20 : Operation 127 [1/1] (0.60ns)   --->   "br label %4" [kernel_gemm.cpp:22]   --->   Operation 127 'br' <Predicate = (!icmp_ln21)> <Delay = 0.60>
ST_20 : Operation 128 [1/1] (0.00ns)   --->   "%empty_8 = call i32 (...)* @_ssdm_op_SpecRegionEnd([8 x i8]* @p_str6, i32 %tmp_4) nounwind" [kernel_gemm.cpp:26]   --->   Operation 128 'specregionend' 'empty_8' <Predicate = (icmp_ln21)> <Delay = 0.00>
ST_20 : Operation 129 [1/1] (0.00ns)   --->   "br label %1" [kernel_gemm.cpp:17]   --->   Operation 129 'br' <Predicate = (icmp_ln21)> <Delay = 0.00>

State 21 <SV = 15> <Delay = 1.68>
ST_21 : Operation 130 [1/1] (0.00ns)   --->   "%k_0 = phi i12 [ 0, %NJ_LOOP_2_begin ], [ %k, %5 ]"   --->   Operation 130 'phi' 'k_0' <Predicate = true> <Delay = 0.00>
ST_21 : Operation 131 [1/1] (0.00ns)   --->   "%zext_ln22 = zext i12 %k_0 to i22" [kernel_gemm.cpp:22]   --->   Operation 131 'zext' 'zext_ln22' <Predicate = true> <Delay = 0.00>
ST_21 : Operation 132 [1/1] (0.62ns)   --->   "%icmp_ln22 = icmp eq i12 %k_0, -2048" [kernel_gemm.cpp:22]   --->   Operation 132 'icmp' 'icmp_ln22' <Predicate = true> <Delay = 0.62> <Core = "Cmp">   --->   Core 25 'Cmp' <Latency = 0> <II = 1> <Delay = 0.62> <FuncUnit> <Opcode : 'icmp'> <InPorts = 2> <OutPorts = 1>
ST_21 : Operation 133 [1/1] (0.00ns)   --->   "%empty_6 = call i32 (...)* @_ssdm_op_SpecLoopTripCount(i64 2048, i64 2048, i64 2048) nounwind"   --->   Operation 133 'speclooptripcount' 'empty_6' <Predicate = true> <Delay = 0.00>
ST_21 : Operation 134 [1/1] (0.74ns)   --->   "%k = add i12 %k_0, 1" [kernel_gemm.cpp:22]   --->   Operation 134 'add' 'k' <Predicate = true> <Delay = 0.74> <Core = "AddSub">   --->   Core 14 'AddSub' <Latency = 0> <II = 1> <Delay = 0.86> <FuncUnit> <Opcode : 'add' 'sub'> <InPorts = 2> <OutPorts = 1>
ST_21 : Operation 135 [1/1] (0.00ns)   --->   "br i1 %icmp_ln22, label %NJ_LOOP_2_end, label %5" [kernel_gemm.cpp:22]   --->   Operation 135 'br' <Predicate = true> <Delay = 0.00>
ST_21 : Operation 136 [1/1] (0.82ns)   --->   "%add_ln23_1 = add i22 %shl_ln, %zext_ln22" [kernel_gemm.cpp:23]   --->   Operation 136 'add' 'add_ln23_1' <Predicate = (!icmp_ln22)> <Delay = 0.82> <Core = "AddSub">   --->   Core 14 'AddSub' <Latency = 0> <II = 1> <Delay = 0.86> <FuncUnit> <Opcode : 'add' 'sub'> <InPorts = 2> <OutPorts = 1>
ST_21 : Operation 137 [1/1] (0.00ns)   --->   "%zext_ln23_2 = zext i22 %add_ln23_1 to i31" [kernel_gemm.cpp:23]   --->   Operation 137 'zext' 'zext_ln23_2' <Predicate = (!icmp_ln22)> <Delay = 0.00>
ST_21 : Operation 138 [1/1] (0.86ns)   --->   "%add_ln23_4 = add i31 %p_cast9, %zext_ln23_2" [kernel_gemm.cpp:23]   --->   Operation 138 'add' 'add_ln23_4' <Predicate = (!icmp_ln22)> <Delay = 0.86> <Core = "AddSub">   --->   Core 14 'AddSub' <Latency = 0> <II = 1> <Delay = 0.86> <FuncUnit> <Opcode : 'add' 'sub'> <InPorts = 2> <OutPorts = 1>
ST_21 : Operation 139 [1/1] (0.00ns)   --->   "%trunc_ln23 = trunc i12 %k_0 to i11" [kernel_gemm.cpp:23]   --->   Operation 139 'trunc' 'trunc_ln23' <Predicate = (!icmp_ln22)> <Delay = 0.00>
ST_21 : Operation 140 [1/1] (0.00ns)   --->   "%shl_ln1 = call i22 @_ssdm_op_BitConcatenate.i22.i11.i11(i11 %trunc_ln23, i11 0)" [kernel_gemm.cpp:23]   --->   Operation 140 'bitconcatenate' 'shl_ln1' <Predicate = (!icmp_ln22)> <Delay = 0.00>
ST_21 : Operation 141 [1/1] (0.82ns)   --->   "%add_ln23_2 = add i22 %zext_ln21, %shl_ln1" [kernel_gemm.cpp:23]   --->   Operation 141 'add' 'add_ln23_2' <Predicate = (!icmp_ln22)> <Delay = 0.82> <Core = "AddSub">   --->   Core 14 'AddSub' <Latency = 0> <II = 1> <Delay = 0.86> <FuncUnit> <Opcode : 'add' 'sub'> <InPorts = 2> <OutPorts = 1>
ST_21 : Operation 142 [1/1] (0.00ns)   --->   "%zext_ln23_4 = zext i22 %add_ln23_2 to i31" [kernel_gemm.cpp:23]   --->   Operation 142 'zext' 'zext_ln23_4' <Predicate = (!icmp_ln22)> <Delay = 0.00>
ST_21 : Operation 143 [1/1] (0.86ns)   --->   "%add_ln23_5 = add i31 %p_cast10, %zext_ln23_4" [kernel_gemm.cpp:23]   --->   Operation 143 'add' 'add_ln23_5' <Predicate = (!icmp_ln22)> <Delay = 0.86> <Core = "AddSub">   --->   Core 14 'AddSub' <Latency = 0> <II = 1> <Delay = 0.86> <FuncUnit> <Opcode : 'add' 'sub'> <InPorts = 2> <OutPorts = 1>
ST_21 : Operation 144 [1/1] (0.00ns)   --->   "%empty_7 = call i32 (...)* @_ssdm_op_SpecRegionEnd([10 x i8]* @p_str8, i32 %tmp_5) nounwind" [kernel_gemm.cpp:25]   --->   Operation 144 'specregionend' 'empty_7' <Predicate = (icmp_ln22)> <Delay = 0.00>
ST_21 : Operation 145 [1/1] (0.00ns)   --->   "br label %.preheader" [kernel_gemm.cpp:21]   --->   Operation 145 'br' <Predicate = (icmp_ln22)> <Delay = 0.00>

State 22 <SV = 16> <Delay = 2.91>
ST_22 : Operation 146 [1/1] (0.00ns)   --->   "%zext_ln23_3 = zext i31 %add_ln23_4 to i64" [kernel_gemm.cpp:23]   --->   Operation 146 'zext' 'zext_ln23_3' <Predicate = true> <Delay = 0.00>
ST_22 : Operation 147 [1/1] (0.00ns)   --->   "%func_bus_addr_2 = getelementptr float* %func_bus, i64 %zext_ln23_3" [kernel_gemm.cpp:23]   --->   Operation 147 'getelementptr' 'func_bus_addr_2' <Predicate = true> <Delay = 0.00>
ST_22 : Operation 148 [7/7] (2.91ns)   --->   "%func_bus_load_1_req = call i1 @_ssdm_op_ReadReq.m_axi.floatP(float* %func_bus_addr_2, i32 1)" [kernel_gemm.cpp:23]   --->   Operation 148 'readreq' 'func_bus_load_1_req' <Predicate = true> <Delay = 2.91> <Core = "m_axi">   --->   Core 9 'm_axi' <Latency = 6> <II = 1> <Delay = 1.00> <Adapter> <Opcode : 'read' 'write' 'readreq' 'writereq' 'writeresp'>

State 23 <SV = 17> <Delay = 2.91>
ST_23 : Operation 149 [6/7] (2.91ns)   --->   "%func_bus_load_1_req = call i1 @_ssdm_op_ReadReq.m_axi.floatP(float* %func_bus_addr_2, i32 1)" [kernel_gemm.cpp:23]   --->   Operation 149 'readreq' 'func_bus_load_1_req' <Predicate = true> <Delay = 2.91> <Core = "m_axi">   --->   Core 9 'm_axi' <Latency = 6> <II = 1> <Delay = 1.00> <Adapter> <Opcode : 'read' 'write' 'readreq' 'writereq' 'writeresp'>

State 24 <SV = 18> <Delay = 2.91>
ST_24 : Operation 150 [5/7] (2.91ns)   --->   "%func_bus_load_1_req = call i1 @_ssdm_op_ReadReq.m_axi.floatP(float* %func_bus_addr_2, i32 1)" [kernel_gemm.cpp:23]   --->   Operation 150 'readreq' 'func_bus_load_1_req' <Predicate = true> <Delay = 2.91> <Core = "m_axi">   --->   Core 9 'm_axi' <Latency = 6> <II = 1> <Delay = 1.00> <Adapter> <Opcode : 'read' 'write' 'readreq' 'writereq' 'writeresp'>

State 25 <SV = 19> <Delay = 2.91>
ST_25 : Operation 151 [4/7] (2.91ns)   --->   "%func_bus_load_1_req = call i1 @_ssdm_op_ReadReq.m_axi.floatP(float* %func_bus_addr_2, i32 1)" [kernel_gemm.cpp:23]   --->   Operation 151 'readreq' 'func_bus_load_1_req' <Predicate = true> <Delay = 2.91> <Core = "m_axi">   --->   Core 9 'm_axi' <Latency = 6> <II = 1> <Delay = 1.00> <Adapter> <Opcode : 'read' 'write' 'readreq' 'writereq' 'writeresp'>

State 26 <SV = 20> <Delay = 2.91>
ST_26 : Operation 152 [3/7] (2.91ns)   --->   "%func_bus_load_1_req = call i1 @_ssdm_op_ReadReq.m_axi.floatP(float* %func_bus_addr_2, i32 1)" [kernel_gemm.cpp:23]   --->   Operation 152 'readreq' 'func_bus_load_1_req' <Predicate = true> <Delay = 2.91> <Core = "m_axi">   --->   Core 9 'm_axi' <Latency = 6> <II = 1> <Delay = 1.00> <Adapter> <Opcode : 'read' 'write' 'readreq' 'writereq' 'writeresp'>
ST_26 : Operation 153 [1/1] (0.00ns)   --->   "%zext_ln23_5 = zext i31 %add_ln23_5 to i64" [kernel_gemm.cpp:23]   --->   Operation 153 'zext' 'zext_ln23_5' <Predicate = true> <Delay = 0.00>
ST_26 : Operation 154 [1/1] (0.00ns)   --->   "%func_bus_addr_3 = getelementptr float* %func_bus, i64 %zext_ln23_5" [kernel_gemm.cpp:23]   --->   Operation 154 'getelementptr' 'func_bus_addr_3' <Predicate = true> <Delay = 0.00>
ST_26 : Operation 155 [7/7] (2.91ns)   --->   "%func_bus_load_2_req = call i1 @_ssdm_op_ReadReq.m_axi.floatP(float* %func_bus_addr_3, i32 1)" [kernel_gemm.cpp:23]   --->   Operation 155 'readreq' 'func_bus_load_2_req' <Predicate = true> <Delay = 2.91> <Core = "m_axi">   --->   Core 9 'm_axi' <Latency = 6> <II = 1> <Delay = 1.00> <Adapter> <Opcode : 'read' 'write' 'readreq' 'writereq' 'writeresp'>

State 27 <SV = 21> <Delay = 2.91>
ST_27 : Operation 156 [2/7] (2.91ns)   --->   "%func_bus_load_1_req = call i1 @_ssdm_op_ReadReq.m_axi.floatP(float* %func_bus_addr_2, i32 1)" [kernel_gemm.cpp:23]   --->   Operation 156 'readreq' 'func_bus_load_1_req' <Predicate = true> <Delay = 2.91> <Core = "m_axi">   --->   Core 9 'm_axi' <Latency = 6> <II = 1> <Delay = 1.00> <Adapter> <Opcode : 'read' 'write' 'readreq' 'writereq' 'writeresp'>
ST_27 : Operation 157 [6/7] (2.91ns)   --->   "%func_bus_load_2_req = call i1 @_ssdm_op_ReadReq.m_axi.floatP(float* %func_bus_addr_3, i32 1)" [kernel_gemm.cpp:23]   --->   Operation 157 'readreq' 'func_bus_load_2_req' <Predicate = true> <Delay = 2.91> <Core = "m_axi">   --->   Core 9 'm_axi' <Latency = 6> <II = 1> <Delay = 1.00> <Adapter> <Opcode : 'read' 'write' 'readreq' 'writereq' 'writeresp'>

State 28 <SV = 22> <Delay = 2.91>
ST_28 : Operation 158 [1/7] (2.91ns)   --->   "%func_bus_load_1_req = call i1 @_ssdm_op_ReadReq.m_axi.floatP(float* %func_bus_addr_2, i32 1)" [kernel_gemm.cpp:23]   --->   Operation 158 'readreq' 'func_bus_load_1_req' <Predicate = true> <Delay = 2.91> <Core = "m_axi">   --->   Core 9 'm_axi' <Latency = 6> <II = 1> <Delay = 1.00> <Adapter> <Opcode : 'read' 'write' 'readreq' 'writereq' 'writeresp'>
ST_28 : Operation 159 [5/7] (2.91ns)   --->   "%func_bus_load_2_req = call i1 @_ssdm_op_ReadReq.m_axi.floatP(float* %func_bus_addr_3, i32 1)" [kernel_gemm.cpp:23]   --->   Operation 159 'readreq' 'func_bus_load_2_req' <Predicate = true> <Delay = 2.91> <Core = "m_axi">   --->   Core 9 'm_axi' <Latency = 6> <II = 1> <Delay = 1.00> <Adapter> <Opcode : 'read' 'write' 'readreq' 'writereq' 'writeresp'>

State 29 <SV = 23> <Delay = 2.91>
ST_29 : Operation 160 [1/1] (2.91ns)   --->   "%func_bus_addr_2_read = call float @_ssdm_op_Read.m_axi.floatP(float* %func_bus_addr_2)" [kernel_gemm.cpp:23]   --->   Operation 160 'read' 'func_bus_addr_2_read' <Predicate = true> <Delay = 2.91> <Core = "m_axi">   --->   Core 9 'm_axi' <Latency = 6> <II = 1> <Delay = 1.00> <Adapter> <Opcode : 'read' 'write' 'readreq' 'writereq' 'writeresp'>
ST_29 : Operation 161 [4/7] (2.91ns)   --->   "%func_bus_load_2_req = call i1 @_ssdm_op_ReadReq.m_axi.floatP(float* %func_bus_addr_3, i32 1)" [kernel_gemm.cpp:23]   --->   Operation 161 'readreq' 'func_bus_load_2_req' <Predicate = true> <Delay = 2.91> <Core = "m_axi">   --->   Core 9 'm_axi' <Latency = 6> <II = 1> <Delay = 1.00> <Adapter> <Opcode : 'read' 'write' 'readreq' 'writereq' 'writeresp'>

State 30 <SV = 24> <Delay = 2.91>
ST_30 : Operation 162 [4/4] (2.32ns)   --->   "%tmp_1 = fmul float %func_bus_addr_2_read, %alpha_read" [kernel_gemm.cpp:23]   --->   Operation 162 'fmul' 'tmp_1' <Predicate = true> <Delay = 2.32> <Core = "FMul">   --->   Core 106 'FMul' <Latency = 3> <II = 1> <Delay = 2.32> <FuncUnit> <Opcode : 'fmul'> <InPorts = 2> <OutPorts = 1>
ST_30 : Operation 163 [3/7] (2.91ns)   --->   "%func_bus_load_2_req = call i1 @_ssdm_op_ReadReq.m_axi.floatP(float* %func_bus_addr_3, i32 1)" [kernel_gemm.cpp:23]   --->   Operation 163 'readreq' 'func_bus_load_2_req' <Predicate = true> <Delay = 2.91> <Core = "m_axi">   --->   Core 9 'm_axi' <Latency = 6> <II = 1> <Delay = 1.00> <Adapter> <Opcode : 'read' 'write' 'readreq' 'writereq' 'writeresp'>
ST_30 : Operation 164 [7/7] (2.91ns)   --->   "%func_bus_load_3_req = call i1 @_ssdm_op_ReadReq.m_axi.floatP(float* %func_bus_addr_1, i32 1)" [kernel_gemm.cpp:23]   --->   Operation 164 'readreq' 'func_bus_load_3_req' <Predicate = true> <Delay = 2.91> <Core = "m_axi">   --->   Core 9 'm_axi' <Latency = 6> <II = 1> <Delay = 1.00> <Adapter> <Opcode : 'read' 'write' 'readreq' 'writereq' 'writeresp'>

State 31 <SV = 25> <Delay = 2.91>
ST_31 : Operation 165 [3/4] (2.32ns)   --->   "%tmp_1 = fmul float %func_bus_addr_2_read, %alpha_read" [kernel_gemm.cpp:23]   --->   Operation 165 'fmul' 'tmp_1' <Predicate = true> <Delay = 2.32> <Core = "FMul">   --->   Core 106 'FMul' <Latency = 3> <II = 1> <Delay = 2.32> <FuncUnit> <Opcode : 'fmul'> <InPorts = 2> <OutPorts = 1>
ST_31 : Operation 166 [2/7] (2.91ns)   --->   "%func_bus_load_2_req = call i1 @_ssdm_op_ReadReq.m_axi.floatP(float* %func_bus_addr_3, i32 1)" [kernel_gemm.cpp:23]   --->   Operation 166 'readreq' 'func_bus_load_2_req' <Predicate = true> <Delay = 2.91> <Core = "m_axi">   --->   Core 9 'm_axi' <Latency = 6> <II = 1> <Delay = 1.00> <Adapter> <Opcode : 'read' 'write' 'readreq' 'writereq' 'writeresp'>
ST_31 : Operation 167 [6/7] (2.91ns)   --->   "%func_bus_load_3_req = call i1 @_ssdm_op_ReadReq.m_axi.floatP(float* %func_bus_addr_1, i32 1)" [kernel_gemm.cpp:23]   --->   Operation 167 'readreq' 'func_bus_load_3_req' <Predicate = true> <Delay = 2.91> <Core = "m_axi">   --->   Core 9 'm_axi' <Latency = 6> <II = 1> <Delay = 1.00> <Adapter> <Opcode : 'read' 'write' 'readreq' 'writereq' 'writeresp'>

State 32 <SV = 26> <Delay = 2.91>
ST_32 : Operation 168 [2/4] (2.32ns)   --->   "%tmp_1 = fmul float %func_bus_addr_2_read, %alpha_read" [kernel_gemm.cpp:23]   --->   Operation 168 'fmul' 'tmp_1' <Predicate = true> <Delay = 2.32> <Core = "FMul">   --->   Core 106 'FMul' <Latency = 3> <II = 1> <Delay = 2.32> <FuncUnit> <Opcode : 'fmul'> <InPorts = 2> <OutPorts = 1>
ST_32 : Operation 169 [1/7] (2.91ns)   --->   "%func_bus_load_2_req = call i1 @_ssdm_op_ReadReq.m_axi.floatP(float* %func_bus_addr_3, i32 1)" [kernel_gemm.cpp:23]   --->   Operation 169 'readreq' 'func_bus_load_2_req' <Predicate = true> <Delay = 2.91> <Core = "m_axi">   --->   Core 9 'm_axi' <Latency = 6> <II = 1> <Delay = 1.00> <Adapter> <Opcode : 'read' 'write' 'readreq' 'writereq' 'writeresp'>
ST_32 : Operation 170 [5/7] (2.91ns)   --->   "%func_bus_load_3_req = call i1 @_ssdm_op_ReadReq.m_axi.floatP(float* %func_bus_addr_1, i32 1)" [kernel_gemm.cpp:23]   --->   Operation 170 'readreq' 'func_bus_load_3_req' <Predicate = true> <Delay = 2.91> <Core = "m_axi">   --->   Core 9 'm_axi' <Latency = 6> <II = 1> <Delay = 1.00> <Adapter> <Opcode : 'read' 'write' 'readreq' 'writereq' 'writeresp'>

State 33 <SV = 27> <Delay = 2.91>
ST_33 : Operation 171 [1/4] (2.32ns)   --->   "%tmp_1 = fmul float %func_bus_addr_2_read, %alpha_read" [kernel_gemm.cpp:23]   --->   Operation 171 'fmul' 'tmp_1' <Predicate = true> <Delay = 2.32> <Core = "FMul">   --->   Core 106 'FMul' <Latency = 3> <II = 1> <Delay = 2.32> <FuncUnit> <Opcode : 'fmul'> <InPorts = 2> <OutPorts = 1>
ST_33 : Operation 172 [1/1] (2.91ns)   --->   "%func_bus_addr_3_read = call float @_ssdm_op_Read.m_axi.floatP(float* %func_bus_addr_3)" [kernel_gemm.cpp:23]   --->   Operation 172 'read' 'func_bus_addr_3_read' <Predicate = true> <Delay = 2.91> <Core = "m_axi">   --->   Core 9 'm_axi' <Latency = 6> <II = 1> <Delay = 1.00> <Adapter> <Opcode : 'read' 'write' 'readreq' 'writereq' 'writeresp'>
ST_33 : Operation 173 [4/7] (2.91ns)   --->   "%func_bus_load_3_req = call i1 @_ssdm_op_ReadReq.m_axi.floatP(float* %func_bus_addr_1, i32 1)" [kernel_gemm.cpp:23]   --->   Operation 173 'readreq' 'func_bus_load_3_req' <Predicate = true> <Delay = 2.91> <Core = "m_axi">   --->   Core 9 'm_axi' <Latency = 6> <II = 1> <Delay = 1.00> <Adapter> <Opcode : 'read' 'write' 'readreq' 'writereq' 'writeresp'>

State 34 <SV = 28> <Delay = 2.91>
ST_34 : Operation 174 [4/4] (2.32ns)   --->   "%tmp_2 = fmul float %tmp_1, %func_bus_addr_3_read" [kernel_gemm.cpp:23]   --->   Operation 174 'fmul' 'tmp_2' <Predicate = true> <Delay = 2.32> <Core = "FMul">   --->   Core 106 'FMul' <Latency = 3> <II = 1> <Delay = 2.32> <FuncUnit> <Opcode : 'fmul'> <InPorts = 2> <OutPorts = 1>
ST_34 : Operation 175 [3/7] (2.91ns)   --->   "%func_bus_load_3_req = call i1 @_ssdm_op_ReadReq.m_axi.floatP(float* %func_bus_addr_1, i32 1)" [kernel_gemm.cpp:23]   --->   Operation 175 'readreq' 'func_bus_load_3_req' <Predicate = true> <Delay = 2.91> <Core = "m_axi">   --->   Core 9 'm_axi' <Latency = 6> <II = 1> <Delay = 1.00> <Adapter> <Opcode : 'read' 'write' 'readreq' 'writereq' 'writeresp'>

State 35 <SV = 29> <Delay = 2.91>
ST_35 : Operation 176 [3/4] (2.32ns)   --->   "%tmp_2 = fmul float %tmp_1, %func_bus_addr_3_read" [kernel_gemm.cpp:23]   --->   Operation 176 'fmul' 'tmp_2' <Predicate = true> <Delay = 2.32> <Core = "FMul">   --->   Core 106 'FMul' <Latency = 3> <II = 1> <Delay = 2.32> <FuncUnit> <Opcode : 'fmul'> <InPorts = 2> <OutPorts = 1>
ST_35 : Operation 177 [2/7] (2.91ns)   --->   "%func_bus_load_3_req = call i1 @_ssdm_op_ReadReq.m_axi.floatP(float* %func_bus_addr_1, i32 1)" [kernel_gemm.cpp:23]   --->   Operation 177 'readreq' 'func_bus_load_3_req' <Predicate = true> <Delay = 2.91> <Core = "m_axi">   --->   Core 9 'm_axi' <Latency = 6> <II = 1> <Delay = 1.00> <Adapter> <Opcode : 'read' 'write' 'readreq' 'writereq' 'writeresp'>

State 36 <SV = 30> <Delay = 2.91>
ST_36 : Operation 178 [2/4] (2.32ns)   --->   "%tmp_2 = fmul float %tmp_1, %func_bus_addr_3_read" [kernel_gemm.cpp:23]   --->   Operation 178 'fmul' 'tmp_2' <Predicate = true> <Delay = 2.32> <Core = "FMul">   --->   Core 106 'FMul' <Latency = 3> <II = 1> <Delay = 2.32> <FuncUnit> <Opcode : 'fmul'> <InPorts = 2> <OutPorts = 1>
ST_36 : Operation 179 [1/7] (2.91ns)   --->   "%func_bus_load_3_req = call i1 @_ssdm_op_ReadReq.m_axi.floatP(float* %func_bus_addr_1, i32 1)" [kernel_gemm.cpp:23]   --->   Operation 179 'readreq' 'func_bus_load_3_req' <Predicate = true> <Delay = 2.91> <Core = "m_axi">   --->   Core 9 'm_axi' <Latency = 6> <II = 1> <Delay = 1.00> <Adapter> <Opcode : 'read' 'write' 'readreq' 'writereq' 'writeresp'>

State 37 <SV = 31> <Delay = 2.91>
ST_37 : Operation 180 [1/4] (2.32ns)   --->   "%tmp_2 = fmul float %tmp_1, %func_bus_addr_3_read" [kernel_gemm.cpp:23]   --->   Operation 180 'fmul' 'tmp_2' <Predicate = true> <Delay = 2.32> <Core = "FMul">   --->   Core 106 'FMul' <Latency = 3> <II = 1> <Delay = 2.32> <FuncUnit> <Opcode : 'fmul'> <InPorts = 2> <OutPorts = 1>
ST_37 : Operation 181 [1/1] (2.91ns)   --->   "%func_bus_addr_1_read = call float @_ssdm_op_Read.m_axi.floatP(float* %func_bus_addr_1)" [kernel_gemm.cpp:23]   --->   Operation 181 'read' 'func_bus_addr_1_read' <Predicate = true> <Delay = 2.91> <Core = "m_axi">   --->   Core 9 'm_axi' <Latency = 6> <II = 1> <Delay = 1.00> <Adapter> <Opcode : 'read' 'write' 'readreq' 'writereq' 'writeresp'>

State 38 <SV = 32> <Delay = 2.34>
ST_38 : Operation 182 [7/7] (2.34ns)   --->   "%tmp_3 = fadd float %func_bus_addr_1_read, %tmp_2" [kernel_gemm.cpp:23]   --->   Operation 182 'fadd' 'tmp_3' <Predicate = true> <Delay = 2.34> <Core = "FAddSub">   --->   Core 105 'FAddSub' <Latency = 6> <II = 1> <Delay = 2.34> <FuncUnit> <Opcode : 'fadd' 'fsub'> <InPorts = 2> <OutPorts = 1>

State 39 <SV = 33> <Delay = 2.34>
ST_39 : Operation 183 [6/7] (2.34ns)   --->   "%tmp_3 = fadd float %func_bus_addr_1_read, %tmp_2" [kernel_gemm.cpp:23]   --->   Operation 183 'fadd' 'tmp_3' <Predicate = true> <Delay = 2.34> <Core = "FAddSub">   --->   Core 105 'FAddSub' <Latency = 6> <II = 1> <Delay = 2.34> <FuncUnit> <Opcode : 'fadd' 'fsub'> <InPorts = 2> <OutPorts = 1>

State 40 <SV = 34> <Delay = 2.34>
ST_40 : Operation 184 [5/7] (2.34ns)   --->   "%tmp_3 = fadd float %func_bus_addr_1_read, %tmp_2" [kernel_gemm.cpp:23]   --->   Operation 184 'fadd' 'tmp_3' <Predicate = true> <Delay = 2.34> <Core = "FAddSub">   --->   Core 105 'FAddSub' <Latency = 6> <II = 1> <Delay = 2.34> <FuncUnit> <Opcode : 'fadd' 'fsub'> <InPorts = 2> <OutPorts = 1>

State 41 <SV = 35> <Delay = 2.34>
ST_41 : Operation 185 [4/7] (2.34ns)   --->   "%tmp_3 = fadd float %func_bus_addr_1_read, %tmp_2" [kernel_gemm.cpp:23]   --->   Operation 185 'fadd' 'tmp_3' <Predicate = true> <Delay = 2.34> <Core = "FAddSub">   --->   Core 105 'FAddSub' <Latency = 6> <II = 1> <Delay = 2.34> <FuncUnit> <Opcode : 'fadd' 'fsub'> <InPorts = 2> <OutPorts = 1>

State 42 <SV = 36> <Delay = 2.34>
ST_42 : Operation 186 [3/7] (2.34ns)   --->   "%tmp_3 = fadd float %func_bus_addr_1_read, %tmp_2" [kernel_gemm.cpp:23]   --->   Operation 186 'fadd' 'tmp_3' <Predicate = true> <Delay = 2.34> <Core = "FAddSub">   --->   Core 105 'FAddSub' <Latency = 6> <II = 1> <Delay = 2.34> <FuncUnit> <Opcode : 'fadd' 'fsub'> <InPorts = 2> <OutPorts = 1>

State 43 <SV = 37> <Delay = 2.34>
ST_43 : Operation 187 [2/7] (2.34ns)   --->   "%tmp_3 = fadd float %func_bus_addr_1_read, %tmp_2" [kernel_gemm.cpp:23]   --->   Operation 187 'fadd' 'tmp_3' <Predicate = true> <Delay = 2.34> <Core = "FAddSub">   --->   Core 105 'FAddSub' <Latency = 6> <II = 1> <Delay = 2.34> <FuncUnit> <Opcode : 'fadd' 'fsub'> <InPorts = 2> <OutPorts = 1>

State 44 <SV = 38> <Delay = 2.91>
ST_44 : Operation 188 [1/7] (2.34ns)   --->   "%tmp_3 = fadd float %func_bus_addr_1_read, %tmp_2" [kernel_gemm.cpp:23]   --->   Operation 188 'fadd' 'tmp_3' <Predicate = true> <Delay = 2.34> <Core = "FAddSub">   --->   Core 105 'FAddSub' <Latency = 6> <II = 1> <Delay = 2.34> <FuncUnit> <Opcode : 'fadd' 'fsub'> <InPorts = 2> <OutPorts = 1>
ST_44 : Operation 189 [1/1] (2.91ns)   --->   "%func_bus_addr_2_req = call i1 @_ssdm_op_WriteReq.m_axi.floatP(float* %func_bus_addr_1, i32 1)" [kernel_gemm.cpp:23]   --->   Operation 189 'writereq' 'func_bus_addr_2_req' <Predicate = true> <Delay = 2.91> <Core = "m_axi">   --->   Core 9 'm_axi' <Latency = 6> <II = 1> <Delay = 1.00> <Adapter> <Opcode : 'read' 'write' 'readreq' 'writereq' 'writeresp'>

State 45 <SV = 39> <Delay = 2.91>
ST_45 : Operation 190 [1/1] (2.91ns)   --->   "call void @_ssdm_op_Write.m_axi.floatP(float* %func_bus_addr_1, float %tmp_3, i4 -1)" [kernel_gemm.cpp:23]   --->   Operation 190 'write' <Predicate = true> <Delay = 2.91> <Core = "m_axi">   --->   Core 9 'm_axi' <Latency = 6> <II = 1> <Delay = 1.00> <Adapter> <Opcode : 'read' 'write' 'readreq' 'writereq' 'writeresp'>

State 46 <SV = 40> <Delay = 2.91>
ST_46 : Operation 191 [5/5] (2.91ns)   --->   "%func_bus_addr_2_resp = call i1 @_ssdm_op_WriteResp.m_axi.floatP(float* %func_bus_addr_1)" [kernel_gemm.cpp:23]   --->   Operation 191 'writeresp' 'func_bus_addr_2_resp' <Predicate = true> <Delay = 2.91> <Core = "m_axi">   --->   Core 9 'm_axi' <Latency = 6> <II = 1> <Delay = 1.00> <Adapter> <Opcode : 'read' 'write' 'readreq' 'writereq' 'writeresp'>

State 47 <SV = 41> <Delay = 2.91>
ST_47 : Operation 192 [4/5] (2.91ns)   --->   "%func_bus_addr_2_resp = call i1 @_ssdm_op_WriteResp.m_axi.floatP(float* %func_bus_addr_1)" [kernel_gemm.cpp:23]   --->   Operation 192 'writeresp' 'func_bus_addr_2_resp' <Predicate = true> <Delay = 2.91> <Core = "m_axi">   --->   Core 9 'm_axi' <Latency = 6> <II = 1> <Delay = 1.00> <Adapter> <Opcode : 'read' 'write' 'readreq' 'writereq' 'writeresp'>

State 48 <SV = 42> <Delay = 2.91>
ST_48 : Operation 193 [3/5] (2.91ns)   --->   "%func_bus_addr_2_resp = call i1 @_ssdm_op_WriteResp.m_axi.floatP(float* %func_bus_addr_1)" [kernel_gemm.cpp:23]   --->   Operation 193 'writeresp' 'func_bus_addr_2_resp' <Predicate = true> <Delay = 2.91> <Core = "m_axi">   --->   Core 9 'm_axi' <Latency = 6> <II = 1> <Delay = 1.00> <Adapter> <Opcode : 'read' 'write' 'readreq' 'writereq' 'writeresp'>

State 49 <SV = 43> <Delay = 2.91>
ST_49 : Operation 194 [2/5] (2.91ns)   --->   "%func_bus_addr_2_resp = call i1 @_ssdm_op_WriteResp.m_axi.floatP(float* %func_bus_addr_1)" [kernel_gemm.cpp:23]   --->   Operation 194 'writeresp' 'func_bus_addr_2_resp' <Predicate = true> <Delay = 2.91> <Core = "m_axi">   --->   Core 9 'm_axi' <Latency = 6> <II = 1> <Delay = 1.00> <Adapter> <Opcode : 'read' 'write' 'readreq' 'writereq' 'writeresp'>

State 50 <SV = 44> <Delay = 2.91>
ST_50 : Operation 195 [1/1] (0.00ns)   --->   "call void (...)* @_ssdm_op_SpecLoopName([8 x i8]* @p_str9) nounwind" [kernel_gemm.cpp:22]   --->   Operation 195 'specloopname' <Predicate = true> <Delay = 0.00>
ST_50 : Operation 196 [1/5] (2.91ns)   --->   "%func_bus_addr_2_resp = call i1 @_ssdm_op_WriteResp.m_axi.floatP(float* %func_bus_addr_1)" [kernel_gemm.cpp:23]   --->   Operation 196 'writeresp' 'func_bus_addr_2_resp' <Predicate = true> <Delay = 2.91> <Core = "m_axi">   --->   Core 9 'm_axi' <Latency = 6> <II = 1> <Delay = 1.00> <Adapter> <Opcode : 'read' 'write' 'readreq' 'writereq' 'writeresp'>
ST_50 : Operation 197 [1/1] (0.00ns)   --->   "br label %4" [kernel_gemm.cpp:22]   --->   Operation 197 'br' <Predicate = true> <Delay = 0.00>


============================================================
+ Verbose Summary: Timing violations
============================================================
Target clock period: 3.33ns, clock uncertainty: 0.416ns.

 <State 1>: 1ns
The critical path consists of the following:
	s_axi read on port 'B' [9]  (1 ns)

 <State 2>: 0.868ns
The critical path consists of the following:
	'phi' operation ('i') with incoming values : ('i', kernel_gemm.cpp:17) [29]  (0 ns)
	'add' operation ('add_ln19', kernel_gemm.cpp:19) [40]  (0.868 ns)

 <State 3>: 2.91ns
The critical path consists of the following:
	'getelementptr' operation ('func_bus_addr', kernel_gemm.cpp:19) [42]  (0 ns)
	bus request on port 'func_bus' (kernel_gemm.cpp:19) [43]  (2.91 ns)

 <State 4>: 2.91ns
The critical path consists of the following:
	bus request on port 'func_bus' (kernel_gemm.cpp:19) [43]  (2.91 ns)

 <State 5>: 2.91ns
The critical path consists of the following:
	bus request on port 'func_bus' (kernel_gemm.cpp:19) [43]  (2.91 ns)

 <State 6>: 2.91ns
The critical path consists of the following:
	bus request on port 'func_bus' (kernel_gemm.cpp:19) [43]  (2.91 ns)

 <State 7>: 2.91ns
The critical path consists of the following:
	bus request on port 'func_bus' (kernel_gemm.cpp:19) [43]  (2.91 ns)

 <State 8>: 2.91ns
The critical path consists of the following:
	bus request on port 'func_bus' (kernel_gemm.cpp:19) [43]  (2.91 ns)

 <State 9>: 2.91ns
The critical path consists of the following:
	bus request on port 'func_bus' (kernel_gemm.cpp:19) [43]  (2.91 ns)

 <State 10>: 2.91ns
The critical path consists of the following:
	bus read on port 'func_bus' (kernel_gemm.cpp:19) [54]  (2.91 ns)

 <State 11>: 2.32ns
The critical path consists of the following:
	'fmul' operation ('tmp', kernel_gemm.cpp:19) [55]  (2.32 ns)

 <State 12>: 2.32ns
The critical path consists of the following:
	'fmul' operation ('tmp', kernel_gemm.cpp:19) [55]  (2.32 ns)

 <State 13>: 2.32ns
The critical path consists of the following:
	'fmul' operation ('tmp', kernel_gemm.cpp:19) [55]  (2.32 ns)

 <State 14>: 2.32ns
The critical path consists of the following:
	'fmul' operation ('tmp', kernel_gemm.cpp:19) [55]  (2.32 ns)

 <State 15>: 2.91ns
The critical path consists of the following:
	bus write on port 'func_bus' (kernel_gemm.cpp:19) [56]  (2.91 ns)

 <State 16>: 2.91ns
The critical path consists of the following:
	bus access on port 'func_bus' (kernel_gemm.cpp:19) [59]  (2.91 ns)

 <State 17>: 2.91ns
The critical path consists of the following:
	bus access on port 'func_bus' (kernel_gemm.cpp:19) [59]  (2.91 ns)

 <State 18>: 2.91ns
The critical path consists of the following:
	bus access on port 'func_bus' (kernel_gemm.cpp:19) [59]  (2.91 ns)

 <State 19>: 2.91ns
The critical path consists of the following:
	bus access on port 'func_bus' (kernel_gemm.cpp:19) [59]  (2.91 ns)

 <State 20>: 1.69ns
The critical path consists of the following:
	'phi' operation ('j') with incoming values : ('j', kernel_gemm.cpp:21) [62]  (0 ns)
	'add' operation ('add_ln23', kernel_gemm.cpp:23) [71]  (0.821 ns)
	'add' operation ('add_ln23_3', kernel_gemm.cpp:23) [73]  (0.868 ns)

 <State 21>: 1.69ns
The critical path consists of the following:
	'phi' operation ('k') with incoming values : ('k', kernel_gemm.cpp:22) [78]  (0 ns)
	'add' operation ('add_ln23_1', kernel_gemm.cpp:23) [86]  (0.821 ns)
	'add' operation ('add_ln23_4', kernel_gemm.cpp:23) [88]  (0.868 ns)

 <State 22>: 2.91ns
The critical path consists of the following:
	'getelementptr' operation ('func_bus_addr_2', kernel_gemm.cpp:23) [90]  (0 ns)
	bus request on port 'func_bus' (kernel_gemm.cpp:23) [91]  (2.91 ns)

 <State 23>: 2.91ns
The critical path consists of the following:
	bus request on port 'func_bus' (kernel_gemm.cpp:23) [91]  (2.91 ns)

 <State 24>: 2.91ns
The critical path consists of the following:
	bus request on port 'func_bus' (kernel_gemm.cpp:23) [91]  (2.91 ns)

 <State 25>: 2.91ns
The critical path consists of the following:
	bus request on port 'func_bus' (kernel_gemm.cpp:23) [91]  (2.91 ns)

 <State 26>: 2.91ns
The critical path consists of the following:
	bus request on port 'func_bus' (kernel_gemm.cpp:23) [91]  (2.91 ns)

 <State 27>: 2.91ns
The critical path consists of the following:
	bus request on port 'func_bus' (kernel_gemm.cpp:23) [91]  (2.91 ns)

 <State 28>: 2.91ns
The critical path consists of the following:
	bus request on port 'func_bus' (kernel_gemm.cpp:23) [91]  (2.91 ns)

 <State 29>: 2.91ns
The critical path consists of the following:
	bus read on port 'func_bus' (kernel_gemm.cpp:23) [92]  (2.91 ns)

 <State 30>: 2.91ns
The critical path consists of the following:
	bus request on port 'func_bus' (kernel_gemm.cpp:23) [101]  (2.91 ns)

 <State 31>: 2.91ns
The critical path consists of the following:
	bus request on port 'func_bus' (kernel_gemm.cpp:23) [101]  (2.91 ns)

 <State 32>: 2.91ns
The critical path consists of the following:
	bus request on port 'func_bus' (kernel_gemm.cpp:23) [101]  (2.91 ns)

 <State 33>: 2.91ns
The critical path consists of the following:
	bus read on port 'func_bus' (kernel_gemm.cpp:23) [102]  (2.91 ns)

 <State 34>: 2.91ns
The critical path consists of the following:
	bus request on port 'func_bus' (kernel_gemm.cpp:23) [104]  (2.91 ns)

 <State 35>: 2.91ns
The critical path consists of the following:
	bus request on port 'func_bus' (kernel_gemm.cpp:23) [104]  (2.91 ns)

 <State 36>: 2.91ns
The critical path consists of the following:
	bus request on port 'func_bus' (kernel_gemm.cpp:23) [104]  (2.91 ns)

 <State 37>: 2.91ns
The critical path consists of the following:
	bus read on port 'func_bus' (kernel_gemm.cpp:23) [105]  (2.91 ns)

 <State 38>: 2.34ns
The critical path consists of the following:
	'fadd' operation ('tmp_3', kernel_gemm.cpp:23) [106]  (2.34 ns)

 <State 39>: 2.34ns
The critical path consists of the following:
	'fadd' operation ('tmp_3', kernel_gemm.cpp:23) [106]  (2.34 ns)

 <State 40>: 2.34ns
The critical path consists of the following:
	'fadd' operation ('tmp_3', kernel_gemm.cpp:23) [106]  (2.34 ns)

 <State 41>: 2.34ns
The critical path consists of the following:
	'fadd' operation ('tmp_3', kernel_gemm.cpp:23) [106]  (2.34 ns)

 <State 42>: 2.34ns
The critical path consists of the following:
	'fadd' operation ('tmp_3', kernel_gemm.cpp:23) [106]  (2.34 ns)

 <State 43>: 2.34ns
The critical path consists of the following:
	'fadd' operation ('tmp_3', kernel_gemm.cpp:23) [106]  (2.34 ns)

 <State 44>: 2.91ns
The critical path consists of the following:
	bus request on port 'func_bus' (kernel_gemm.cpp:23) [107]  (2.91 ns)

 <State 45>: 2.91ns
The critical path consists of the following:
	bus write on port 'func_bus' (kernel_gemm.cpp:23) [108]  (2.91 ns)

 <State 46>: 2.91ns
The critical path consists of the following:
	bus access on port 'func_bus' (kernel_gemm.cpp:23) [109]  (2.91 ns)

 <State 47>: 2.91ns
The critical path consists of the following:
	bus access on port 'func_bus' (kernel_gemm.cpp:23) [109]  (2.91 ns)

 <State 48>: 2.91ns
The critical path consists of the following:
	bus access on port 'func_bus' (kernel_gemm.cpp:23) [109]  (2.91 ns)

 <State 49>: 2.91ns
The critical path consists of the following:
	bus access on port 'func_bus' (kernel_gemm.cpp:23) [109]  (2.91 ns)

 <State 50>: 2.91ns
The critical path consists of the following:
	bus access on port 'func_bus' (kernel_gemm.cpp:23) [109]  (2.91 ns)


============================================================
+ Verbose Summary: Binding
============================================================
N/A
* FSMD analyzer results:
  - Output states:
 - Input state : 
  - Chain level:
	State 1
	State 2
	State 3
	State 4
	State 5
	State 6
	State 7
	State 8
	State 9
	State 10
	State 11
	State 12
	State 13
	State 14
	State 15
	State 16
	State 17
	State 18
	State 19
	State 20
	State 21
	State 22
	State 23
	State 24
	State 25
	State 26
	State 27
	State 28
	State 29
	State 30
	State 31
	State 32
	State 33
	State 34
	State 35
	State 36
	State 37
	State 38
	State 39
	State 40
	State 41
	State 42
	State 43
	State 44
	State 45
	State 46
	State 47
	State 48
	State 49
	State 50


============================================================
+ Verbose Summary: Datapath Resource usage 
============================================================
N/A
