==============================================================
Vivado(TM) HLS - High-Level Synthesis from C, C++ and SystemC v2020.1 (64-bit)
Copyright 1986-2020 Xilinx, Inc. All Rights Reserved.
==============================================================
INFO: [HLS 200-10] Setting target device to 'xcu200-fsgd2104-2-e'
INFO: [SYN 201-201] Setting up clock 'default' with a period of 3.33ns.
INFO: [SCHED 204-61] Option 'relax_ii_for_timing' is enabled, will increase II to preserve clock frequency constraints.
INFO: [HLS 200-10] Analyzing design file 'kernel_gemm.cpp' ... 
INFO: [HLS 200-111] Finished Linking Time (s): cpu = 00:00:14 ; elapsed = 00:00:13 . Memory (MB): peak = 1697.363 ; gain = 1208.961 ; free physical = 113789 ; free virtual = 190283
INFO: [HLS 200-111] Finished Checking Pragmas Time (s): cpu = 00:00:14 ; elapsed = 00:00:13 . Memory (MB): peak = 1697.363 ; gain = 1208.961 ; free physical = 113789 ; free virtual = 190283
INFO: [HLS 200-10] Starting code transformations ...
INFO: [HLS 200-111] Finished Standard Transforms Time (s): cpu = 00:00:15 ; elapsed = 00:00:14 . Memory (MB): peak = 1697.363 ; gain = 1208.961 ; free physical = 113786 ; free virtual = 190280
INFO: [HLS 200-10] Checking synthesizability ...
WARNING: [SYNCHK 200-23] kernel_gemm.cpp:89: variable-indexed range selection may cause suboptimal QoR.
INFO: [SYNCHK 200-10] 0 error(s), 1 warning(s).
INFO: [HLS 200-111] Finished Checking Synthesizability Time (s): cpu = 00:00:15 ; elapsed = 00:00:14 . Memory (MB): peak = 1697.363 ; gain = 1208.961 ; free physical = 113785 ; free virtual = 190280
INFO: [XFORM 203-502] Unrolling all sub-loops inside loop 'BETA_MULT_LOCAL_C' (kernel_gemm.cpp:84) in function 'kernel_gemm' for pipelining.
INFO: [XFORM 203-502] Unrolling all sub-loops inside loop 'COMPUTE_I' (kernel_gemm.cpp:29) in function 'compute' for pipelining.
INFO: [HLS 200-489] Unrolling loop 'Loop-1.1.2.1' (kernel_gemm.cpp:86) in function 'kernel_gemm' completely with a factor of 128.
INFO: [HLS 200-489] Unrolling loop 'COMPUTE_J' (kernel_gemm.cpp:31) in function 'compute' completely with a factor of 128.
INFO: [XFORM 203-101] Partitioning array 'local_B_ping.V' (kernel_gemm.cpp:60) in dimension 2 completely.
INFO: [XFORM 203-101] Partitioning array 'local_B_pong.V' (kernel_gemm.cpp:63) in dimension 2 completely.
INFO: [XFORM 203-101] Partitioning array 'local_C.V' (kernel_gemm.cpp:65) in dimension 2 completely.
INFO: [HLS 200-111] Finished Pre-synthesis Time (s): cpu = 00:00:21 ; elapsed = 00:00:20 . Memory (MB): peak = 1697.363 ; gain = 1208.961 ; free physical = 113761 ; free virtual = 190255
INFO: [XFORM 203-541] Flattening a loop nest 'LOAD_A_LOOP' (kernel_gemm.cpp:7:55) in function 'load'.
INFO: [XFORM 203-541] Flattening a loop nest 'LOAD_B_LOOP' (kernel_gemm.cpp:14:55) in function 'load'.
INFO: [XFORM 203-541] Flattening a loop nest 'COPYING_C_ARRAY' (kernel_gemm.cpp:75:63) in function 'kernel_gemm'.
INFO: [XFORM 203-541] Flattening a loop nest 'STORE_C' (kernel_gemm.cpp:115:48) in function 'kernel_gemm'.
WARNING: [XFORM 203-542] Cannot flatten a loop nest 'MATRIX_PART_J' (kernel_gemm.cpp:72:59) in function 'kernel_gemm' : 

more than one sub loop.
INFO: [XFORM 203-541] Flattening a loop nest 'MATRIX_PART_I' (kernel_gemm.cpp:71:56) in function 'kernel_gemm'.
INFO: [XFORM 203-541] Flattening a loop nest 'COMPUTE_K' (kernel_gemm.cpp:28:53) in function 'compute'.
WARNING: [ANALYSIS 214-52] Found false inter dependency for variable 'local_C[0].V' (kernel_gemm.cpp:65).
WARNING: [ANALYSIS 214-52] Found false inter dependency for variable 'local_C[1].V' (kernel_gemm.cpp:65).
WARNING: [ANALYSIS 214-52] Found false inter dependency for variable 'local_C[2].V' (kernel_gemm.cpp:65).
WARNING: [ANALYSIS 214-52] Found false inter dependency for variable 'local_C[3].V' (kernel_gemm.cpp:65).
WARNING: [ANALYSIS 214-52] Found false inter dependency for variable 'local_C[4].V' (kernel_gemm.cpp:65).
WARNING: [ANALYSIS 214-52] Found false inter dependency for variable 'local_C[5].V' (kernel_gemm.cpp:65).
WARNING: [ANALYSIS 214-52] Found false inter dependency for variable 'local_C[6].V' (kernel_gemm.cpp:65).
WARNING: [ANALYSIS 214-52] Found false inter dependency for variable 'local_C[7].V' (kernel_gemm.cpp:65).
WARNING: [ANALYSIS 214-52] Found false inter dependency for variable 'local_C[6].V' (kernel_gemm.cpp:23).
WARNING: [ANALYSIS 214-52] Found false inter dependency for variable 'local_C[7].V' (kernel_gemm.cpp:23).
WARNING: [ANALYSIS 214-52] Found false inter dependency for variable 'local_C[1].V' (kernel_gemm.cpp:23).
WARNING: [ANALYSIS 214-52] Found false inter dependency for variable 'local_C[5].V' (kernel_gemm.cpp:23).
WARNING: [ANALYSIS 214-52] Found false inter dependency for variable 'local_C[3].V' (kernel_gemm.cpp:23).
WARNING: [ANALYSIS 214-52] Found false inter dependency for variable 'local_C[2].V' (kernel_gemm.cpp:23).
WARNING: [ANALYSIS 214-52] Found false inter dependency for variable 'local_C[0].V' (kernel_gemm.cpp:23).
WARNING: [ANALYSIS 214-52] Found false inter dependency for variable 'local_C[4].V' (kernel_gemm.cpp:23).
INFO: [HLS 200-444] Inferring multiple bus burst read of a total cumulative length 8 on port 'gmem' (kernel_gemm.cpp:78:2). These data requests might be further partitioned to multiple requests during RTL generation, based on max_read_burst_length or max_write_burst_length settings.
INFO: [HLS 200-444] Inferring multiple bus burst write of a total cumulative length 8 on port 'gmem' (kernel_gemm.cpp:118:2). These data requests might be further partitioned to multiple requests during RTL generation, based on max_read_burst_length or max_write_burst_length settings.
INFO: [HLS 200-444] Inferring multiple bus burst read of a total cumulative length 8 on port 'A.V' (kernel_gemm.cpp:10:2). These data requests might be further partitioned to multiple requests during RTL generation, based on max_read_burst_length or max_write_burst_length settings.
INFO: [HLS 200-444] Inferring multiple bus burst read of a total cumulative length 8 on port 'A.V' (kernel_gemm.cpp:17:2). These data requests might be further partitioned to multiple requests during RTL generation, based on max_read_burst_length or max_write_burst_length settings.
INFO: [HLS 200-472] Inferring partial write operation for 'local_C[0].V' (kernel_gemm.cpp:92:11)
INFO: [HLS 200-472] Inferring partial write operation for 'local_C[0].V' (kernel_gemm.cpp:78:2)
INFO: [HLS 200-472] Inferring partial write operation for 'local_C[0].V' (kernel_gemm.cpp:42:7)
INFO: [HLS 200-472] Inferring partial write operation for 'local_A.V' (kernel_gemm.cpp:10:2)
INFO: [HLS 200-472] Inferring partial write operation for 'local_B[0].V' (kernel_gemm.cpp:17:2)
INFO: [HLS 200-111] Finished Architecture Synthesis Time (s): cpu = 00:00:24 ; elapsed = 00:00:23 . Memory (MB): peak = 1697.363 ; gain = 1208.961 ; free physical = 113744 ; free virtual = 190238
INFO: [HLS 200-10] Starting hardware synthesis ...
INFO: [HLS 200-10] Synthesizing 'kernel_gemm' ...
INFO: [HLS 200-10] ----------------------------------------------------------------
INFO: [HLS 200-42] -- Implementing module 'load' 
INFO: [HLS 200-10] ----------------------------------------------------------------
INFO: [SCHED 204-11] Starting scheduling ...
INFO: [SCHED 204-61] Pipelining loop 'LOAD_A_LOOP_L'.
INFO: [SCHED 204-61] Pipelining result : Target II = 1, Final II = 1, Depth = 11.
INFO: [SCHED 204-61] Pipelining loop 'LOAD_B_LOOP_L'.
INFO: [SCHED 204-61] Pipelining result : Target II = 1, Final II = 1, Depth = 11.
INFO: [SCHED 204-11] Finished scheduling.
INFO: [HLS 200-111]  Elapsed time: 23.31 seconds; current allocated memory: 157.348 MB.
INFO: [BIND 205-100] Starting micro-architecture generation ...
INFO: [BIND 205-101] Performing variable lifetime analysis.
INFO: [BIND 205-101] Exploring resource sharing.
INFO: [BIND 205-101] Binding ...
INFO: [BIND 205-100] Finished micro-architecture generation.
INFO: [HLS 200-111]  Elapsed time: 0.09 seconds; current allocated memory: 157.973 MB.
INFO: [HLS 200-10] ----------------------------------------------------------------
INFO: [HLS 200-42] -- Implementing module 'compute' 
INFO: [HLS 200-10] ----------------------------------------------------------------
INFO: [SCHED 204-11] Starting scheduling ...
INFO: [SCHED 204-61] Pipelining loop 'COMPUTE_K_COMPUTE_I'.
INFO: [SCHED 204-61] Pipelining result : Target II = 1, Final II = 1, Depth = 19.
INFO: [SCHED 204-11] Finished scheduling.
INFO: [HLS 200-111]  Elapsed time: 1.34 seconds; current allocated memory: 161.957 MB.
INFO: [BIND 205-100] Starting micro-architecture generation ...
INFO: [BIND 205-101] Performing variable lifetime analysis.
INFO: [BIND 205-101] Exploring resource sharing.
INFO: [BIND 205-101] Binding ...
INFO: [BIND 205-100] Finished micro-architecture generation.
INFO: [HLS 200-111]  Elapsed time: 1.6 seconds; current allocated memory: 169.336 MB.
INFO: [HLS 200-10] ----------------------------------------------------------------
INFO: [HLS 200-42] -- Implementing module 'kernel_gemm' 
INFO: [HLS 200-10] ----------------------------------------------------------------
INFO: [SCHED 204-11] Starting scheduling ...
INFO: [SCHED 204-61] Pipelining loop 'COPYING_C_ARRAY_L'.
INFO: [SCHED 204-61] Pipelining result : Target II = 1, Final II = 1, Depth = 10.
INFO: [SCHED 204-61] Pipelining loop 'BETA_MULT_LOCAL_C'.
INFO: [SCHED 204-61] Pipelining result : Target II = 1, Final II = 1, Depth = 7.
INFO: [SCHED 204-61] Pipelining loop 'STORE_C_L'.
INFO: [SCHED 204-61] Pipelining result : Target II = 1, Final II = 1, Depth = 8.
INFO: [SCHED 204-11] Finished scheduling.
INFO: [HLS 200-111]  Elapsed time: 2.98 seconds; current allocated memory: 172.974 MB.
INFO: [BIND 205-100] Starting micro-architecture generation ...
INFO: [BIND 205-101] Performing variable lifetime analysis.
INFO: [BIND 205-101] Exploring resource sharing.
INFO: [BIND 205-101] Binding ...
INFO: [BIND 205-100] Finished micro-architecture generation.
INFO: [HLS 200-111]  Elapsed time: 1.41 seconds; current allocated memory: 177.511 MB.
INFO: [HLS 200-10] ----------------------------------------------------------------
INFO: [HLS 200-10] -- Generating RTL for module 'load' 
INFO: [HLS 200-10] ----------------------------------------------------------------
INFO: [RTGEN 206-100] Finished creating RTL model for 'load'.
INFO: [HLS 200-111]  Elapsed time: 1.67 seconds; current allocated memory: 179.401 MB.
INFO: [HLS 200-10] ----------------------------------------------------------------
INFO: [HLS 200-10] -- Generating RTL for module 'compute' 
INFO: [HLS 200-10] ----------------------------------------------------------------
INFO: [SYN 201-210] Renamed object name 'kernel_gemm_fadd_32ns_32ns_32_7_full_dsp_1' to 'kernel_gemm_fadd_bkb' due to the length limit 20
INFO: [SYN 201-210] Renamed object name 'kernel_gemm_fmul_32ns_32ns_32_4_max_dsp_1' to 'kernel_gemm_fmul_cud' due to the length limit 20
INFO: [RTGEN 206-104] Estimated max fanout for 'compute' is 8192 from HDL expression: ((icmp_ln28_reg_5877_pp0_iter9_reg == 1'd0) & (1'b0 == ap_block_pp0_stage0_11001))
INFO: [RTGEN 206-100] Generating core module 'kernel_gemm_fadd_bkb': 128 instance(s).
INFO: [RTGEN 206-100] Generating core module 'kernel_gemm_fmul_cud': 129 instance(s).
INFO: [RTGEN 206-100] Finished creating RTL model for 'compute'.
INFO: [HLS 200-111]  Elapsed time: 0.89 seconds; current allocated memory: 195.041 MB.
INFO: [HLS 200-10] ----------------------------------------------------------------
INFO: [HLS 200-10] -- Generating RTL for module 'kernel_gemm' 
INFO: [HLS 200-10] ----------------------------------------------------------------
INFO: [RTGEN 206-500] Setting interface mode on port 'kernel_gemm/gmem' to 'm_axi'.
INFO: [RTGEN 206-500] Setting interface mode on port 'kernel_gemm/C_V' to 's_axilite & ap_none'.
INFO: [RTGEN 206-500] Setting interface mode on port 'kernel_gemm/A_V' to 's_axilite & ap_none'.
INFO: [RTGEN 206-500] Setting interface mode on port 'kernel_gemm/B_V' to 's_axilite & ap_none'.
INFO: [RTGEN 206-500] Setting interface mode on port 'kernel_gemm/alpha' to 'ap_none'.
INFO: [RTGEN 206-500] Setting interface mode on port 'kernel_gemm/beta' to 'ap_none'.
INFO: [RTGEN 206-500] Setting interface mode on function 'kernel_gemm' to 's_axilite & ap_ctrl_hs'.
INFO: [RTGEN 206-100] Bundling port 'return', 'C_V', 'A_V' to AXI-Lite port control.
INFO: [SYN 201-210] Renamed object name 'kernel_gemm_local_A_ping_V' to 'kernel_gemm_localdEe' due to the length limit 20
INFO: [SYN 201-210] Renamed object name 'kernel_gemm_local_B_ping_0_V' to 'kernel_gemm_localeOg' due to the length limit 20
INFO: [SYN 201-210] Renamed object name 'kernel_gemm_local_B_ping_1_V' to 'kernel_gemm_localfYi' due to the length limit 20
INFO: [SYN 201-210] Renamed object name 'kernel_gemm_local_B_ping_2_V' to 'kernel_gemm_localg8j' due to the length limit 20
INFO: [SYN 201-210] Renamed object name 'kernel_gemm_local_B_ping_3_V' to 'kernel_gemm_localhbi' due to the length limit 20
INFO: [SYN 201-210] Renamed object name 'kernel_gemm_local_B_ping_4_V' to 'kernel_gemm_localibs' due to the length limit 20
INFO: [SYN 201-210] Renamed object name 'kernel_gemm_local_B_ping_5_V' to 'kernel_gemm_localjbC' due to the length limit 20
INFO: [SYN 201-210] Renamed object name 'kernel_gemm_local_B_ping_6_V' to 'kernel_gemm_localkbM' due to the length limit 20
INFO: [SYN 201-210] Renamed object name 'kernel_gemm_local_B_ping_7_V' to 'kernel_gemm_locallbW' due to the length limit 20
INFO: [SYN 201-210] Renamed object name 'kernel_gemm_local_A_pong_V' to 'kernel_gemm_localmb6' due to the length limit 20
INFO: [SYN 201-210] Renamed object name 'kernel_gemm_local_B_pong_0_V' to 'kernel_gemm_localncg' due to the length limit 20
INFO: [SYN 201-210] Renamed object name 'kernel_gemm_local_B_pong_1_V' to 'kernel_gemm_localocq' due to the length limit 20
INFO: [SYN 201-210] Renamed object name 'kernel_gemm_local_B_pong_2_V' to 'kernel_gemm_localpcA' due to the length limit 20
INFO: [SYN 201-210] Renamed object name 'kernel_gemm_local_B_pong_3_V' to 'kernel_gemm_localqcK' due to the length limit 20
INFO: [SYN 201-210] Renamed object name 'kernel_gemm_local_B_pong_4_V' to 'kernel_gemm_localrcU' due to the length limit 20
INFO: [SYN 201-210] Renamed object name 'kernel_gemm_local_B_pong_5_V' to 'kernel_gemm_localsc4' due to the length limit 20
INFO: [SYN 201-210] Renamed object name 'kernel_gemm_local_B_pong_6_V' to 'kernel_gemm_localtde' due to the length limit 20
INFO: [SYN 201-210] Renamed object name 'kernel_gemm_local_B_pong_7_V' to 'kernel_gemm_localudo' due to the length limit 20
INFO: [SYN 201-210] Renamed object name 'kernel_gemm_local_C_0_V' to 'kernel_gemm_localvdy' due to the length limit 20
INFO: [SYN 201-210] Renamed object name 'kernel_gemm_local_C_1_V' to 'kernel_gemm_localwdI' due to the length limit 20
INFO: [SYN 201-210] Renamed object name 'kernel_gemm_local_C_2_V' to 'kernel_gemm_localxdS' due to the length limit 20
INFO: [SYN 201-210] Renamed object name 'kernel_gemm_local_C_3_V' to 'kernel_gemm_localyd2' due to the length limit 20
INFO: [SYN 201-210] Renamed object name 'kernel_gemm_local_C_4_V' to 'kernel_gemm_localzec' due to the length limit 20
INFO: [SYN 201-210] Renamed object name 'kernel_gemm_local_C_5_V' to 'kernel_gemm_localAem' due to the length limit 20
INFO: [SYN 201-210] Renamed object name 'kernel_gemm_local_C_6_V' to 'kernel_gemm_localBew' due to the length limit 20
INFO: [SYN 201-210] Renamed object name 'kernel_gemm_local_C_7_V' to 'kernel_gemm_localCeG' due to the length limit 20
INFO: [SYN 201-210] Renamed object name 'kernel_gemm_mux_83_512_1_1' to 'kernel_gemm_mux_8DeQ' due to the length limit 20
INFO: [RTGEN 206-100] Generating core module 'kernel_gemm_fmul_cud': 128 instance(s).
INFO: [RTGEN 206-100] Generating core module 'kernel_gemm_mux_8DeQ': 1 instance(s).
INFO: [RTGEN 206-100] Finished creating RTL model for 'kernel_gemm'.
INFO: [HLS 200-111]  Elapsed time: 3.84 seconds; current allocated memory: 221.965 MB.
INFO: [HLS 200-790] **** Loop Constraint Status: All loop constraints were satisfied.
INFO: [HLS 200-789] **** Estimated Fmax: 343.20 MHz
INFO: [RTMG 210-278] Implementing memory 'kernel_gemm_localdEe_ram (RAM)' using block RAMs.
INFO: [RTMG 210-278] Implementing memory 'kernel_gemm_localeOg_ram (RAM)' using block RAMs.
INFO: [RTMG 210-278] Implementing memory 'kernel_gemm_localvdy_ram (RAM)' using block RAMs.
INFO: [HLS 200-111] Finished generating all RTL models Time (s): cpu = 00:00:40 ; elapsed = 00:00:42 . Memory (MB): peak = 1697.363 ; gain = 1208.961 ; free physical = 113619 ; free virtual = 190149
