#-----------------------------------------------------------
# xsim v2020.1 (64-bit)
# SW Build 2902540 on Wed May 27 19:54:35 MDT 2020
# IP Build 2902112 on Wed May 27 22:43:36 MDT 2020
# Start of session at: Tue Mar 16 14:39:45 2021
# Process ID: 3407
# Current directory: /localhdd/kss24/kernel_gemm_4_DRAM_reorg/kernel_gemm_buffering.prj/solution1/sim/verilog
# Command line: xsim -mode tcl -source {xsim.dir/kernel_gemm/xsim_script.tcl}
# Log file: /localhdd/kss24/kernel_gemm_4_DRAM_reorg/kernel_gemm_buffering.prj/solution1/sim/verilog/xsim.log
# Journal file: /localhdd/kss24/kernel_gemm_4_DRAM_reorg/kernel_gemm_buffering.prj/solution1/sim/verilog/xsim.jou
#-----------------------------------------------------------
source xsim.dir/kernel_gemm/xsim_script.tcl
# xsim {kernel_gemm} -autoloadwcfg -tclbatch {kernel_gemm.tcl}
Vivado Simulator 2020.1
Time resolution is 1 ps
source kernel_gemm.tcl
## run all
Warning: OPMODE Input Warning : The OPMODE 0110X0X with CARRYINSEL  000 to DSP48E1 instance is invalid.
Time: 100010 ps  Iteration: 0  Process: /apatb_kernel_gemm_top/AESL_inst_kernel_gemm/grp_compute_fu_384/kernel_gemm_fadd_bkb_U25/kernel_gemm_ap_fadd_5_full_dsp_32_u/U0/i_synth/addsub_op/ADDSUB/dsp/OP/dsp48e1_body/ALIGN_ADD/DSP2/i_no_versal_es1_workaround/DSP/prcs_opmode_drc  File: /local-scratch/Xilinx/Vivado/2020.1/data/vhdl/src/unisims/primitive/DSP48E1.vhd
Warning: OPMODE Input Warning : The OPMODE 0110X0X with CARRYINSEL  000 to DSP48E1 instance is invalid.
Time: 100010 ps  Iteration: 0  Process: /apatb_kernel_gemm_top/AESL_inst_kernel_gemm/grp_compute_fu_384/kernel_gemm_fadd_bkb_U24/kernel_gemm_ap_fadd_5_full_dsp_32_u/U0/i_synth/addsub_op/ADDSUB/dsp/OP/dsp48e1_body/ALIGN_ADD/DSP2/i_no_versal_es1_workaround/DSP/prcs_opmode_drc  File: /local-scratch/Xilinx/Vivado/2020.1/data/vhdl/src/unisims/primitive/DSP48E1.vhd
Warning: OPMODE Input Warning : The OPMODE 0110X0X with CARRYINSEL  000 to DSP48E1 instance is invalid.
Time: 100010 ps  Iteration: 0  Process: /apatb_kernel_gemm_top/AESL_inst_kernel_gemm/grp_compute_fu_384/kernel_gemm_fadd_bkb_U23/kernel_gemm_ap_fadd_5_full_dsp_32_u/U0/i_synth/addsub_op/ADDSUB/dsp/OP/dsp48e1_body/ALIGN_ADD/DSP2/i_no_versal_es1_workaround/DSP/prcs_opmode_drc  File: /local-scratch/Xilinx/Vivado/2020.1/data/vhdl/src/unisims/primitive/DSP48E1.vhd
Warning: OPMODE Input Warning : The OPMODE 0110X0X with CARRYINSEL  000 to DSP48E1 instance is invalid.
Time: 100010 ps  Iteration: 0  Process: /apatb_kernel_gemm_top/AESL_inst_kernel_gemm/grp_compute_fu_384/kernel_gemm_fadd_bkb_U22/kernel_gemm_ap_fadd_5_full_dsp_32_u/U0/i_synth/addsub_op/ADDSUB/dsp/OP/dsp48e1_body/ALIGN_ADD/DSP2/i_no_versal_es1_workaround/DSP/prcs_opmode_drc  File: /local-scratch/Xilinx/Vivado/2020.1/data/vhdl/src/unisims/primitive/DSP48E1.vhd
Warning: OPMODE Input Warning : The OPMODE 0110X0X with CARRYINSEL  000 to DSP48E1 instance is invalid.
Time: 100010 ps  Iteration: 0  Process: /apatb_kernel_gemm_top/AESL_inst_kernel_gemm/grp_compute_fu_384/kernel_gemm_fadd_bkb_U21/kernel_gemm_ap_fadd_5_full_dsp_32_u/U0/i_synth/addsub_op/ADDSUB/dsp/OP/dsp48e1_body/ALIGN_ADD/DSP2/i_no_versal_es1_workaround/DSP/prcs_opmode_drc  File: /local-scratch/Xilinx/Vivado/2020.1/data/vhdl/src/unisims/primitive/DSP48E1.vhd
Warning: OPMODE Input Warning : The OPMODE 0110X0X with CARRYINSEL  000 to DSP48E1 instance is invalid.
Time: 100010 ps  Iteration: 0  Process: /apatb_kernel_gemm_top/AESL_inst_kernel_gemm/grp_compute_fu_384/kernel_gemm_fadd_bkb_U20/kernel_gemm_ap_fadd_5_full_dsp_32_u/U0/i_synth/addsub_op/ADDSUB/dsp/OP/dsp48e1_body/ALIGN_ADD/DSP2/i_no_versal_es1_workaround/DSP/prcs_opmode_drc  File: /local-scratch/Xilinx/Vivado/2020.1/data/vhdl/src/unisims/primitive/DSP48E1.vhd
Warning: OPMODE Input Warning : The OPMODE 0110X0X with CARRYINSEL  000 to DSP48E1 instance is invalid.
Time: 100010 ps  Iteration: 0  Process: /apatb_kernel_gemm_top/AESL_inst_kernel_gemm/grp_compute_fu_384/kernel_gemm_fadd_bkb_U19/kernel_gemm_ap_fadd_5_full_dsp_32_u/U0/i_synth/addsub_op/ADDSUB/dsp/OP/dsp48e1_body/ALIGN_ADD/DSP2/i_no_versal_es1_workaround/DSP/prcs_opmode_drc  File: /local-scratch/Xilinx/Vivado/2020.1/data/vhdl/src/unisims/primitive/DSP48E1.vhd
Warning: OPMODE Input Warning : The OPMODE 0110X0X with CARRYINSEL  000 to DSP48E1 instance is invalid.
Time: 100010 ps  Iteration: 0  Process: /apatb_kernel_gemm_top/AESL_inst_kernel_gemm/grp_compute_fu_384/kernel_gemm_fadd_bkb_U18/kernel_gemm_ap_fadd_5_full_dsp_32_u/U0/i_synth/addsub_op/ADDSUB/dsp/OP/dsp48e1_body/ALIGN_ADD/DSP2/i_no_versal_es1_workaround/DSP/prcs_opmode_drc  File: /local-scratch/Xilinx/Vivado/2020.1/data/vhdl/src/unisims/primitive/DSP48E1.vhd
Warning: OPMODE Input Warning : The OPMODE 0110X0X with CARRYINSEL  000 to DSP48E1 instance is invalid.
Time: 100010 ps  Iteration: 0  Process: /apatb_kernel_gemm_top/AESL_inst_kernel_gemm/grp_compute_fu_384/kernel_gemm_fadd_bkb_U17/kernel_gemm_ap_fadd_5_full_dsp_32_u/U0/i_synth/addsub_op/ADDSUB/dsp/OP/dsp48e1_body/ALIGN_ADD/DSP2/i_no_versal_es1_workaround/DSP/prcs_opmode_drc  File: /local-scratch/Xilinx/Vivado/2020.1/data/vhdl/src/unisims/primitive/DSP48E1.vhd
Warning: OPMODE Input Warning : The OPMODE 0110X0X with CARRYINSEL  000 to DSP48E1 instance is invalid.
Time: 100010 ps  Iteration: 0  Process: /apatb_kernel_gemm_top/AESL_inst_kernel_gemm/grp_compute_fu_384/kernel_gemm_fadd_bkb_U16/kernel_gemm_ap_fadd_5_full_dsp_32_u/U0/i_synth/addsub_op/ADDSUB/dsp/OP/dsp48e1_body/ALIGN_ADD/DSP2/i_no_versal_es1_workaround/DSP/prcs_opmode_drc  File: /local-scratch/Xilinx/Vivado/2020.1/data/vhdl/src/unisims/primitive/DSP48E1.vhd
Warning: OPMODE Input Warning : The OPMODE 0110X0X with CARRYINSEL  000 to DSP48E1 instance is invalid.
Time: 100010 ps  Iteration: 0  Process: /apatb_kernel_gemm_top/AESL_inst_kernel_gemm/grp_compute_fu_384/kernel_gemm_fadd_bkb_U15/kernel_gemm_ap_fadd_5_full_dsp_32_u/U0/i_synth/addsub_op/ADDSUB/dsp/OP/dsp48e1_body/ALIGN_ADD/DSP2/i_no_versal_es1_workaround/DSP/prcs_opmode_drc  File: /local-scratch/Xilinx/Vivado/2020.1/data/vhdl/src/unisims/primitive/DSP48E1.vhd
Warning: OPMODE Input Warning : The OPMODE 0110X0X with CARRYINSEL  000 to DSP48E1 instance is invalid.
Time: 100010 ps  Iteration: 0  Process: /apatb_kernel_gemm_top/AESL_inst_kernel_gemm/grp_compute_fu_384/kernel_gemm_fadd_bkb_U14/kernel_gemm_ap_fadd_5_full_dsp_32_u/U0/i_synth/addsub_op/ADDSUB/dsp/OP/dsp48e1_body/ALIGN_ADD/DSP2/i_no_versal_es1_workaround/DSP/prcs_opmode_drc  File: /local-scratch/Xilinx/Vivado/2020.1/data/vhdl/src/unisims/primitive/DSP48E1.vhd
Warning: OPMODE Input Warning : The OPMODE 0110X0X with CARRYINSEL  000 to DSP48E1 instance is invalid.
Time: 100010 ps  Iteration: 0  Process: /apatb_kernel_gemm_top/AESL_inst_kernel_gemm/grp_compute_fu_384/kernel_gemm_fadd_bkb_U13/kernel_gemm_ap_fadd_5_full_dsp_32_u/U0/i_synth/addsub_op/ADDSUB/dsp/OP/dsp48e1_body/ALIGN_ADD/DSP2/i_no_versal_es1_workaround/DSP/prcs_opmode_drc  File: /local-scratch/Xilinx/Vivado/2020.1/data/vhdl/src/unisims/primitive/DSP48E1.vhd
Warning: OPMODE Input Warning : The OPMODE 0110X0X with CARRYINSEL  000 to DSP48E1 instance is invalid.
Time: 100010 ps  Iteration: 0  Process: /apatb_kernel_gemm_top/AESL_inst_kernel_gemm/grp_compute_fu_384/kernel_gemm_fadd_bkb_U12/kernel_gemm_ap_fadd_5_full_dsp_32_u/U0/i_synth/addsub_op/ADDSUB/dsp/OP/dsp48e1_body/ALIGN_ADD/DSP2/i_no_versal_es1_workaround/DSP/prcs_opmode_drc  File: /local-scratch/Xilinx/Vivado/2020.1/data/vhdl/src/unisims/primitive/DSP48E1.vhd
Warning: OPMODE Input Warning : The OPMODE 0110X0X with CARRYINSEL  000 to DSP48E1 instance is invalid.
Time: 100010 ps  Iteration: 0  Process: /apatb_kernel_gemm_top/AESL_inst_kernel_gemm/grp_compute_fu_384/kernel_gemm_fadd_bkb_U11/kernel_gemm_ap_fadd_5_full_dsp_32_u/U0/i_synth/addsub_op/ADDSUB/dsp/OP/dsp48e1_body/ALIGN_ADD/DSP2/i_no_versal_es1_workaround/DSP/prcs_opmode_drc  File: /local-scratch/Xilinx/Vivado/2020.1/data/vhdl/src/unisims/primitive/DSP48E1.vhd
Warning: OPMODE Input Warning : The OPMODE 0110X0X with CARRYINSEL  000 to DSP48E1 instance is invalid.
Time: 100010 ps  Iteration: 0  Process: /apatb_kernel_gemm_top/AESL_inst_kernel_gemm/grp_compute_fu_384/kernel_gemm_fadd_bkb_U10/kernel_gemm_ap_fadd_5_full_dsp_32_u/U0/i_synth/addsub_op/ADDSUB/dsp/OP/dsp48e1_body/ALIGN_ADD/DSP2/i_no_versal_es1_workaround/DSP/prcs_opmode_drc  File: /local-scratch/Xilinx/Vivado/2020.1/data/vhdl/src/unisims/primitive/DSP48E1.vhd
////////////////////////////////////////////////////////////////////////////////////
// Inter-Transaction Progress: Completed Transaction / Total Transaction
// Intra-Transaction Progress: Measured Latency / Latency Estimation * 100%
//
// RTL Simulation : "Inter-Transaction Progress" ["Intra-Transaction Progress"] @ "Simulation Time"
////////////////////////////////////////////////////////////////////////////////////
// RTL Simulation : 0 / 1 [0.00%] @ "109000"
// RTL Simulation : 1 / 1 [100.00%] @ "155038000"
////////////////////////////////////////////////////////////////////////////////////
$finish called at time : 155051150 ps : File "/localhdd/kss24/kernel_gemm_4_DRAM_reorg/kernel_gemm_buffering.prj/solution1/sim/verilog/kernel_gemm.autotb.v" Line 562
run: Time (s): cpu = 00:00:01 ; elapsed = 00:01:10 . Memory (MB): peak = 2306.016 ; gain = 0.000 ; free physical = 116088 ; free virtual = 190445
## quit
INFO: [Common 17-206] Exiting xsim at Tue Mar 16 14:41:23 2021...
