
****** Vivado(TM) HLS - High-Level Synthesis from C, C++ and SystemC v2020.1 (64-bit)
  **** SW Build 2902540 on Wed May 27 19:54:35 MDT 2020
  **** IP Build 2902112 on Wed May 27 22:43:36 MDT 2020
    ** Copyright 1986-2020 Xilinx, Inc. All Rights Reserved.

source /local-scratch/Xilinx/Vivado/2020.1/scripts/vivado_hls/hls.tcl -notrace
INFO: [HLS 200-10] Running '/local-scratch/Xilinx/Vivado/2020.1/bin/unwrapped/lnx64.o/vivado_hls'
INFO: [HLS 200-10] For user 'kss24' on host 'ensc-hacc-1.research.sfu.ca' (Linux_x86_64 version 5.4.0-49-generic) on Wed Mar 17 06:04:50 PDT 2021
INFO: [HLS 200-10] On os Ubuntu 18.04.2 LTS
INFO: [HLS 200-10] In directory '/localhdd/kss24/kernel_gemm_3_ping_pong'
Sourcing Tcl script 'run_hls.tcl'
INFO: [HLS 200-10] Opening and resetting project '/localhdd/kss24/kernel_gemm_3_ping_pong/kernel_gemm_ping_pong.prj'.
INFO: [HLS 200-10] Adding design file 'kernel_gemm.cpp' to the project
INFO: [HLS 200-10] Adding test bench file 'kernel_gemm_test.cpp' to the project
INFO: [HLS 200-10] Opening and resetting solution '/localhdd/kss24/kernel_gemm_3_ping_pong/kernel_gemm_ping_pong.prj/solution1'.
INFO: [HLS 200-10] Cleaning up the solution database.
INFO: [HLS 200-10] Setting target device to 'xcu200-fsgd2104-2-e'
INFO: [SYN 201-201] Setting up clock 'default' with a period of 3.33ns.
INFO: [SCHED 204-61] Option 'relax_ii_for_timing' is enabled, will increase II to preserve clock frequency constraints.
INFO: [HLS 200-10] Analyzing design file 'kernel_gemm.cpp' ... 
INFO: [HLS 200-111] Finished Linking Time (s): cpu = 00:00:09 ; elapsed = 00:00:08 . Memory (MB): peak = 1697.363 ; gain = 1236.863 ; free physical = 113856 ; free virtual = 190286
INFO: [HLS 200-111] Finished Checking Pragmas Time (s): cpu = 00:00:09 ; elapsed = 00:00:08 . Memory (MB): peak = 1697.363 ; gain = 1236.863 ; free physical = 113856 ; free virtual = 190286
INFO: [HLS 200-10] Starting code transformations ...
INFO: [HLS 200-111] Finished Standard Transforms Time (s): cpu = 00:00:10 ; elapsed = 00:00:09 . Memory (MB): peak = 1697.363 ; gain = 1236.863 ; free physical = 113853 ; free virtual = 190284
INFO: [HLS 200-10] Checking synthesizability ...
INFO: [HLS 200-111] Finished Checking Synthesizability Time (s): cpu = 00:00:10 ; elapsed = 00:00:09 . Memory (MB): peak = 1697.363 ; gain = 1236.863 ; free physical = 113853 ; free virtual = 190284
INFO: [XFORM 203-502] Unrolling all sub-loops inside loop 'COMPUTE_I' (kernel_gemm.cpp:29) in function 'compute' for pipelining.
INFO: [HLS 200-489] Unrolling loop 'COMPUTE_J' (kernel_gemm.cpp:31) in function 'compute' completely with a factor of 128.
INFO: [XFORM 203-101] Partitioning array 'local_B_ping' (kernel_gemm.cpp:51) in dimension 2 completely.
INFO: [XFORM 203-101] Partitioning array 'local_B_pong' (kernel_gemm.cpp:54) in dimension 2 completely.
WARNING: [XFORM 203-104] Completely partitioning array 'local_C' (kernel_gemm.cpp:56) accessed through non-constant indices on dimension 2 (kernel_gemm.cpp:91:2), which may result in long runtime and suboptimal QoR due to large multiplexers. Please consider wrapping the array access into a function or using a register file core instead.
INFO: [XFORM 203-101] Partitioning array 'local_C' (kernel_gemm.cpp:56) in dimension 2 completely.
WARNING: [XFORM 203-104] Completely partitioning array 'local_B_ping' (kernel_gemm.cpp:51) accessed through non-constant indices on dimension 2 (kernel_gemm.cpp:17:2), which may result in long runtime and suboptimal QoR due to large multiplexers. Please consider wrapping the array access into a function or using a register file core instead.
INFO: [HLS 200-111] Finished Pre-synthesis Time (s): cpu = 00:00:11 ; elapsed = 00:00:11 . Memory (MB): peak = 1697.363 ; gain = 1236.863 ; free physical = 113822 ; free virtual = 190253
INFO: [XFORM 203-541] Flattening a loop nest 'LOAD_A_LOOP' (kernel_gemm.cpp:7:55) in function 'load'.
INFO: [XFORM 203-541] Flattening a loop nest 'LOAD_B_LOOP' (kernel_gemm.cpp:14:55) in function 'load'.
INFO: [XFORM 203-541] Flattening a loop nest 'LOAD_INIT_C' (kernel_gemm.cpp:65:59) in function 'kernel_gemm'.
INFO: [XFORM 203-541] Flattening a loop nest 'STORE_C' (kernel_gemm.cpp:88:55) in function 'kernel_gemm'.
WARNING: [XFORM 203-542] Cannot flatten a loop nest 'MATRIX_PART_J' (kernel_gemm.cpp:62:59) in function 'kernel_gemm' : 

more than one sub loop.
INFO: [XFORM 203-541] Flattening a loop nest 'MATRIX_PART_I' (kernel_gemm.cpp:62:9) in function 'kernel_gemm'.
INFO: [XFORM 203-541] Flattening a loop nest 'COMPUTE_K' (kernel_gemm.cpp:28:53) in function 'compute'.
WARNING: [ANALYSIS 214-52] Found false inter dependency for variable 'local_C[107]' (kernel_gemm.cpp:23).
WARNING: [ANALYSIS 214-52] Found false inter dependency for variable 'local_C[108]' (kernel_gemm.cpp:23).
WARNING: [ANALYSIS 214-52] Found false inter dependency for variable 'local_C[109]' (kernel_gemm.cpp:23).
WARNING: [ANALYSIS 214-52] Found false inter dependency for variable 'local_C[110]' (kernel_gemm.cpp:23).
WARNING: [ANALYSIS 214-52] Found false inter dependency for variable 'local_C[111]' (kernel_gemm.cpp:23).
WARNING: [ANALYSIS 214-52] Found false inter dependency for variable 'local_C[122]' (kernel_gemm.cpp:23).
WARNING: [ANALYSIS 214-52] Found false inter dependency for variable 'local_C[123]' (kernel_gemm.cpp:23).
WARNING: [ANALYSIS 214-52] Found false inter dependency for variable 'local_C[124]' (kernel_gemm.cpp:23).
WARNING: [ANALYSIS 214-52] Found false inter dependency for variable 'local_C[125]' (kernel_gemm.cpp:23).
WARNING: [ANALYSIS 214-52] Found false inter dependency for variable 'local_C[126]' (kernel_gemm.cpp:23).
WARNING: [ANALYSIS 214-52] Found false inter dependency for variable 'local_C[77]' (kernel_gemm.cpp:23).
WARNING: [ANALYSIS 214-52] Found false inter dependency for variable 'local_C[78]' (kernel_gemm.cpp:23).
WARNING: [ANALYSIS 214-52] Found false inter dependency for variable 'local_C[79]' (kernel_gemm.cpp:23).
WARNING: [ANALYSIS 214-52] Found false inter dependency for variable 'local_C[80]' (kernel_gemm.cpp:23).
WARNING: [ANALYSIS 214-52] Found false inter dependency for variable 'local_C[81]' (kernel_gemm.cpp:23).
WARNING: [ANALYSIS 214-52] Found false inter dependency for variable 'local_C[67]' (kernel_gemm.cpp:23).
WARNING: [ANALYSIS 214-52] Found false inter dependency for variable 'local_C[68]' (kernel_gemm.cpp:23).
WARNING: [ANALYSIS 214-52] Found false inter dependency for variable 'local_C[69]' (kernel_gemm.cpp:23).
WARNING: [ANALYSIS 214-52] Found false inter dependency for variable 'local_C[70]' (kernel_gemm.cpp:23).
WARNING: [ANALYSIS 214-52] Found false inter dependency for variable 'local_C[71]' (kernel_gemm.cpp:23).
WARNING: [ANALYSIS 214-52] Found false inter dependency for variable 'local_C[47]' (kernel_gemm.cpp:23).
WARNING: [ANALYSIS 214-52] Found false inter dependency for variable 'local_C[48]' (kernel_gemm.cpp:23).
WARNING: [ANALYSIS 214-52] Found false inter dependency for variable 'local_C[49]' (kernel_gemm.cpp:23).
WARNING: [ANALYSIS 214-52] Found false inter dependency for variable 'local_C[50]' (kernel_gemm.cpp:23).
WARNING: [ANALYSIS 214-52] Found false inter dependency for variable 'local_C[51]' (kernel_gemm.cpp:23).
WARNING: [ANALYSIS 214-52] Found false inter dependency for variable 'local_C[32]' (kernel_gemm.cpp:23).
WARNING: [ANALYSIS 214-52] Found false inter dependency for variable 'local_C[33]' (kernel_gemm.cpp:23).
WARNING: [ANALYSIS 214-52] Found false inter dependency for variable 'local_C[34]' (kernel_gemm.cpp:23).
WARNING: [ANALYSIS 214-52] Found false inter dependency for variable 'local_C[35]' (kernel_gemm.cpp:23).
WARNING: [ANALYSIS 214-52] Found false inter dependency for variable 'local_C[36]' (kernel_gemm.cpp:23).
WARNING: [ANALYSIS 214-52] Found false inter dependency for variable 'local_C[22]' (kernel_gemm.cpp:23).
WARNING: [ANALYSIS 214-52] Found false inter dependency for variable 'local_C[23]' (kernel_gemm.cpp:23).
WARNING: [ANALYSIS 214-52] Found false inter dependency for variable 'local_C[24]' (kernel_gemm.cpp:23).
WARNING: [ANALYSIS 214-52] Found false inter dependency for variable 'local_C[25]' (kernel_gemm.cpp:23).
WARNING: [ANALYSIS 214-52] Found false inter dependency for variable 'local_C[26]' (kernel_gemm.cpp:23).
WARNING: [ANALYSIS 214-52] Found false inter dependency for variable 'local_C[97]' (kernel_gemm.cpp:23).
WARNING: [ANALYSIS 214-52] Found false inter dependency for variable 'local_C[98]' (kernel_gemm.cpp:23).
WARNING: [ANALYSIS 214-52] Found false inter dependency for variable 'local_C[99]' (kernel_gemm.cpp:23).
WARNING: [ANALYSIS 214-52] Found false inter dependency for variable 'local_C[100]' (kernel_gemm.cpp:23).
WARNING: [ANALYSIS 214-52] Found false inter dependency for variable 'local_C[101]' (kernel_gemm.cpp:23).
WARNING: [ANALYSIS 214-52] Found false inter dependency for variable 'local_C[87]' (kernel_gemm.cpp:23).
WARNING: [ANALYSIS 214-52] Found false inter dependency for variable 'local_C[88]' (kernel_gemm.cpp:23).
WARNING: [ANALYSIS 214-52] Found false inter dependency for variable 'local_C[89]' (kernel_gemm.cpp:23).
WARNING: [ANALYSIS 214-52] Found false inter dependency for variable 'local_C[90]' (kernel_gemm.cpp:23).
WARNING: [ANALYSIS 214-52] Found false inter dependency for variable 'local_C[91]' (kernel_gemm.cpp:23).
WARNING: [ANALYSIS 214-52] Found false inter dependency for variable 'local_C[37]' (kernel_gemm.cpp:23).
WARNING: [ANALYSIS 214-52] Found false inter dependency for variable 'local_C[38]' (kernel_gemm.cpp:23).
WARNING: [ANALYSIS 214-52] Found false inter dependency for variable 'local_C[39]' (kernel_gemm.cpp:23).
WARNING: [ANALYSIS 214-52] Found false inter dependency for variable 'local_C[40]' (kernel_gemm.cpp:23).
WARNING: [ANALYSIS 214-52] Found false inter dependency for variable 'local_C[41]' (kernel_gemm.cpp:23).
WARNING: [ANALYSIS 214-52] Found false inter dependency for variable 'local_C[117]' (kernel_gemm.cpp:23).
WARNING: [ANALYSIS 214-52] Found false inter dependency for variable 'local_C[118]' (kernel_gemm.cpp:23).
WARNING: [ANALYSIS 214-52] Found false inter dependency for variable 'local_C[119]' (kernel_gemm.cpp:23).
WARNING: [ANALYSIS 214-52] Found false inter dependency for variable 'local_C[120]' (kernel_gemm.cpp:23).
WARNING: [ANALYSIS 214-52] Found false inter dependency for variable 'local_C[121]' (kernel_gemm.cpp:23).
WARNING: [ANALYSIS 214-52] Found false inter dependency for variable 'local_C[127]' (kernel_gemm.cpp:23).
WARNING: [ANALYSIS 214-52] Found false inter dependency for variable 'local_C[112]' (kernel_gemm.cpp:23).
WARNING: [ANALYSIS 214-52] Found false inter dependency for variable 'local_C[113]' (kernel_gemm.cpp:23).
WARNING: [ANALYSIS 214-52] Found false inter dependency for variable 'local_C[114]' (kernel_gemm.cpp:23).
WARNING: [ANALYSIS 214-52] Found false inter dependency for variable 'local_C[115]' (kernel_gemm.cpp:23).
WARNING: [ANALYSIS 214-52] Found false inter dependency for variable 'local_C[116]' (kernel_gemm.cpp:23).
WARNING: [ANALYSIS 214-52] Found false inter dependency for variable 'local_C[27]' (kernel_gemm.cpp:23).
WARNING: [ANALYSIS 214-52] Found false inter dependency for variable 'local_C[28]' (kernel_gemm.cpp:23).
WARNING: [ANALYSIS 214-52] Found false inter dependency for variable 'local_C[29]' (kernel_gemm.cpp:23).
WARNING: [ANALYSIS 214-52] Found false inter dependency for variable 'local_C[30]' (kernel_gemm.cpp:23).
WARNING: [ANALYSIS 214-52] Found false inter dependency for variable 'local_C[31]' (kernel_gemm.cpp:23).
WARNING: [ANALYSIS 214-52] Found false inter dependency for variable 'local_C[2]' (kernel_gemm.cpp:23).
WARNING: [ANALYSIS 214-52] Found false inter dependency for variable 'local_C[3]' (kernel_gemm.cpp:23).
WARNING: [ANALYSIS 214-52] Found false inter dependency for variable 'local_C[4]' (kernel_gemm.cpp:23).
WARNING: [ANALYSIS 214-52] Found false inter dependency for variable 'local_C[5]' (kernel_gemm.cpp:23).
WARNING: [ANALYSIS 214-52] Found false inter dependency for variable 'local_C[6]' (kernel_gemm.cpp:23).
WARNING: [ANALYSIS 214-52] Found false inter dependency for variable 'local_C[102]' (kernel_gemm.cpp:23).
WARNING: [ANALYSIS 214-52] Found false inter dependency for variable 'local_C[103]' (kernel_gemm.cpp:23).
WARNING: [ANALYSIS 214-52] Found false inter dependency for variable 'local_C[104]' (kernel_gemm.cpp:23).
WARNING: [ANALYSIS 214-52] Found false inter dependency for variable 'local_C[105]' (kernel_gemm.cpp:23).
WARNING: [ANALYSIS 214-52] Found false inter dependency for variable 'local_C[106]' (kernel_gemm.cpp:23).
WARNING: [ANALYSIS 214-52] Found false inter dependency for variable 'local_C[82]' (kernel_gemm.cpp:23).
WARNING: [ANALYSIS 214-52] Found false inter dependency for variable 'local_C[83]' (kernel_gemm.cpp:23).
WARNING: [ANALYSIS 214-52] Found false inter dependency for variable 'local_C[84]' (kernel_gemm.cpp:23).
WARNING: [ANALYSIS 214-52] Found false inter dependency for variable 'local_C[85]' (kernel_gemm.cpp:23).
WARNING: [ANALYSIS 214-52] Found false inter dependency for variable 'local_C[86]' (kernel_gemm.cpp:23).
WARNING: [ANALYSIS 214-52] Found false inter dependency for variable 'local_C[52]' (kernel_gemm.cpp:23).
WARNING: [ANALYSIS 214-52] Found false inter dependency for variable 'local_C[53]' (kernel_gemm.cpp:23).
WARNING: [ANALYSIS 214-52] Found false inter dependency for variable 'local_C[54]' (kernel_gemm.cpp:23).
WARNING: [ANALYSIS 214-52] Found false inter dependency for variable 'local_C[55]' (kernel_gemm.cpp:23).
WARNING: [ANALYSIS 214-52] Found false inter dependency for variable 'local_C[56]' (kernel_gemm.cpp:23).
WARNING: [ANALYSIS 214-52] Found false inter dependency for variable 'local_C[62]' (kernel_gemm.cpp:23).
WARNING: [ANALYSIS 214-52] Found false inter dependency for variable 'local_C[63]' (kernel_gemm.cpp:23).
WARNING: [ANALYSIS 214-52] Found false inter dependency for variable 'local_C[64]' (kernel_gemm.cpp:23).
WARNING: [ANALYSIS 214-52] Found false inter dependency for variable 'local_C[65]' (kernel_gemm.cpp:23).
WARNING: [ANALYSIS 214-52] Found false inter dependency for variable 'local_C[66]' (kernel_gemm.cpp:23).
WARNING: [ANALYSIS 214-52] Found false inter dependency for variable 'local_C[12]' (kernel_gemm.cpp:23).
WARNING: [ANALYSIS 214-52] Found false inter dependency for variable 'local_C[13]' (kernel_gemm.cpp:23).
WARNING: [ANALYSIS 214-52] Found false inter dependency for variable 'local_C[14]' (kernel_gemm.cpp:23).
WARNING: [ANALYSIS 214-52] Found false inter dependency for variable 'local_C[15]' (kernel_gemm.cpp:23).
WARNING: [ANALYSIS 214-52] Found false inter dependency for variable 'local_C[16]' (kernel_gemm.cpp:23).
WARNING: [ANALYSIS 214-52] Found false inter dependency for variable 'local_C[92]' (kernel_gemm.cpp:23).
WARNING: [ANALYSIS 214-52] Found false inter dependency for variable 'local_C[93]' (kernel_gemm.cpp:23).
WARNING: [ANALYSIS 214-52] Found false inter dependency for variable 'local_C[94]' (kernel_gemm.cpp:23).
WARNING: [ANALYSIS 214-52] Found false inter dependency for variable 'local_C[95]' (kernel_gemm.cpp:23).
WARNING: [ANALYSIS 214-52] Found false inter dependency for variable 'local_C[96]' (kernel_gemm.cpp:23).
WARNING: [ANALYSIS 214-52] Found false inter dependency for variable 'local_C[17]' (kernel_gemm.cpp:23).
WARNING: [ANALYSIS 214-52] Found false inter dependency for variable 'local_C[18]' (kernel_gemm.cpp:23).
WARNING: [ANALYSIS 214-52] Found false inter dependency for variable 'local_C[19]' (kernel_gemm.cpp:23).
WARNING: [ANALYSIS 214-52] Found false inter dependency for variable 'local_C[20]' (kernel_gemm.cpp:23).
WARNING: [ANALYSIS 214-52] Found false inter dependency for variable 'local_C[21]' (kernel_gemm.cpp:23).
WARNING: [ANALYSIS 214-52] Found false inter dependency for variable 'local_C[57]' (kernel_gemm.cpp:23).
WARNING: [ANALYSIS 214-52] Found false inter dependency for variable 'local_C[58]' (kernel_gemm.cpp:23).
WARNING: [ANALYSIS 214-52] Found false inter dependency for variable 'local_C[59]' (kernel_gemm.cpp:23).
WARNING: [ANALYSIS 214-52] Found false inter dependency for variable 'local_C[60]' (kernel_gemm.cpp:23).
WARNING: [ANALYSIS 214-52] Found false inter dependency for variable 'local_C[61]' (kernel_gemm.cpp:23).
WARNING: [ANALYSIS 214-52] Found false inter dependency for variable 'local_C[72]' (kernel_gemm.cpp:23).
WARNING: [ANALYSIS 214-52] Found false inter dependency for variable 'local_C[73]' (kernel_gemm.cpp:23).
WARNING: [ANALYSIS 214-52] Found false inter dependency for variable 'local_C[74]' (kernel_gemm.cpp:23).
WARNING: [ANALYSIS 214-52] Found false inter dependency for variable 'local_C[75]' (kernel_gemm.cpp:23).
WARNING: [ANALYSIS 214-52] Found false inter dependency for variable 'local_C[76]' (kernel_gemm.cpp:23).
WARNING: [ANALYSIS 214-52] Found false inter dependency for variable 'local_C[42]' (kernel_gemm.cpp:23).
WARNING: [ANALYSIS 214-52] Found false inter dependency for variable 'local_C[43]' (kernel_gemm.cpp:23).
WARNING: [ANALYSIS 214-52] Found false inter dependency for variable 'local_C[44]' (kernel_gemm.cpp:23).
WARNING: [ANALYSIS 214-52] Found false inter dependency for variable 'local_C[45]' (kernel_gemm.cpp:23).
WARNING: [ANALYSIS 214-52] Found false inter dependency for variable 'local_C[46]' (kernel_gemm.cpp:23).
WARNING: [ANALYSIS 214-52] Found false inter dependency for variable 'local_C[7]' (kernel_gemm.cpp:23).
WARNING: [ANALYSIS 214-52] Found false inter dependency for variable 'local_C[8]' (kernel_gemm.cpp:23).
WARNING: [ANALYSIS 214-52] Found false inter dependency for variable 'local_C[9]' (kernel_gemm.cpp:23).
WARNING: [ANALYSIS 214-52] Found false inter dependency for variable 'local_C[10]' (kernel_gemm.cpp:23).
WARNING: [ANALYSIS 214-52] Found false inter dependency for variable 'local_C[11]' (kernel_gemm.cpp:23).
WARNING: [ANALYSIS 214-52] Found false inter dependency for variable 'local_C[0]' (kernel_gemm.cpp:23).
WARNING: [ANALYSIS 214-52] Found false inter dependency for variable 'local_C[1]' (kernel_gemm.cpp:23).
INFO: [HLS 200-444] Inferring multiple bus burst read of a total cumulative length 128 on port 'gmem' (kernel_gemm.cpp:68:2). These data requests might be further partitioned to multiple requests during RTL generation, based on max_read_burst_length or max_write_burst_length settings.
INFO: [HLS 200-444] Inferring multiple bus burst write of a total cumulative length 128 on port 'gmem' (kernel_gemm.cpp:91:2). These data requests might be further partitioned to multiple requests during RTL generation, based on max_read_burst_length or max_write_burst_length settings.
INFO: [HLS 200-444] Inferring multiple bus burst read of a total cumulative length 128 on port 'A' (kernel_gemm.cpp:10:2). These data requests might be further partitioned to multiple requests during RTL generation, based on max_read_burst_length or max_write_burst_length settings.
INFO: [HLS 200-444] Inferring multiple bus burst read of a total cumulative length 128 on port 'A' (kernel_gemm.cpp:17:2). These data requests might be further partitioned to multiple requests during RTL generation, based on max_read_burst_length or max_write_burst_length settings.
INFO: [HLS 200-472] Inferring partial write operation for 'local_C[0]' (kernel_gemm.cpp:68:2)
INFO: [HLS 200-472] Inferring partial write operation for 'local_C[0]' (kernel_gemm.cpp:33:2)
INFO: [HLS 200-472] Inferring partial write operation for 'local_A' (kernel_gemm.cpp:10:2)
INFO: [HLS 200-472] Inferring partial write operation for 'local_B[0]' (kernel_gemm.cpp:17:2)
INFO: [HLS 200-111] Finished Architecture Synthesis Time (s): cpu = 00:00:13 ; elapsed = 00:00:12 . Memory (MB): peak = 1697.363 ; gain = 1236.863 ; free physical = 113785 ; free virtual = 190216
INFO: [HLS 200-10] Starting hardware synthesis ...
INFO: [HLS 200-10] Synthesizing 'kernel_gemm' ...
INFO: [HLS 200-10] ----------------------------------------------------------------
INFO: [HLS 200-42] -- Implementing module 'load' 
INFO: [HLS 200-10] ----------------------------------------------------------------
INFO: [SCHED 204-11] Starting scheduling ...
INFO: [SCHED 204-61] Pipelining loop 'LOAD_A_LOOP_L'.
INFO: [SCHED 204-61] Pipelining result : Target II = 1, Final II = 1, Depth = 11.
INFO: [SCHED 204-61] Pipelining loop 'LOAD_B_LOOP_L'.
INFO: [SCHED 204-61] Pipelining result : Target II = 1, Final II = 1, Depth = 11.
INFO: [SCHED 204-11] Finished scheduling.
INFO: [HLS 200-111]  Elapsed time: 12.65 seconds; current allocated memory: 179.390 MB.
INFO: [BIND 205-100] Starting micro-architecture generation ...
INFO: [BIND 205-101] Performing variable lifetime analysis.
INFO: [BIND 205-101] Exploring resource sharing.
INFO: [BIND 205-101] Binding ...
INFO: [BIND 205-100] Finished micro-architecture generation.
INFO: [HLS 200-111]  Elapsed time: 0.38 seconds; current allocated memory: 181.666 MB.
INFO: [HLS 200-10] ----------------------------------------------------------------
INFO: [HLS 200-42] -- Implementing module 'compute' 
INFO: [HLS 200-10] ----------------------------------------------------------------
INFO: [SCHED 204-11] Starting scheduling ...
INFO: [SCHED 204-61] Pipelining loop 'COMPUTE_K_COMPUTE_I'.
INFO: [SCHED 204-61] Pipelining result : Target II = 1, Final II = 1, Depth = 19.
INFO: [SCHED 204-11] Finished scheduling.
INFO: [HLS 200-111]  Elapsed time: 2.22 seconds; current allocated memory: 194.212 MB.
INFO: [BIND 205-100] Starting micro-architecture generation ...
INFO: [BIND 205-101] Performing variable lifetime analysis.
INFO: [BIND 205-101] Exploring resource sharing.
INFO: [BIND 205-101] Binding ...
INFO: [BIND 205-100] Finished micro-architecture generation.
INFO: [HLS 200-111]  Elapsed time: 2.09 seconds; current allocated memory: 202.107 MB.
INFO: [HLS 200-10] ----------------------------------------------------------------
INFO: [HLS 200-42] -- Implementing module 'kernel_gemm' 
INFO: [HLS 200-10] ----------------------------------------------------------------
INFO: [SCHED 204-11] Starting scheduling ...
INFO: [SCHED 204-61] Pipelining loop 'LOAD_INIT_C_L'.
INFO: [SCHED 204-61] Pipelining result : Target II = 1, Final II = 1, Depth = 15.
INFO: [SCHED 204-61] Pipelining loop 'STORE_C_L'.
INFO: [SCHED 204-61] Pipelining result : Target II = 1, Final II = 1, Depth = 9.
INFO: [SCHED 204-11] Finished scheduling.
INFO: [HLS 200-111]  Elapsed time: 3.2 seconds; current allocated memory: 206.145 MB.
INFO: [BIND 205-100] Starting micro-architecture generation ...
INFO: [BIND 205-101] Performing variable lifetime analysis.
INFO: [BIND 205-101] Exploring resource sharing.
INFO: [BIND 205-101] Binding ...
INFO: [BIND 205-100] Finished micro-architecture generation.
INFO: [HLS 200-111]  Elapsed time: 2.6 seconds; current allocated memory: 219.165 MB.
INFO: [HLS 200-10] ----------------------------------------------------------------
INFO: [HLS 200-10] -- Generating RTL for module 'load' 
INFO: [HLS 200-10] ----------------------------------------------------------------
INFO: [RTGEN 206-100] Finished creating RTL model for 'load'.
INFO: [HLS 200-111]  Elapsed time: 1.9 seconds; current allocated memory: 222.653 MB.
INFO: [HLS 200-10] ----------------------------------------------------------------
INFO: [HLS 200-10] -- Generating RTL for module 'compute' 
INFO: [HLS 200-10] ----------------------------------------------------------------
INFO: [SYN 201-210] Renamed object name 'kernel_gemm_fadd_32ns_32ns_32_7_full_dsp_1' to 'kernel_gemm_fadd_bkb' due to the length limit 20
INFO: [SYN 201-210] Renamed object name 'kernel_gemm_fmul_32ns_32ns_32_4_max_dsp_1' to 'kernel_gemm_fmul_cud' due to the length limit 20
INFO: [RTGEN 206-104] Estimated max fanout for 'compute' is 7264 from HDL expression: (1'b0 == ap_block_pp0_stage0_11001)
INFO: [RTGEN 206-100] Generating core module 'kernel_gemm_fadd_bkb': 128 instance(s).
INFO: [RTGEN 206-100] Generating core module 'kernel_gemm_fmul_cud': 129 instance(s).
INFO: [RTGEN 206-100] Finished creating RTL model for 'compute'.
INFO: [HLS 200-111]  Elapsed time: 1.94 seconds; current allocated memory: 246.073 MB.
INFO: [HLS 200-10] ----------------------------------------------------------------
INFO: [HLS 200-10] -- Generating RTL for module 'kernel_gemm' 
INFO: [HLS 200-10] ----------------------------------------------------------------
INFO: [RTGEN 206-500] Setting interface mode on port 'kernel_gemm/gmem' to 'm_axi'.
INFO: [RTGEN 206-500] Setting interface mode on port 'kernel_gemm/C' to 's_axilite & ap_none'.
INFO: [RTGEN 206-500] Setting interface mode on port 'kernel_gemm/A' to 's_axilite & ap_none'.
INFO: [RTGEN 206-500] Setting interface mode on port 'kernel_gemm/B' to 's_axilite & ap_none'.
INFO: [RTGEN 206-500] Setting interface mode on port 'kernel_gemm/alpha' to 'ap_none'.
INFO: [RTGEN 206-500] Setting interface mode on port 'kernel_gemm/beta' to 'ap_none'.
INFO: [RTGEN 206-500] Setting interface mode on function 'kernel_gemm' to 's_axilite & ap_ctrl_hs'.
INFO: [RTGEN 206-100] Bundling port 'return', 'C', 'A' to AXI-Lite port control.
INFO: [SYN 201-210] Renamed object name 'kernel_gemm_local_A_ping' to 'kernel_gemm_localdEe' due to the length limit 20
INFO: [SYN 201-210] Renamed object name 'kernel_gemm_local_B_ping_0' to 'kernel_gemm_localeOg' due to the length limit 20
INFO: [SYN 201-210] Renamed object name 'kernel_gemm_local_B_ping_1' to 'kernel_gemm_localfYi' due to the length limit 20
INFO: [SYN 201-210] Renamed object name 'kernel_gemm_local_B_ping_2' to 'kernel_gemm_localg8j' due to the length limit 20
INFO: [SYN 201-210] Renamed object name 'kernel_gemm_local_B_ping_3' to 'kernel_gemm_localhbi' due to the length limit 20
INFO: [SYN 201-210] Renamed object name 'kernel_gemm_local_B_ping_4' to 'kernel_gemm_localibs' due to the length limit 20
INFO: [SYN 201-210] Renamed object name 'kernel_gemm_local_B_ping_5' to 'kernel_gemm_localjbC' due to the length limit 20
INFO: [SYN 201-210] Renamed object name 'kernel_gemm_local_B_ping_6' to 'kernel_gemm_localkbM' due to the length limit 20
INFO: [SYN 201-210] Renamed object name 'kernel_gemm_local_B_ping_7' to 'kernel_gemm_locallbW' due to the length limit 20
INFO: [SYN 201-210] Renamed object name 'kernel_gemm_local_B_ping_8' to 'kernel_gemm_localmb6' due to the length limit 20
INFO: [SYN 201-210] Renamed object name 'kernel_gemm_local_B_ping_9' to 'kernel_gemm_localncg' due to the length limit 20
INFO: [SYN 201-210] Renamed object name 'kernel_gemm_local_B_ping_10' to 'kernel_gemm_localocq' due to the length limit 20
INFO: [SYN 201-210] Renamed object name 'kernel_gemm_local_B_ping_11' to 'kernel_gemm_localpcA' due to the length limit 20
INFO: [SYN 201-210] Renamed object name 'kernel_gemm_local_B_ping_12' to 'kernel_gemm_localqcK' due to the length limit 20
INFO: [SYN 201-210] Renamed object name 'kernel_gemm_local_B_ping_13' to 'kernel_gemm_localrcU' due to the length limit 20
INFO: [SYN 201-210] Renamed object name 'kernel_gemm_local_B_ping_14' to 'kernel_gemm_localsc4' due to the length limit 20
INFO: [SYN 201-210] Renamed object name 'kernel_gemm_local_B_ping_15' to 'kernel_gemm_localtde' due to the length limit 20
INFO: [SYN 201-210] Renamed object name 'kernel_gemm_local_B_ping_16' to 'kernel_gemm_localudo' due to the length limit 20
INFO: [SYN 201-210] Renamed object name 'kernel_gemm_local_B_ping_17' to 'kernel_gemm_localvdy' due to the length limit 20
INFO: [SYN 201-210] Renamed object name 'kernel_gemm_local_B_ping_18' to 'kernel_gemm_localwdI' due to the length limit 20
INFO: [SYN 201-210] Renamed object name 'kernel_gemm_local_B_ping_19' to 'kernel_gemm_localxdS' due to the length limit 20
INFO: [SYN 201-210] Renamed object name 'kernel_gemm_local_B_ping_20' to 'kernel_gemm_localyd2' due to the length limit 20
INFO: [SYN 201-210] Renamed object name 'kernel_gemm_local_B_ping_21' to 'kernel_gemm_localzec' due to the length limit 20
INFO: [SYN 201-210] Renamed object name 'kernel_gemm_local_B_ping_22' to 'kernel_gemm_localAem' due to the length limit 20
INFO: [SYN 201-210] Renamed object name 'kernel_gemm_local_B_ping_23' to 'kernel_gemm_localBew' due to the length limit 20
INFO: [SYN 201-210] Renamed object name 'kernel_gemm_local_B_ping_24' to 'kernel_gemm_localCeG' due to the length limit 20
INFO: [SYN 201-210] Renamed object name 'kernel_gemm_local_B_ping_25' to 'kernel_gemm_localDeQ' due to the length limit 20
INFO: [SYN 201-210] Renamed object name 'kernel_gemm_local_B_ping_26' to 'kernel_gemm_localEe0' due to the length limit 20
INFO: [SYN 201-210] Renamed object name 'kernel_gemm_local_B_ping_27' to 'kernel_gemm_localFfa' due to the length limit 20
INFO: [SYN 201-210] Renamed object name 'kernel_gemm_local_B_ping_28' to 'kernel_gemm_localGfk' due to the length limit 20
INFO: [SYN 201-210] Renamed object name 'kernel_gemm_local_B_ping_29' to 'kernel_gemm_localHfu' due to the length limit 20
INFO: [SYN 201-210] Renamed object name 'kernel_gemm_local_B_ping_30' to 'kernel_gemm_localIfE' due to the length limit 20
INFO: [SYN 201-210] Renamed object name 'kernel_gemm_local_B_ping_31' to 'kernel_gemm_localJfO' due to the length limit 20
INFO: [SYN 201-210] Renamed object name 'kernel_gemm_local_B_ping_32' to 'kernel_gemm_localKfY' due to the length limit 20
INFO: [SYN 201-210] Renamed object name 'kernel_gemm_local_B_ping_33' to 'kernel_gemm_localLf8' due to the length limit 20
INFO: [SYN 201-210] Renamed object name 'kernel_gemm_local_B_ping_34' to 'kernel_gemm_localMgi' due to the length limit 20
INFO: [SYN 201-210] Renamed object name 'kernel_gemm_local_B_ping_35' to 'kernel_gemm_localNgs' due to the length limit 20
INFO: [SYN 201-210] Renamed object name 'kernel_gemm_local_B_ping_36' to 'kernel_gemm_localOgC' due to the length limit 20
INFO: [SYN 201-210] Renamed object name 'kernel_gemm_local_B_ping_37' to 'kernel_gemm_localPgM' due to the length limit 20
INFO: [SYN 201-210] Renamed object name 'kernel_gemm_local_B_ping_38' to 'kernel_gemm_localQgW' due to the length limit 20
INFO: [SYN 201-210] Renamed object name 'kernel_gemm_local_B_ping_39' to 'kernel_gemm_localRg6' due to the length limit 20
INFO: [SYN 201-210] Renamed object name 'kernel_gemm_local_B_ping_40' to 'kernel_gemm_localShg' due to the length limit 20
INFO: [SYN 201-210] Renamed object name 'kernel_gemm_local_B_ping_41' to 'kernel_gemm_localThq' due to the length limit 20
INFO: [SYN 201-210] Renamed object name 'kernel_gemm_local_B_ping_42' to 'kernel_gemm_localUhA' due to the length limit 20
INFO: [SYN 201-210] Renamed object name 'kernel_gemm_local_B_ping_43' to 'kernel_gemm_localVhK' due to the length limit 20
INFO: [SYN 201-210] Renamed object name 'kernel_gemm_local_B_ping_44' to 'kernel_gemm_localWhU' due to the length limit 20
INFO: [SYN 201-210] Renamed object name 'kernel_gemm_local_B_ping_45' to 'kernel_gemm_localXh4' due to the length limit 20
INFO: [SYN 201-210] Renamed object name 'kernel_gemm_local_B_ping_46' to 'kernel_gemm_localYie' due to the length limit 20
INFO: [SYN 201-210] Renamed object name 'kernel_gemm_local_B_ping_47' to 'kernel_gemm_localZio' due to the length limit 20
INFO: [SYN 201-210] Renamed object name 'kernel_gemm_local_B_ping_48' to 'kernel_gemm_local0iy' due to the length limit 20
INFO: [SYN 201-210] Renamed object name 'kernel_gemm_local_B_ping_49' to 'kernel_gemm_local1iI' due to the length limit 20
INFO: [SYN 201-210] Renamed object name 'kernel_gemm_local_B_ping_50' to 'kernel_gemm_local2iS' due to the length limit 20
INFO: [SYN 201-210] Renamed object name 'kernel_gemm_local_B_ping_51' to 'kernel_gemm_local3i2' due to the length limit 20
INFO: [SYN 201-210] Renamed object name 'kernel_gemm_local_B_ping_52' to 'kernel_gemm_local4jc' due to the length limit 20
INFO: [SYN 201-210] Renamed object name 'kernel_gemm_local_B_ping_53' to 'kernel_gemm_local5jm' due to the length limit 20
INFO: [SYN 201-210] Renamed object name 'kernel_gemm_local_B_ping_54' to 'kernel_gemm_local6jw' due to the length limit 20
INFO: [SYN 201-210] Renamed object name 'kernel_gemm_local_B_ping_55' to 'kernel_gemm_local7jG' due to the length limit 20
INFO: [SYN 201-210] Renamed object name 'kernel_gemm_local_B_ping_56' to 'kernel_gemm_local8jQ' due to the length limit 20
INFO: [SYN 201-210] Renamed object name 'kernel_gemm_local_B_ping_57' to 'kernel_gemm_local9j0' due to the length limit 20
INFO: [SYN 201-210] Renamed object name 'kernel_gemm_local_B_ping_58' to 'kernel_gemm_localbak' due to the length limit 20
INFO: [SYN 201-210] Renamed object name 'kernel_gemm_local_B_ping_59' to 'kernel_gemm_localbbk' due to the length limit 20
INFO: [SYN 201-210] Renamed object name 'kernel_gemm_local_B_ping_60' to 'kernel_gemm_localbck' due to the length limit 20
INFO: [SYN 201-210] Renamed object name 'kernel_gemm_local_B_ping_61' to 'kernel_gemm_localbdk' due to the length limit 20
INFO: [SYN 201-210] Renamed object name 'kernel_gemm_local_B_ping_62' to 'kernel_gemm_localbek' due to the length limit 20
INFO: [SYN 201-210] Renamed object name 'kernel_gemm_local_B_ping_63' to 'kernel_gemm_localbfk' due to the length limit 20
INFO: [SYN 201-210] Renamed object name 'kernel_gemm_local_B_ping_64' to 'kernel_gemm_localbgk' due to the length limit 20
INFO: [SYN 201-210] Renamed object name 'kernel_gemm_local_B_ping_65' to 'kernel_gemm_localbhl' due to the length limit 20
INFO: [SYN 201-210] Renamed object name 'kernel_gemm_local_B_ping_66' to 'kernel_gemm_localbil' due to the length limit 20
INFO: [SYN 201-210] Renamed object name 'kernel_gemm_local_B_ping_67' to 'kernel_gemm_localbjl' due to the length limit 20
INFO: [SYN 201-210] Renamed object name 'kernel_gemm_local_B_ping_68' to 'kernel_gemm_localbkl' due to the length limit 20
INFO: [SYN 201-210] Renamed object name 'kernel_gemm_local_B_ping_69' to 'kernel_gemm_localbll' due to the length limit 20
INFO: [SYN 201-210] Renamed object name 'kernel_gemm_local_B_ping_70' to 'kernel_gemm_localbml' due to the length limit 20
INFO: [SYN 201-210] Renamed object name 'kernel_gemm_local_B_ping_71' to 'kernel_gemm_localbnm' due to the length limit 20
INFO: [SYN 201-210] Renamed object name 'kernel_gemm_local_B_ping_72' to 'kernel_gemm_localbom' due to the length limit 20
INFO: [SYN 201-210] Renamed object name 'kernel_gemm_local_B_ping_73' to 'kernel_gemm_localbpm' due to the length limit 20
INFO: [SYN 201-210] Renamed object name 'kernel_gemm_local_B_ping_74' to 'kernel_gemm_localbqm' due to the length limit 20
INFO: [SYN 201-210] Renamed object name 'kernel_gemm_local_B_ping_75' to 'kernel_gemm_localbrm' due to the length limit 20
INFO: [SYN 201-210] Renamed object name 'kernel_gemm_local_B_ping_76' to 'kernel_gemm_localbsm' due to the length limit 20
INFO: [SYN 201-210] Renamed object name 'kernel_gemm_local_B_ping_77' to 'kernel_gemm_localbtn' due to the length limit 20
INFO: [SYN 201-210] Renamed object name 'kernel_gemm_local_B_ping_78' to 'kernel_gemm_localbun' due to the length limit 20
INFO: [SYN 201-210] Renamed object name 'kernel_gemm_local_B_ping_79' to 'kernel_gemm_localbvn' due to the length limit 20
INFO: [SYN 201-210] Renamed object name 'kernel_gemm_local_B_ping_80' to 'kernel_gemm_localbwn' due to the length limit 20
INFO: [SYN 201-210] Renamed object name 'kernel_gemm_local_B_ping_81' to 'kernel_gemm_localbxn' due to the length limit 20
INFO: [SYN 201-210] Renamed object name 'kernel_gemm_local_B_ping_82' to 'kernel_gemm_localbyn' due to the length limit 20
INFO: [SYN 201-210] Renamed object name 'kernel_gemm_local_B_ping_83' to 'kernel_gemm_localbzo' due to the length limit 20
INFO: [SYN 201-210] Renamed object name 'kernel_gemm_local_B_ping_84' to 'kernel_gemm_localbAo' due to the length limit 20
INFO: [SYN 201-210] Renamed object name 'kernel_gemm_local_B_ping_85' to 'kernel_gemm_localbBo' due to the length limit 20
INFO: [SYN 201-210] Renamed object name 'kernel_gemm_local_B_ping_86' to 'kernel_gemm_localbCo' due to the length limit 20
INFO: [SYN 201-210] Renamed object name 'kernel_gemm_local_B_ping_87' to 'kernel_gemm_localbDo' due to the length limit 20
INFO: [SYN 201-210] Renamed object name 'kernel_gemm_local_B_ping_88' to 'kernel_gemm_localbEo' due to the length limit 20
INFO: [SYN 201-210] Renamed object name 'kernel_gemm_local_B_ping_89' to 'kernel_gemm_localbFp' due to the length limit 20
INFO: [SYN 201-210] Renamed object name 'kernel_gemm_local_B_ping_90' to 'kernel_gemm_localbGp' due to the length limit 20
INFO: [SYN 201-210] Renamed object name 'kernel_gemm_local_B_ping_91' to 'kernel_gemm_localbHp' due to the length limit 20
INFO: [SYN 201-210] Renamed object name 'kernel_gemm_local_B_ping_92' to 'kernel_gemm_localbIp' due to the length limit 20
INFO: [SYN 201-210] Renamed object name 'kernel_gemm_local_B_ping_93' to 'kernel_gemm_localbJp' due to the length limit 20
INFO: [SYN 201-210] Renamed object name 'kernel_gemm_local_B_ping_94' to 'kernel_gemm_localbKp' due to the length limit 20
INFO: [SYN 201-210] Renamed object name 'kernel_gemm_local_B_ping_95' to 'kernel_gemm_localbLp' due to the length limit 20
INFO: [SYN 201-210] Renamed object name 'kernel_gemm_local_B_ping_96' to 'kernel_gemm_localbMq' due to the length limit 20
INFO: [SYN 201-210] Renamed object name 'kernel_gemm_local_B_ping_97' to 'kernel_gemm_localbNq' due to the length limit 20
INFO: [SYN 201-210] Renamed object name 'kernel_gemm_local_B_ping_98' to 'kernel_gemm_localbOq' due to the length limit 20
INFO: [SYN 201-210] Renamed object name 'kernel_gemm_local_B_ping_99' to 'kernel_gemm_localbPq' due to the length limit 20
INFO: [SYN 201-210] Renamed object name 'kernel_gemm_local_B_ping_100' to 'kernel_gemm_localbQq' due to the length limit 20
INFO: [SYN 201-210] Renamed object name 'kernel_gemm_local_B_ping_101' to 'kernel_gemm_localbRq' due to the length limit 20
INFO: [SYN 201-210] Renamed object name 'kernel_gemm_local_B_ping_102' to 'kernel_gemm_localbSr' due to the length limit 20
INFO: [SYN 201-210] Renamed object name 'kernel_gemm_local_B_ping_103' to 'kernel_gemm_localbTr' due to the length limit 20
INFO: [SYN 201-210] Renamed object name 'kernel_gemm_local_B_ping_104' to 'kernel_gemm_localbUr' due to the length limit 20
INFO: [SYN 201-210] Renamed object name 'kernel_gemm_local_B_ping_105' to 'kernel_gemm_localbVr' due to the length limit 20
INFO: [SYN 201-210] Renamed object name 'kernel_gemm_local_B_ping_106' to 'kernel_gemm_localbWr' due to the length limit 20
INFO: [SYN 201-210] Renamed object name 'kernel_gemm_local_B_ping_107' to 'kernel_gemm_localbXr' due to the length limit 20
INFO: [SYN 201-210] Renamed object name 'kernel_gemm_local_B_ping_108' to 'kernel_gemm_localbYs' due to the length limit 20
INFO: [SYN 201-210] Renamed object name 'kernel_gemm_local_B_ping_109' to 'kernel_gemm_localbZs' due to the length limit 20
INFO: [SYN 201-210] Renamed object name 'kernel_gemm_local_B_ping_110' to 'kernel_gemm_localb0s' due to the length limit 20
INFO: [SYN 201-210] Renamed object name 'kernel_gemm_local_B_ping_111' to 'kernel_gemm_localb1s' due to the length limit 20
INFO: [SYN 201-210] Renamed object name 'kernel_gemm_local_B_ping_112' to 'kernel_gemm_localb2s' due to the length limit 20
INFO: [SYN 201-210] Renamed object name 'kernel_gemm_local_B_ping_113' to 'kernel_gemm_localb3s' due to the length limit 20
INFO: [SYN 201-210] Renamed object name 'kernel_gemm_local_B_ping_114' to 'kernel_gemm_localb4t' due to the length limit 20
INFO: [SYN 201-210] Renamed object name 'kernel_gemm_local_B_ping_115' to 'kernel_gemm_localb5t' due to the length limit 20
INFO: [SYN 201-210] Renamed object name 'kernel_gemm_local_B_ping_116' to 'kernel_gemm_localb6t' due to the length limit 20
INFO: [SYN 201-210] Renamed object name 'kernel_gemm_local_B_ping_117' to 'kernel_gemm_localb7t' due to the length limit 20
INFO: [SYN 201-210] Renamed object name 'kernel_gemm_local_B_ping_118' to 'kernel_gemm_localb8t' due to the length limit 20
INFO: [SYN 201-210] Renamed object name 'kernel_gemm_local_B_ping_119' to 'kernel_gemm_localb9t' due to the length limit 20
INFO: [SYN 201-210] Renamed object name 'kernel_gemm_local_B_ping_120' to 'kernel_gemm_localcau' due to the length limit 20
INFO: [SYN 201-210] Renamed object name 'kernel_gemm_local_B_ping_121' to 'kernel_gemm_localcbu' due to the length limit 20
INFO: [SYN 201-210] Renamed object name 'kernel_gemm_local_B_ping_122' to 'kernel_gemm_localccu' due to the length limit 20
INFO: [SYN 201-210] Renamed object name 'kernel_gemm_local_B_ping_123' to 'kernel_gemm_localcdu' due to the length limit 20
INFO: [SYN 201-210] Renamed object name 'kernel_gemm_local_B_ping_124' to 'kernel_gemm_localceu' due to the length limit 20
INFO: [SYN 201-210] Renamed object name 'kernel_gemm_local_B_ping_125' to 'kernel_gemm_localcfu' due to the length limit 20
INFO: [SYN 201-210] Renamed object name 'kernel_gemm_local_B_ping_126' to 'kernel_gemm_localcgu' due to the length limit 20
INFO: [SYN 201-210] Renamed object name 'kernel_gemm_local_B_ping_127' to 'kernel_gemm_localchv' due to the length limit 20
INFO: [SYN 201-210] Renamed object name 'kernel_gemm_local_A_pong' to 'kernel_gemm_localciv' due to the length limit 20
INFO: [SYN 201-210] Renamed object name 'kernel_gemm_local_B_pong_0' to 'kernel_gemm_localcjv' due to the length limit 20
INFO: [SYN 201-210] Renamed object name 'kernel_gemm_local_B_pong_1' to 'kernel_gemm_localckv' due to the length limit 20
INFO: [SYN 201-210] Renamed object name 'kernel_gemm_local_B_pong_2' to 'kernel_gemm_localclv' due to the length limit 20
INFO: [SYN 201-210] Renamed object name 'kernel_gemm_local_B_pong_3' to 'kernel_gemm_localcmv' due to the length limit 20
INFO: [SYN 201-210] Renamed object name 'kernel_gemm_local_B_pong_4' to 'kernel_gemm_localcnw' due to the length limit 20
INFO: [SYN 201-210] Renamed object name 'kernel_gemm_local_B_pong_5' to 'kernel_gemm_localcow' due to the length limit 20
INFO: [SYN 201-210] Renamed object name 'kernel_gemm_local_B_pong_6' to 'kernel_gemm_localcpw' due to the length limit 20
INFO: [SYN 201-210] Renamed object name 'kernel_gemm_local_B_pong_7' to 'kernel_gemm_localcqw' due to the length limit 20
INFO: [SYN 201-210] Renamed object name 'kernel_gemm_local_B_pong_8' to 'kernel_gemm_localcrw' due to the length limit 20
INFO: [SYN 201-210] Renamed object name 'kernel_gemm_local_B_pong_9' to 'kernel_gemm_localcsw' due to the length limit 20
INFO: [SYN 201-210] Renamed object name 'kernel_gemm_local_B_pong_10' to 'kernel_gemm_localctx' due to the length limit 20
INFO: [SYN 201-210] Renamed object name 'kernel_gemm_local_B_pong_11' to 'kernel_gemm_localcux' due to the length limit 20
INFO: [SYN 201-210] Renamed object name 'kernel_gemm_local_B_pong_12' to 'kernel_gemm_localcvx' due to the length limit 20
INFO: [SYN 201-210] Renamed object name 'kernel_gemm_local_B_pong_13' to 'kernel_gemm_localcwx' due to the length limit 20
INFO: [SYN 201-210] Renamed object name 'kernel_gemm_local_B_pong_14' to 'kernel_gemm_localcxx' due to the length limit 20
INFO: [SYN 201-210] Renamed object name 'kernel_gemm_local_B_pong_15' to 'kernel_gemm_localcyx' due to the length limit 20
INFO: [SYN 201-210] Renamed object name 'kernel_gemm_local_B_pong_16' to 'kernel_gemm_localczy' due to the length limit 20
INFO: [SYN 201-210] Renamed object name 'kernel_gemm_local_B_pong_17' to 'kernel_gemm_localcAy' due to the length limit 20
INFO: [SYN 201-210] Renamed object name 'kernel_gemm_local_B_pong_18' to 'kernel_gemm_localcBy' due to the length limit 20
INFO: [SYN 201-210] Renamed object name 'kernel_gemm_local_B_pong_19' to 'kernel_gemm_localcCy' due to the length limit 20
INFO: [SYN 201-210] Renamed object name 'kernel_gemm_local_B_pong_20' to 'kernel_gemm_localcDy' due to the length limit 20
INFO: [SYN 201-210] Renamed object name 'kernel_gemm_local_B_pong_21' to 'kernel_gemm_localcEy' due to the length limit 20
INFO: [SYN 201-210] Renamed object name 'kernel_gemm_local_B_pong_22' to 'kernel_gemm_localcFz' due to the length limit 20
INFO: [SYN 201-210] Renamed object name 'kernel_gemm_local_B_pong_23' to 'kernel_gemm_localcGz' due to the length limit 20
INFO: [SYN 201-210] Renamed object name 'kernel_gemm_local_B_pong_24' to 'kernel_gemm_localcHz' due to the length limit 20
INFO: [SYN 201-210] Renamed object name 'kernel_gemm_local_B_pong_25' to 'kernel_gemm_localcIz' due to the length limit 20
INFO: [SYN 201-210] Renamed object name 'kernel_gemm_local_B_pong_26' to 'kernel_gemm_localcJz' due to the length limit 20
INFO: [SYN 201-210] Renamed object name 'kernel_gemm_local_B_pong_27' to 'kernel_gemm_localcKz' due to the length limit 20
INFO: [SYN 201-210] Renamed object name 'kernel_gemm_local_B_pong_28' to 'kernel_gemm_localcLz' due to the length limit 20
INFO: [SYN 201-210] Renamed object name 'kernel_gemm_local_B_pong_29' to 'kernel_gemm_localcMA' due to the length limit 20
INFO: [SYN 201-210] Renamed object name 'kernel_gemm_local_B_pong_30' to 'kernel_gemm_localcNA' due to the length limit 20
INFO: [SYN 201-210] Renamed object name 'kernel_gemm_local_B_pong_31' to 'kernel_gemm_localcOA' due to the length limit 20
INFO: [SYN 201-210] Renamed object name 'kernel_gemm_local_B_pong_32' to 'kernel_gemm_localcPA' due to the length limit 20
INFO: [SYN 201-210] Renamed object name 'kernel_gemm_local_B_pong_33' to 'kernel_gemm_localcQA' due to the length limit 20
INFO: [SYN 201-210] Renamed object name 'kernel_gemm_local_B_pong_34' to 'kernel_gemm_localcRA' due to the length limit 20
INFO: [SYN 201-210] Renamed object name 'kernel_gemm_local_B_pong_35' to 'kernel_gemm_localcSB' due to the length limit 20
INFO: [SYN 201-210] Renamed object name 'kernel_gemm_local_B_pong_36' to 'kernel_gemm_localcTB' due to the length limit 20
INFO: [SYN 201-210] Renamed object name 'kernel_gemm_local_B_pong_37' to 'kernel_gemm_localcUB' due to the length limit 20
INFO: [SYN 201-210] Renamed object name 'kernel_gemm_local_B_pong_38' to 'kernel_gemm_localcVB' due to the length limit 20
INFO: [SYN 201-210] Renamed object name 'kernel_gemm_local_B_pong_39' to 'kernel_gemm_localcWB' due to the length limit 20
INFO: [SYN 201-210] Renamed object name 'kernel_gemm_local_B_pong_40' to 'kernel_gemm_localcXB' due to the length limit 20
INFO: [SYN 201-210] Renamed object name 'kernel_gemm_local_B_pong_41' to 'kernel_gemm_localcYC' due to the length limit 20
INFO: [SYN 201-210] Renamed object name 'kernel_gemm_local_B_pong_42' to 'kernel_gemm_localcZC' due to the length limit 20
INFO: [SYN 201-210] Renamed object name 'kernel_gemm_local_B_pong_43' to 'kernel_gemm_localc0C' due to the length limit 20
INFO: [SYN 201-210] Renamed object name 'kernel_gemm_local_B_pong_44' to 'kernel_gemm_localc1C' due to the length limit 20
INFO: [SYN 201-210] Renamed object name 'kernel_gemm_local_B_pong_45' to 'kernel_gemm_localc2C' due to the length limit 20
INFO: [SYN 201-210] Renamed object name 'kernel_gemm_local_B_pong_46' to 'kernel_gemm_localc3C' due to the length limit 20
INFO: [SYN 201-210] Renamed object name 'kernel_gemm_local_B_pong_47' to 'kernel_gemm_localc4D' due to the length limit 20
INFO: [SYN 201-210] Renamed object name 'kernel_gemm_local_B_pong_48' to 'kernel_gemm_localc5D' due to the length limit 20
INFO: [SYN 201-210] Renamed object name 'kernel_gemm_local_B_pong_49' to 'kernel_gemm_localc6D' due to the length limit 20
INFO: [SYN 201-210] Renamed object name 'kernel_gemm_local_B_pong_50' to 'kernel_gemm_localc7D' due to the length limit 20
INFO: [SYN 201-210] Renamed object name 'kernel_gemm_local_B_pong_51' to 'kernel_gemm_localc8D' due to the length limit 20
INFO: [SYN 201-210] Renamed object name 'kernel_gemm_local_B_pong_52' to 'kernel_gemm_localc9D' due to the length limit 20
INFO: [SYN 201-210] Renamed object name 'kernel_gemm_local_B_pong_53' to 'kernel_gemm_localdaE' due to the length limit 20
INFO: [SYN 201-210] Renamed object name 'kernel_gemm_local_B_pong_54' to 'kernel_gemm_localdbE' due to the length limit 20
INFO: [SYN 201-210] Renamed object name 'kernel_gemm_local_B_pong_55' to 'kernel_gemm_localdcE' due to the length limit 20
INFO: [SYN 201-210] Renamed object name 'kernel_gemm_local_B_pong_56' to 'kernel_gemm_localddE' due to the length limit 20
INFO: [SYN 201-210] Renamed object name 'kernel_gemm_local_B_pong_57' to 'kernel_gemm_localdeE' due to the length limit 20
WARNING: [RTGEN 206-101] RTL name 'kernel_gemm_localdeE' is changed to 'kernel_gemm_localdeE_x' due to conflict.
INFO: [SYN 201-210] Renamed object name 'kernel_gemm_local_B_pong_58' to 'kernel_gemm_localdfE' due to the length limit 20
INFO: [SYN 201-210] Renamed object name 'kernel_gemm_local_B_pong_59' to 'kernel_gemm_localdgE' due to the length limit 20
INFO: [SYN 201-210] Renamed object name 'kernel_gemm_local_B_pong_60' to 'kernel_gemm_localdhF' due to the length limit 20
INFO: [SYN 201-210] Renamed object name 'kernel_gemm_local_B_pong_61' to 'kernel_gemm_localdiF' due to the length limit 20
INFO: [SYN 201-210] Renamed object name 'kernel_gemm_local_B_pong_62' to 'kernel_gemm_localdjF' due to the length limit 20
INFO: [SYN 201-210] Renamed object name 'kernel_gemm_local_B_pong_63' to 'kernel_gemm_localdkF' due to the length limit 20
INFO: [SYN 201-210] Renamed object name 'kernel_gemm_local_B_pong_64' to 'kernel_gemm_localdlF' due to the length limit 20
INFO: [SYN 201-210] Renamed object name 'kernel_gemm_local_B_pong_65' to 'kernel_gemm_localdmF' due to the length limit 20
INFO: [SYN 201-210] Renamed object name 'kernel_gemm_local_B_pong_66' to 'kernel_gemm_localdnG' due to the length limit 20
INFO: [SYN 201-210] Renamed object name 'kernel_gemm_local_B_pong_67' to 'kernel_gemm_localdoG' due to the length limit 20
INFO: [SYN 201-210] Renamed object name 'kernel_gemm_local_B_pong_68' to 'kernel_gemm_localdpG' due to the length limit 20
INFO: [SYN 201-210] Renamed object name 'kernel_gemm_local_B_pong_69' to 'kernel_gemm_localdqG' due to the length limit 20
INFO: [SYN 201-210] Renamed object name 'kernel_gemm_local_B_pong_70' to 'kernel_gemm_localdrG' due to the length limit 20
INFO: [SYN 201-210] Renamed object name 'kernel_gemm_local_B_pong_71' to 'kernel_gemm_localdsG' due to the length limit 20
INFO: [SYN 201-210] Renamed object name 'kernel_gemm_local_B_pong_72' to 'kernel_gemm_localdtH' due to the length limit 20
INFO: [SYN 201-210] Renamed object name 'kernel_gemm_local_B_pong_73' to 'kernel_gemm_localduH' due to the length limit 20
INFO: [SYN 201-210] Renamed object name 'kernel_gemm_local_B_pong_74' to 'kernel_gemm_localdvH' due to the length limit 20
INFO: [SYN 201-210] Renamed object name 'kernel_gemm_local_B_pong_75' to 'kernel_gemm_localdwH' due to the length limit 20
INFO: [SYN 201-210] Renamed object name 'kernel_gemm_local_B_pong_76' to 'kernel_gemm_localdxH' due to the length limit 20
INFO: [SYN 201-210] Renamed object name 'kernel_gemm_local_B_pong_77' to 'kernel_gemm_localdyH' due to the length limit 20
INFO: [SYN 201-210] Renamed object name 'kernel_gemm_local_B_pong_78' to 'kernel_gemm_localdzI' due to the length limit 20
INFO: [SYN 201-210] Renamed object name 'kernel_gemm_local_B_pong_79' to 'kernel_gemm_localdAI' due to the length limit 20
INFO: [SYN 201-210] Renamed object name 'kernel_gemm_local_B_pong_80' to 'kernel_gemm_localdBI' due to the length limit 20
INFO: [SYN 201-210] Renamed object name 'kernel_gemm_local_B_pong_81' to 'kernel_gemm_localdCI' due to the length limit 20
INFO: [SYN 201-210] Renamed object name 'kernel_gemm_local_B_pong_82' to 'kernel_gemm_localdDI' due to the length limit 20
INFO: [SYN 201-210] Renamed object name 'kernel_gemm_local_B_pong_83' to 'kernel_gemm_localdEI' due to the length limit 20
INFO: [SYN 201-210] Renamed object name 'kernel_gemm_local_B_pong_84' to 'kernel_gemm_localdFJ' due to the length limit 20
INFO: [SYN 201-210] Renamed object name 'kernel_gemm_local_B_pong_85' to 'kernel_gemm_localdGJ' due to the length limit 20
INFO: [SYN 201-210] Renamed object name 'kernel_gemm_local_B_pong_86' to 'kernel_gemm_localdHJ' due to the length limit 20
INFO: [SYN 201-210] Renamed object name 'kernel_gemm_local_B_pong_87' to 'kernel_gemm_localdIJ' due to the length limit 20
INFO: [SYN 201-210] Renamed object name 'kernel_gemm_local_B_pong_88' to 'kernel_gemm_localdJJ' due to the length limit 20
INFO: [SYN 201-210] Renamed object name 'kernel_gemm_local_B_pong_89' to 'kernel_gemm_localdKJ' due to the length limit 20
INFO: [SYN 201-210] Renamed object name 'kernel_gemm_local_B_pong_90' to 'kernel_gemm_localdLJ' due to the length limit 20
INFO: [SYN 201-210] Renamed object name 'kernel_gemm_local_B_pong_91' to 'kernel_gemm_localdMK' due to the length limit 20
INFO: [SYN 201-210] Renamed object name 'kernel_gemm_local_B_pong_92' to 'kernel_gemm_localdNK' due to the length limit 20
INFO: [SYN 201-210] Renamed object name 'kernel_gemm_local_B_pong_93' to 'kernel_gemm_localdOK' due to the length limit 20
INFO: [SYN 201-210] Renamed object name 'kernel_gemm_local_B_pong_94' to 'kernel_gemm_localdPK' due to the length limit 20
INFO: [SYN 201-210] Renamed object name 'kernel_gemm_local_B_pong_95' to 'kernel_gemm_localdQK' due to the length limit 20
INFO: [SYN 201-210] Renamed object name 'kernel_gemm_local_B_pong_96' to 'kernel_gemm_localdRK' due to the length limit 20
INFO: [SYN 201-210] Renamed object name 'kernel_gemm_local_B_pong_97' to 'kernel_gemm_localdSL' due to the length limit 20
INFO: [SYN 201-210] Renamed object name 'kernel_gemm_local_B_pong_98' to 'kernel_gemm_localdTL' due to the length limit 20
INFO: [SYN 201-210] Renamed object name 'kernel_gemm_local_B_pong_99' to 'kernel_gemm_localdUL' due to the length limit 20
INFO: [SYN 201-210] Renamed object name 'kernel_gemm_local_B_pong_100' to 'kernel_gemm_localdVL' due to the length limit 20
INFO: [SYN 201-210] Renamed object name 'kernel_gemm_local_B_pong_101' to 'kernel_gemm_localdWL' due to the length limit 20
INFO: [SYN 201-210] Renamed object name 'kernel_gemm_local_B_pong_102' to 'kernel_gemm_localdXL' due to the length limit 20
INFO: [SYN 201-210] Renamed object name 'kernel_gemm_local_B_pong_103' to 'kernel_gemm_localdYM' due to the length limit 20
INFO: [SYN 201-210] Renamed object name 'kernel_gemm_local_B_pong_104' to 'kernel_gemm_localdZM' due to the length limit 20
INFO: [SYN 201-210] Renamed object name 'kernel_gemm_local_B_pong_105' to 'kernel_gemm_locald0M' due to the length limit 20
INFO: [SYN 201-210] Renamed object name 'kernel_gemm_local_B_pong_106' to 'kernel_gemm_locald1M' due to the length limit 20
INFO: [SYN 201-210] Renamed object name 'kernel_gemm_local_B_pong_107' to 'kernel_gemm_locald2M' due to the length limit 20
INFO: [SYN 201-210] Renamed object name 'kernel_gemm_local_B_pong_108' to 'kernel_gemm_locald3M' due to the length limit 20
INFO: [SYN 201-210] Renamed object name 'kernel_gemm_local_B_pong_109' to 'kernel_gemm_locald4N' due to the length limit 20
INFO: [SYN 201-210] Renamed object name 'kernel_gemm_local_B_pong_110' to 'kernel_gemm_locald5N' due to the length limit 20
INFO: [SYN 201-210] Renamed object name 'kernel_gemm_local_B_pong_111' to 'kernel_gemm_locald6N' due to the length limit 20
INFO: [SYN 201-210] Renamed object name 'kernel_gemm_local_B_pong_112' to 'kernel_gemm_locald7N' due to the length limit 20
INFO: [SYN 201-210] Renamed object name 'kernel_gemm_local_B_pong_113' to 'kernel_gemm_locald8N' due to the length limit 20
INFO: [SYN 201-210] Renamed object name 'kernel_gemm_local_B_pong_114' to 'kernel_gemm_locald9N' due to the length limit 20
INFO: [SYN 201-210] Renamed object name 'kernel_gemm_local_B_pong_115' to 'kernel_gemm_localeaO' due to the length limit 20
INFO: [SYN 201-210] Renamed object name 'kernel_gemm_local_B_pong_116' to 'kernel_gemm_localebO' due to the length limit 20
INFO: [SYN 201-210] Renamed object name 'kernel_gemm_local_B_pong_117' to 'kernel_gemm_localecO' due to the length limit 20
INFO: [SYN 201-210] Renamed object name 'kernel_gemm_local_B_pong_118' to 'kernel_gemm_localedO' due to the length limit 20
INFO: [SYN 201-210] Renamed object name 'kernel_gemm_local_B_pong_119' to 'kernel_gemm_localeeO' due to the length limit 20
INFO: [SYN 201-210] Renamed object name 'kernel_gemm_local_B_pong_120' to 'kernel_gemm_localefO' due to the length limit 20
INFO: [SYN 201-210] Renamed object name 'kernel_gemm_local_B_pong_121' to 'kernel_gemm_localegO' due to the length limit 20
INFO: [SYN 201-210] Renamed object name 'kernel_gemm_local_B_pong_122' to 'kernel_gemm_localehP' due to the length limit 20
INFO: [SYN 201-210] Renamed object name 'kernel_gemm_local_B_pong_123' to 'kernel_gemm_localeiP' due to the length limit 20
INFO: [SYN 201-210] Renamed object name 'kernel_gemm_local_B_pong_124' to 'kernel_gemm_localejP' due to the length limit 20
INFO: [SYN 201-210] Renamed object name 'kernel_gemm_local_B_pong_125' to 'kernel_gemm_localekP' due to the length limit 20
INFO: [SYN 201-210] Renamed object name 'kernel_gemm_local_B_pong_126' to 'kernel_gemm_localelP' due to the length limit 20
INFO: [SYN 201-210] Renamed object name 'kernel_gemm_local_B_pong_127' to 'kernel_gemm_localemP' due to the length limit 20
INFO: [SYN 201-210] Renamed object name 'kernel_gemm_local_C_0' to 'kernel_gemm_localenQ' due to the length limit 20
INFO: [SYN 201-210] Renamed object name 'kernel_gemm_local_C_1' to 'kernel_gemm_localeoQ' due to the length limit 20
INFO: [SYN 201-210] Renamed object name 'kernel_gemm_local_C_2' to 'kernel_gemm_localepQ' due to the length limit 20
INFO: [SYN 201-210] Renamed object name 'kernel_gemm_local_C_3' to 'kernel_gemm_localeqQ' due to the length limit 20
INFO: [SYN 201-210] Renamed object name 'kernel_gemm_local_C_4' to 'kernel_gemm_localerQ' due to the length limit 20
INFO: [SYN 201-210] Renamed object name 'kernel_gemm_local_C_5' to 'kernel_gemm_localesQ' due to the length limit 20
INFO: [SYN 201-210] Renamed object name 'kernel_gemm_local_C_6' to 'kernel_gemm_localetR' due to the length limit 20
INFO: [SYN 201-210] Renamed object name 'kernel_gemm_local_C_7' to 'kernel_gemm_localeuR' due to the length limit 20
INFO: [SYN 201-210] Renamed object name 'kernel_gemm_local_C_8' to 'kernel_gemm_localevR' due to the length limit 20
INFO: [SYN 201-210] Renamed object name 'kernel_gemm_local_C_9' to 'kernel_gemm_localewR' due to the length limit 20
INFO: [SYN 201-210] Renamed object name 'kernel_gemm_local_C_10' to 'kernel_gemm_localexR' due to the length limit 20
INFO: [SYN 201-210] Renamed object name 'kernel_gemm_local_C_11' to 'kernel_gemm_localeyR' due to the length limit 20
INFO: [SYN 201-210] Renamed object name 'kernel_gemm_local_C_12' to 'kernel_gemm_localezS' due to the length limit 20
INFO: [SYN 201-210] Renamed object name 'kernel_gemm_local_C_13' to 'kernel_gemm_localeAS' due to the length limit 20
INFO: [SYN 201-210] Renamed object name 'kernel_gemm_local_C_14' to 'kernel_gemm_localeBS' due to the length limit 20
INFO: [SYN 201-210] Renamed object name 'kernel_gemm_local_C_15' to 'kernel_gemm_localeCS' due to the length limit 20
INFO: [SYN 201-210] Renamed object name 'kernel_gemm_local_C_16' to 'kernel_gemm_localeDS' due to the length limit 20
INFO: [SYN 201-210] Renamed object name 'kernel_gemm_local_C_17' to 'kernel_gemm_localeES' due to the length limit 20
INFO: [SYN 201-210] Renamed object name 'kernel_gemm_local_C_18' to 'kernel_gemm_localeFT' due to the length limit 20
INFO: [SYN 201-210] Renamed object name 'kernel_gemm_local_C_19' to 'kernel_gemm_localeGT' due to the length limit 20
INFO: [SYN 201-210] Renamed object name 'kernel_gemm_local_C_20' to 'kernel_gemm_localeHT' due to the length limit 20
INFO: [SYN 201-210] Renamed object name 'kernel_gemm_local_C_21' to 'kernel_gemm_localeIT' due to the length limit 20
INFO: [SYN 201-210] Renamed object name 'kernel_gemm_local_C_22' to 'kernel_gemm_localeJT' due to the length limit 20
INFO: [SYN 201-210] Renamed object name 'kernel_gemm_local_C_23' to 'kernel_gemm_localeKT' due to the length limit 20
INFO: [SYN 201-210] Renamed object name 'kernel_gemm_local_C_24' to 'kernel_gemm_localeLT' due to the length limit 20
INFO: [SYN 201-210] Renamed object name 'kernel_gemm_local_C_25' to 'kernel_gemm_localeMU' due to the length limit 20
INFO: [SYN 201-210] Renamed object name 'kernel_gemm_local_C_26' to 'kernel_gemm_localeNU' due to the length limit 20
INFO: [SYN 201-210] Renamed object name 'kernel_gemm_local_C_27' to 'kernel_gemm_localeOU' due to the length limit 20
INFO: [SYN 201-210] Renamed object name 'kernel_gemm_local_C_28' to 'kernel_gemm_localePU' due to the length limit 20
INFO: [SYN 201-210] Renamed object name 'kernel_gemm_local_C_29' to 'kernel_gemm_localeQU' due to the length limit 20
INFO: [SYN 201-210] Renamed object name 'kernel_gemm_local_C_30' to 'kernel_gemm_localeRU' due to the length limit 20
INFO: [SYN 201-210] Renamed object name 'kernel_gemm_local_C_31' to 'kernel_gemm_localeSV' due to the length limit 20
INFO: [SYN 201-210] Renamed object name 'kernel_gemm_local_C_32' to 'kernel_gemm_localeTV' due to the length limit 20
INFO: [SYN 201-210] Renamed object name 'kernel_gemm_local_C_33' to 'kernel_gemm_localeUV' due to the length limit 20
INFO: [SYN 201-210] Renamed object name 'kernel_gemm_local_C_34' to 'kernel_gemm_localeVV' due to the length limit 20
INFO: [SYN 201-210] Renamed object name 'kernel_gemm_local_C_35' to 'kernel_gemm_localeWV' due to the length limit 20
INFO: [SYN 201-210] Renamed object name 'kernel_gemm_local_C_36' to 'kernel_gemm_localeXV' due to the length limit 20
INFO: [SYN 201-210] Renamed object name 'kernel_gemm_local_C_37' to 'kernel_gemm_localeYW' due to the length limit 20
INFO: [SYN 201-210] Renamed object name 'kernel_gemm_local_C_38' to 'kernel_gemm_localeZW' due to the length limit 20
INFO: [SYN 201-210] Renamed object name 'kernel_gemm_local_C_39' to 'kernel_gemm_locale0W' due to the length limit 20
INFO: [SYN 201-210] Renamed object name 'kernel_gemm_local_C_40' to 'kernel_gemm_locale1W' due to the length limit 20
INFO: [SYN 201-210] Renamed object name 'kernel_gemm_local_C_41' to 'kernel_gemm_locale2W' due to the length limit 20
INFO: [SYN 201-210] Renamed object name 'kernel_gemm_local_C_42' to 'kernel_gemm_locale3W' due to the length limit 20
INFO: [SYN 201-210] Renamed object name 'kernel_gemm_local_C_43' to 'kernel_gemm_locale4X' due to the length limit 20
INFO: [SYN 201-210] Renamed object name 'kernel_gemm_local_C_44' to 'kernel_gemm_locale5X' due to the length limit 20
INFO: [SYN 201-210] Renamed object name 'kernel_gemm_local_C_45' to 'kernel_gemm_locale6X' due to the length limit 20
INFO: [SYN 201-210] Renamed object name 'kernel_gemm_local_C_46' to 'kernel_gemm_locale7X' due to the length limit 20
INFO: [SYN 201-210] Renamed object name 'kernel_gemm_local_C_47' to 'kernel_gemm_locale8X' due to the length limit 20
INFO: [SYN 201-210] Renamed object name 'kernel_gemm_local_C_48' to 'kernel_gemm_locale9X' due to the length limit 20
INFO: [SYN 201-210] Renamed object name 'kernel_gemm_local_C_49' to 'kernel_gemm_localfaY' due to the length limit 20
INFO: [SYN 201-210] Renamed object name 'kernel_gemm_local_C_50' to 'kernel_gemm_localfbY' due to the length limit 20
INFO: [SYN 201-210] Renamed object name 'kernel_gemm_local_C_51' to 'kernel_gemm_localfcY' due to the length limit 20
INFO: [SYN 201-210] Renamed object name 'kernel_gemm_local_C_52' to 'kernel_gemm_localfdY' due to the length limit 20
INFO: [SYN 201-210] Renamed object name 'kernel_gemm_local_C_53' to 'kernel_gemm_localfeY' due to the length limit 20
INFO: [SYN 201-210] Renamed object name 'kernel_gemm_local_C_54' to 'kernel_gemm_localffY' due to the length limit 20
INFO: [SYN 201-210] Renamed object name 'kernel_gemm_local_C_55' to 'kernel_gemm_localfgY' due to the length limit 20
INFO: [SYN 201-210] Renamed object name 'kernel_gemm_local_C_56' to 'kernel_gemm_localfhZ' due to the length limit 20
INFO: [SYN 201-210] Renamed object name 'kernel_gemm_local_C_57' to 'kernel_gemm_localfiZ' due to the length limit 20
INFO: [SYN 201-210] Renamed object name 'kernel_gemm_local_C_58' to 'kernel_gemm_localfjZ' due to the length limit 20
INFO: [SYN 201-210] Renamed object name 'kernel_gemm_local_C_59' to 'kernel_gemm_localfkZ' due to the length limit 20
INFO: [SYN 201-210] Renamed object name 'kernel_gemm_local_C_60' to 'kernel_gemm_localflZ' due to the length limit 20
INFO: [SYN 201-210] Renamed object name 'kernel_gemm_local_C_61' to 'kernel_gemm_localfmZ' due to the length limit 20
INFO: [SYN 201-210] Renamed object name 'kernel_gemm_local_C_62' to 'kernel_gemm_localfn0' due to the length limit 20
INFO: [SYN 201-210] Renamed object name 'kernel_gemm_local_C_63' to 'kernel_gemm_localfo0' due to the length limit 20
INFO: [SYN 201-210] Renamed object name 'kernel_gemm_local_C_64' to 'kernel_gemm_localfp0' due to the length limit 20
INFO: [SYN 201-210] Renamed object name 'kernel_gemm_local_C_65' to 'kernel_gemm_localfq0' due to the length limit 20
INFO: [SYN 201-210] Renamed object name 'kernel_gemm_local_C_66' to 'kernel_gemm_localfr0' due to the length limit 20
INFO: [SYN 201-210] Renamed object name 'kernel_gemm_local_C_67' to 'kernel_gemm_localfs0' due to the length limit 20
INFO: [SYN 201-210] Renamed object name 'kernel_gemm_local_C_68' to 'kernel_gemm_localft1' due to the length limit 20
INFO: [SYN 201-210] Renamed object name 'kernel_gemm_local_C_69' to 'kernel_gemm_localfu1' due to the length limit 20
INFO: [SYN 201-210] Renamed object name 'kernel_gemm_local_C_70' to 'kernel_gemm_localfv1' due to the length limit 20
INFO: [SYN 201-210] Renamed object name 'kernel_gemm_local_C_71' to 'kernel_gemm_localfw1' due to the length limit 20
INFO: [SYN 201-210] Renamed object name 'kernel_gemm_local_C_72' to 'kernel_gemm_localfx1' due to the length limit 20
INFO: [SYN 201-210] Renamed object name 'kernel_gemm_local_C_73' to 'kernel_gemm_localfy1' due to the length limit 20
INFO: [SYN 201-210] Renamed object name 'kernel_gemm_local_C_74' to 'kernel_gemm_localfz2' due to the length limit 20
INFO: [SYN 201-210] Renamed object name 'kernel_gemm_local_C_75' to 'kernel_gemm_localfA2' due to the length limit 20
INFO: [SYN 201-210] Renamed object name 'kernel_gemm_local_C_76' to 'kernel_gemm_localfB2' due to the length limit 20
INFO: [SYN 201-210] Renamed object name 'kernel_gemm_local_C_77' to 'kernel_gemm_localfC2' due to the length limit 20
INFO: [SYN 201-210] Renamed object name 'kernel_gemm_local_C_78' to 'kernel_gemm_localfD2' due to the length limit 20
INFO: [SYN 201-210] Renamed object name 'kernel_gemm_local_C_79' to 'kernel_gemm_localfE2' due to the length limit 20
INFO: [SYN 201-210] Renamed object name 'kernel_gemm_local_C_80' to 'kernel_gemm_localfF3' due to the length limit 20
INFO: [SYN 201-210] Renamed object name 'kernel_gemm_local_C_81' to 'kernel_gemm_localfG3' due to the length limit 20
INFO: [SYN 201-210] Renamed object name 'kernel_gemm_local_C_82' to 'kernel_gemm_localfH3' due to the length limit 20
INFO: [SYN 201-210] Renamed object name 'kernel_gemm_local_C_83' to 'kernel_gemm_localfI3' due to the length limit 20
INFO: [SYN 201-210] Renamed object name 'kernel_gemm_local_C_84' to 'kernel_gemm_localfJ3' due to the length limit 20
INFO: [SYN 201-210] Renamed object name 'kernel_gemm_local_C_85' to 'kernel_gemm_localfK3' due to the length limit 20
INFO: [SYN 201-210] Renamed object name 'kernel_gemm_local_C_86' to 'kernel_gemm_localfL3' due to the length limit 20
INFO: [SYN 201-210] Renamed object name 'kernel_gemm_local_C_87' to 'kernel_gemm_localfM4' due to the length limit 20
INFO: [SYN 201-210] Renamed object name 'kernel_gemm_local_C_88' to 'kernel_gemm_localfN4' due to the length limit 20
INFO: [SYN 201-210] Renamed object name 'kernel_gemm_local_C_89' to 'kernel_gemm_localfO4' due to the length limit 20
INFO: [SYN 201-210] Renamed object name 'kernel_gemm_local_C_90' to 'kernel_gemm_localfP4' due to the length limit 20
INFO: [SYN 201-210] Renamed object name 'kernel_gemm_local_C_91' to 'kernel_gemm_localfQ4' due to the length limit 20
INFO: [SYN 201-210] Renamed object name 'kernel_gemm_local_C_92' to 'kernel_gemm_localfR4' due to the length limit 20
INFO: [SYN 201-210] Renamed object name 'kernel_gemm_local_C_93' to 'kernel_gemm_localfS5' due to the length limit 20
INFO: [SYN 201-210] Renamed object name 'kernel_gemm_local_C_94' to 'kernel_gemm_localfT5' due to the length limit 20
INFO: [SYN 201-210] Renamed object name 'kernel_gemm_local_C_95' to 'kernel_gemm_localfU5' due to the length limit 20
INFO: [SYN 201-210] Renamed object name 'kernel_gemm_local_C_96' to 'kernel_gemm_localfV5' due to the length limit 20
INFO: [SYN 201-210] Renamed object name 'kernel_gemm_local_C_97' to 'kernel_gemm_localfW5' due to the length limit 20
INFO: [SYN 201-210] Renamed object name 'kernel_gemm_local_C_98' to 'kernel_gemm_localfX5' due to the length limit 20
INFO: [SYN 201-210] Renamed object name 'kernel_gemm_local_C_99' to 'kernel_gemm_localfY6' due to the length limit 20
INFO: [SYN 201-210] Renamed object name 'kernel_gemm_local_C_100' to 'kernel_gemm_localfZ6' due to the length limit 20
INFO: [SYN 201-210] Renamed object name 'kernel_gemm_local_C_101' to 'kernel_gemm_localf06' due to the length limit 20
INFO: [SYN 201-210] Renamed object name 'kernel_gemm_local_C_102' to 'kernel_gemm_localf16' due to the length limit 20
INFO: [SYN 201-210] Renamed object name 'kernel_gemm_local_C_103' to 'kernel_gemm_localf26' due to the length limit 20
INFO: [SYN 201-210] Renamed object name 'kernel_gemm_local_C_104' to 'kernel_gemm_localf36' due to the length limit 20
INFO: [SYN 201-210] Renamed object name 'kernel_gemm_local_C_105' to 'kernel_gemm_localf47' due to the length limit 20
INFO: [SYN 201-210] Renamed object name 'kernel_gemm_local_C_106' to 'kernel_gemm_localf57' due to the length limit 20
INFO: [SYN 201-210] Renamed object name 'kernel_gemm_local_C_107' to 'kernel_gemm_localf67' due to the length limit 20
INFO: [SYN 201-210] Renamed object name 'kernel_gemm_local_C_108' to 'kernel_gemm_localf77' due to the length limit 20
INFO: [SYN 201-210] Renamed object name 'kernel_gemm_local_C_109' to 'kernel_gemm_localf87' due to the length limit 20
INFO: [SYN 201-210] Renamed object name 'kernel_gemm_local_C_110' to 'kernel_gemm_localf97' due to the length limit 20
INFO: [SYN 201-210] Renamed object name 'kernel_gemm_local_C_111' to 'kernel_gemm_localga8' due to the length limit 20
INFO: [SYN 201-210] Renamed object name 'kernel_gemm_local_C_112' to 'kernel_gemm_localgb8' due to the length limit 20
INFO: [SYN 201-210] Renamed object name 'kernel_gemm_local_C_113' to 'kernel_gemm_localgc8' due to the length limit 20
INFO: [SYN 201-210] Renamed object name 'kernel_gemm_local_C_114' to 'kernel_gemm_localgd8' due to the length limit 20
INFO: [SYN 201-210] Renamed object name 'kernel_gemm_local_C_115' to 'kernel_gemm_localge8' due to the length limit 20
INFO: [SYN 201-210] Renamed object name 'kernel_gemm_local_C_116' to 'kernel_gemm_localgf8' due to the length limit 20
INFO: [SYN 201-210] Renamed object name 'kernel_gemm_local_C_117' to 'kernel_gemm_localgg8' due to the length limit 20
INFO: [SYN 201-210] Renamed object name 'kernel_gemm_local_C_118' to 'kernel_gemm_localgh9' due to the length limit 20
INFO: [SYN 201-210] Renamed object name 'kernel_gemm_local_C_119' to 'kernel_gemm_localgi9' due to the length limit 20
INFO: [SYN 201-210] Renamed object name 'kernel_gemm_local_C_120' to 'kernel_gemm_localgj9' due to the length limit 20
INFO: [SYN 201-210] Renamed object name 'kernel_gemm_local_C_121' to 'kernel_gemm_localgk9' due to the length limit 20
INFO: [SYN 201-210] Renamed object name 'kernel_gemm_local_C_122' to 'kernel_gemm_localgl9' due to the length limit 20
INFO: [SYN 201-210] Renamed object name 'kernel_gemm_local_C_123' to 'kernel_gemm_localgm9' due to the length limit 20
INFO: [SYN 201-210] Renamed object name 'kernel_gemm_local_C_124' to 'kernel_gemm_localgnb' due to the length limit 20
INFO: [SYN 201-210] Renamed object name 'kernel_gemm_local_C_125' to 'kernel_gemm_localgob' due to the length limit 20
INFO: [SYN 201-210] Renamed object name 'kernel_gemm_local_C_126' to 'kernel_gemm_localgpb' due to the length limit 20
INFO: [SYN 201-210] Renamed object name 'kernel_gemm_local_C_127' to 'kernel_gemm_localgqb' due to the length limit 20
INFO: [SYN 201-210] Renamed object name 'kernel_gemm_mux_1287_32_1_1' to 'kernel_gemm_mux_1grb' due to the length limit 20
INFO: [RTGEN 206-104] Estimated max fanout for 'kernel_gemm' is 6207, found 3 HDL expressions with this fanout: (1'b1 == ap_CS_fsm_state20), (icmp_ln75_reg_6185 == 1'd0), (icmp_ln75_reg_6185 == 1'd1)
INFO: [RTGEN 206-100] Generating core module 'kernel_gemm_fmul_cud': 1 instance(s).
INFO: [RTGEN 206-100] Generating core module 'kernel_gemm_mux_1grb': 1 instance(s).
INFO: [RTGEN 206-100] Finished creating RTL model for 'kernel_gemm'.
INFO: [HLS 200-111]  Elapsed time: 8.76 seconds; current allocated memory: 285.848 MB.
INFO: [HLS 200-790] **** Loop Constraint Status: All loop constraints were satisfied.
INFO: [HLS 200-789] **** Estimated Fmax: 343.20 MHz
INFO: [RTMG 210-278] Implementing memory 'kernel_gemm_localdEe_ram (RAM)' using block RAMs.
INFO: [RTMG 210-278] Implementing memory 'kernel_gemm_localeOg_ram (RAM)' using block RAMs.
INFO: [RTMG 210-278] Implementing memory 'kernel_gemm_localenQ_ram (RAM)' using block RAMs.
INFO: [HLS 200-111] Finished generating all RTL models Time (s): cpu = 00:00:40 ; elapsed = 00:00:45 . Memory (MB): peak = 1697.363 ; gain = 1236.863 ; free physical = 113576 ; free virtual = 190065
INFO: [VHDL 208-304] Generating VHDL RTL for kernel_gemm.
INFO: [VLOG 209-307] Generating Verilog RTL for kernel_gemm.
INFO: [HLS 200-112] Total elapsed time: 45.24 seconds; peak allocated memory: 285.848 MB.
INFO: [Common 17-206] Exiting vivado_hls at Wed Mar 17 06:05:35 2021...
